#
# There is insufficient memory for the Java Runtime Environment to continue.
# Native memory allocation (mmap) failed to map 89128960 bytes. Error detail: G1 virtual space
# Possible reasons:
#   The system is out of physical RAM or swap space
#   This process is running with CompressedOops enabled, and the Java Heap may be blocking the growth of the native heap
# Possible solutions:
#   Reduce memory load on the system
#   Increase physical memory or swap space
#   Check if swap backing store is full
#   Decrease Java heap size (-Xmx/-Xms)
#   Decrease number of Java threads
#   Decrease Java thread stack sizes (-Xss)
#   Set larger code cache with -XX:ReservedCodeCacheSize=
#   JVM is running with Unscaled Compressed Oops mode in which the Java heap is
#     placed in the first 4GB address space. The Java Heap base address is the
#     maximum limit for the native heap growth. Please use -XX:HeapBaseMinAddress
#     to set the Java Heap base and to place the Java Heap above 4GB virtual address.
# This output file may be truncated or incomplete.
#
#  Out of Memory Error (os_windows.cpp:3713), pid=8008, tid=5724
#
# JRE version: OpenJDK Runtime Environment Corretto-21.0.9.10.1 (21.0.9+10) (build 21.0.9+10-LTS)
# Java VM: OpenJDK 64-Bit Server VM Corretto-21.0.9.10.1 (21.0.9+10-LTS, mixed mode, emulated-client, sharing, tiered, compressed oops, compressed class ptrs, g1 gc, windows-amd64)
# No core dump will be written. Minidumps are not enabled by default on client versions of Windows
#

---------------  S U M M A R Y ------------

Command Line: -Dquarkus-internal.serialized-app-model.path=C:\Users\User\Documents\Desenvolvimento\desafio-painel-investimentos-quarkus\target\quarkus\bootstrap\dev-app-model.dat -javaagent:C:\Users\User\.m2\repository\io\quarkus\quarkus-class-change-agent\3.15.3\quarkus-class-change-agent-3.15.3.jar -XX:TieredStopAtLevel=1 -agentlib:jdwp=transport=dt_socket,address=localhost:62305,server=y,suspend=n -Djava.util.logging.manager=org.jboss.logmanager.LogManager C:\Users\User\Documents\Desenvolvimento\desafio-painel-investimentos-quarkus\target\desafio-painel-investimentos-quarkus-dev.jar

Host: Intel(R) Core(TM) i3-5005U CPU @ 2.00GHz, 4 cores, 7G,  Windows 10 , 64 bit Build 19041 (10.0.19041.5915)
Time: Sun Nov 16 02:20:50 2025 Hora Padrão de Buenos Aires elapsed time: 4.209996 seconds (0d 0h 0m 4s)

---------------  T H R E A D  ---------------

Current thread (0x000001f58ff71020):  VMThread "VM Thread"          [id=5724, stack(0x0000008734600000,0x0000008734700000) (1024K)]

Stack: [0x0000008734600000,0x0000008734700000]
Native frames: (J=compiled Java code, j=interpreted, Vv=VM code, C=native code)
V  [jvm.dll+0x6de6a9]
V  [jvm.dll+0x8bbdeb]
V  [jvm.dll+0x8be37a]
V  [jvm.dll+0x8bea53]
V  [jvm.dll+0x28a1d6]
V  [jvm.dll+0x6db005]
V  [jvm.dll+0x6cefba]
V  [jvm.dll+0x36498e]
V  [jvm.dll+0x36c85b]
V  [jvm.dll+0x3be1c9]
V  [jvm.dll+0x3be46b]
V  [jvm.dll+0x338b57]
V  [jvm.dll+0x338be7]
V  [jvm.dll+0x37d0cc]
V  [jvm.dll+0x37b8ae]
V  [jvm.dll+0x3382b1]
V  [jvm.dll+0x37af1a]
V  [jvm.dll+0x8c47af]
V  [jvm.dll+0x8c5cbc]
V  [jvm.dll+0x8c6234]
V  [jvm.dll+0x8c6333]
V  [jvm.dll+0x865f4d]
V  [jvm.dll+0x6dcead]
C  [ucrtbase.dll+0x21bb2]
C  [KERNEL32.DLL+0x17374]
C  [ntdll.dll+0x4cc91]

VM_Operation (0x0000008733ffcc70): G1CollectForAllocation, mode: safepoint, requested by thread 0x000001f5ffcfc7e0


---------------  P R O C E S S  ---------------

Threads class SMR info:
_java_thread_list=0x000001f5d6866a80, length=19, elements={
0x000001f5ffcfc7e0, 0x000001f58ff8c310, 0x000001f58ff8e640, 0x000001f58ff8f7d0,
0x000001f58ff933a0, 0x000001f58ff96410, 0x000001f58ff98e70, 0x000001f58ff9ee10,
0x000001f5d50656d0, 0x000001f5d511c040, 0x000001f5d56326b0, 0x000001f5d5679640,
0x000001f5d567bde0, 0x000001f5d56c05a0, 0x000001f5d5842e30, 0x000001f5d5c0cb30,
0x000001f5d5c0bd70, 0x000001f5d67f1290, 0x000001f5d6893b20
}

Java Threads: ( => current thread )
  0x000001f5ffcfc7e0 JavaThread "main"                              [_thread_blocked, id=124, stack(0x0000008733f00000,0x0000008734000000) (1024K)]
  0x000001f58ff8c310 JavaThread "Reference Handler"          daemon [_thread_blocked, id=14192, stack(0x0000008734700000,0x0000008734800000) (1024K)]
  0x000001f58ff8e640 JavaThread "Finalizer"                  daemon [_thread_blocked, id=8524, stack(0x0000008734800000,0x0000008734900000) (1024K)]
  0x000001f58ff8f7d0 JavaThread "Signal Dispatcher"          daemon [_thread_blocked, id=9588, stack(0x0000008734900000,0x0000008734a00000) (1024K)]
  0x000001f58ff933a0 JavaThread "Attach Listener"            daemon [_thread_blocked, id=2960, stack(0x0000008734a00000,0x0000008734b00000) (1024K)]
  0x000001f58ff96410 JavaThread "Service Thread"             daemon [_thread_blocked, id=11420, stack(0x0000008734b00000,0x0000008734c00000) (1024K)]
  0x000001f58ff98e70 JavaThread "Monitor Deflation Thread"   daemon [_thread_blocked, id=8812, stack(0x0000008734c00000,0x0000008734d00000) (1024K)]
  0x000001f58ff9ee10 JavaThread "C1 CompilerThread0"         daemon [_thread_blocked, id=9436, stack(0x0000008734d00000,0x0000008734e00000) (1024K)]
  0x000001f5d50656d0 JavaThread "C1 CompilerThread1"         daemon [_thread_blocked, id=3240, stack(0x0000008734e00000,0x0000008734f00000) (1024K)]
  0x000001f5d511c040 JavaThread "Common-Cleaner"             daemon [_thread_blocked, id=120, stack(0x0000008734f00000,0x0000008735000000) (1024K)]
  0x000001f5d56326b0 JavaThread "JDWP Transport Listener: dt_socket" daemon [_thread_in_native, id=988, stack(0x0000008735000000,0x0000008735100000) (1024K)]
  0x000001f5d5679640 JavaThread "JDWP Event Helper Thread"   daemon [_thread_blocked, id=7980, stack(0x0000008735100000,0x0000008735200000) (1024K)]
  0x000001f5d567bde0 JavaThread "Notification Thread"        daemon [_thread_blocked, id=5828, stack(0x0000008735200000,0x0000008735300000) (1024K)]
  0x000001f5d56c05a0 JavaThread "Reference Reaper #1"        daemon [_thread_blocked, id=13876, stack(0x0000008735300000,0x0000008735400000) (1024K)]
  0x000001f5d5842e30 JavaThread "C1 CompilerThread2"         daemon [_thread_blocked, id=13356, stack(0x0000008735700000,0x0000008735800000) (1024K)]
  0x000001f5d5c0cb30 JavaThread "Quarkus Devmode keep alive thread"        [_thread_blocked, id=11764, stack(0x0000008735800000,0x0000008735900000) (1024K)]
  0x000001f5d5c0bd70 JavaThread "ForkJoinPool.commonPool-worker-1" daemon [_thread_blocked, id=14164, stack(0x0000008735900000,0x0000008735a00000) (1024K)]
  0x000001f5d67f1290 JavaThread "ForkJoinPool.commonPool-worker-2" daemon [_thread_blocked, id=9876, stack(0x0000008735a00000,0x0000008735b00000) (1024K)]
  0x000001f5d6893b20 JavaThread "ForkJoinPool.commonPool-worker-3" daemon [_thread_blocked, id=5124, stack(0x0000008735b00000,0x0000008735c00000) (1024K)]
Total: 19

Other Threads:
=>0x000001f58ff71020 VMThread "VM Thread"                           [id=5724, stack(0x0000008734600000,0x0000008734700000) (1024K)]
  0x000001f58ff617c0 WatcherThread "VM Periodic Task Thread"        [id=13884, stack(0x0000008734500000,0x0000008734600000) (1024K)]
  0x000001f5ffd53a50 WorkerThread "GC Thread#0"                     [id=8024, stack(0x0000008734000000,0x0000008734100000) (1024K)]
  0x000001f5d57da0f0 WorkerThread "GC Thread#1"                     [id=9348, stack(0x0000008735400000,0x0000008735500000) (1024K)]
  0x000001f5d57dc4a0 WorkerThread "GC Thread#2"                     [id=3668, stack(0x0000008735500000,0x0000008735600000) (1024K)]
  0x000001f5d57fa110 WorkerThread "GC Thread#3"                     [id=2560, stack(0x0000008735600000,0x0000008735700000) (1024K)]
  0x000001f5ffd64920 ConcurrentGCThread "G1 Main Marker"            [id=11428, stack(0x0000008734100000,0x0000008734200000) (1024K)]
  0x000001f5ffd65bc0 WorkerThread "G1 Conc#0"                       [id=3476, stack(0x0000008734200000,0x0000008734300000) (1024K)]
  0x000001f58fe224c0 ConcurrentGCThread "G1 Refine#0"               [id=4792, stack(0x0000008734300000,0x0000008734400000) (1024K)]
  0x000001f5ffdcda10 ConcurrentGCThread "G1 Service"                [id=1376, stack(0x0000008734400000,0x0000008734500000) (1024K)]
Total: 10

Threads with active compile tasks:
Total: 0

VM state: at safepoint (normal execution)

VM Mutex/Monitor currently owned by a thread:  ([mutex/lock_event])
[0x00007ffb5ebd5570] Threads_lock - owner thread: 0x000001f58ff71020
[0x00007ffb5ebd5670] Heap_lock - owner thread: 0x000001f5ffcfc7e0

Heap address: 0x0000000081600000, size: 2026 MB, Compressed Oops mode: 32-bit

CDS archive(s) mapped at: [0x000001f590000000-0x000001f590c80000-0x000001f590c80000), size 13107200, SharedBaseAddress: 0x000001f590000000, ArchiveRelocationMode: 1.
Compressed class space mapped at: 0x000001f591000000-0x000001f5d1000000, reserved size: 1073741824
Narrow klass base: 0x000001f590000000, Narrow klass shift: 0, Narrow klass range: 0x100000000

GC Precious Log:
 CardTable entry size: 512
 Card Set container configuration: InlinePtr #cards 5 size 8 Array Of Cards #cards 12 size 40 Howl #buckets 4 coarsen threshold 1843 Howl Bitmap #cards 512 size 80 coarsen threshold 460 Card regions per heap region 1 cards per card region 2048
 CPUs: 4 total, 4 available
 Memory: 8102M
 Large Page Support: Disabled
 NUMA Support: Disabled
 Compressed Oops: Enabled (32-bit)
 Heap Region Size: 1M
 Heap Min Capacity: 8M
 Heap Initial Capacity: 128M
 Heap Max Capacity: 2026M
 Pre-touch: Disabled
 Parallel Workers: 4
 Concurrent Workers: 1
 Concurrent Refinement Workers: 4
 Periodic GC: Disabled

Heap:
 garbage-first heap   total 131072K, used 50022K [0x0000000081600000, 0x0000000100000000)
  region size 1024K, 6 young (6144K), 6 survivors (6144K)
 Metaspace       used 9084K, committed 9472K, reserved 1114112K
  class space    used 1224K, committed 1408K, reserved 1048576K

Heap Regions: E=young(eden), S=young(survivor), O=old, HS=humongous(starts), HC=humongous(continues), CS=collection set, F=free, TAMS=top-at-mark-start, PB=parsable bottom
|   0|0x0000000081600000, 0x0000000081700000, 0x0000000081700000|100%| O|  |TAMS 0x0000000081600000| PB 0x0000000081600000| Untracked 
|   1|0x0000000081700000, 0x0000000081800000, 0x0000000081800000|100%| O|  |TAMS 0x0000000081700000| PB 0x0000000081700000| Untracked 
|   2|0x0000000081800000, 0x0000000081900000, 0x0000000081900000|100%|HS|  |TAMS 0x0000000081800000| PB 0x0000000081800000| Complete 
|   3|0x0000000081900000, 0x0000000081a00000, 0x0000000081a00000|100%|HS|  |TAMS 0x0000000081900000| PB 0x0000000081900000| Complete 
|   4|0x0000000081a00000, 0x0000000081b00000, 0x0000000081b00000|100%|HC|  |TAMS 0x0000000081a00000| PB 0x0000000081a00000| Complete 
|   5|0x0000000081b00000, 0x0000000081c00000, 0x0000000081c00000|100%| O|  |TAMS 0x0000000081b00000| PB 0x0000000081b00000| Untracked 
|   6|0x0000000081c00000, 0x0000000081d00000, 0x0000000081d00000|100%| O|  |TAMS 0x0000000081c00000| PB 0x0000000081c00000| Untracked 
|   7|0x0000000081d00000, 0x0000000081e00000, 0x0000000081e00000|100%| O|  |TAMS 0x0000000081d00000| PB 0x0000000081d00000| Untracked 
|   8|0x0000000081e00000, 0x0000000081f00000, 0x0000000081f00000|100%| O|  |TAMS 0x0000000081e00000| PB 0x0000000081e00000| Untracked 
|   9|0x0000000081f00000, 0x0000000082000000, 0x0000000082000000|100%| O|  |TAMS 0x0000000081f00000| PB 0x0000000081f00000| Untracked 
|  10|0x0000000082000000, 0x0000000082100000, 0x0000000082100000|100%| O|  |TAMS 0x0000000082000000| PB 0x0000000082000000| Untracked 
|  11|0x0000000082100000, 0x0000000082200000, 0x0000000082200000|100%| O|  |TAMS 0x0000000082100000| PB 0x0000000082100000| Untracked 
|  12|0x0000000082200000, 0x0000000082300000, 0x0000000082300000|100%| O|  |TAMS 0x0000000082200000| PB 0x0000000082200000| Untracked 
|  13|0x0000000082300000, 0x0000000082400000, 0x0000000082400000|100%| O|  |TAMS 0x0000000082300000| PB 0x0000000082300000| Untracked 
|  14|0x0000000082400000, 0x0000000082500000, 0x0000000082500000|100%| O|  |TAMS 0x0000000082400000| PB 0x0000000082400000| Untracked 
|  15|0x0000000082500000, 0x0000000082600000, 0x0000000082600000|100%| O|  |TAMS 0x0000000082500000| PB 0x0000000082500000| Untracked 
|  16|0x0000000082600000, 0x0000000082700000, 0x0000000082700000|100%| O|  |TAMS 0x0000000082600000| PB 0x0000000082600000| Untracked 
|  17|0x0000000082700000, 0x0000000082800000, 0x0000000082800000|100%| O|  |TAMS 0x0000000082700000| PB 0x0000000082700000| Untracked 
|  18|0x0000000082800000, 0x0000000082900000, 0x0000000082900000|100%| O|  |TAMS 0x0000000082800000| PB 0x0000000082800000| Untracked 
|  19|0x0000000082900000, 0x0000000082a00000, 0x0000000082a00000|100%| O|  |TAMS 0x0000000082900000| PB 0x0000000082900000| Untracked 
|  20|0x0000000082a00000, 0x0000000082b00000, 0x0000000082b00000|100%| O|  |TAMS 0x0000000082a00000| PB 0x0000000082a00000| Untracked 
|  21|0x0000000082b00000, 0x0000000082c00000, 0x0000000082c00000|100%| O|  |TAMS 0x0000000082b00000| PB 0x0000000082b00000| Untracked 
|  22|0x0000000082c00000, 0x0000000082d00000, 0x0000000082d00000|100%| O|  |TAMS 0x0000000082c00000| PB 0x0000000082c00000| Untracked 
|  23|0x0000000082d00000, 0x0000000082e00000, 0x0000000082e00000|100%| O|  |TAMS 0x0000000082d00000| PB 0x0000000082d00000| Untracked 
|  24|0x0000000082e00000, 0x0000000082f00000, 0x0000000082f00000|100%| O|  |TAMS 0x0000000082e00000| PB 0x0000000082e00000| Untracked 
|  25|0x0000000082f00000, 0x0000000083000000, 0x0000000083000000|100%| O|  |TAMS 0x0000000082f00000| PB 0x0000000082f00000| Untracked 
|  26|0x0000000083000000, 0x0000000083100000, 0x0000000083100000|100%| O|  |TAMS 0x0000000083000000| PB 0x0000000083000000| Untracked 
|  27|0x0000000083100000, 0x0000000083200000, 0x0000000083200000|100%| O|  |TAMS 0x0000000083100000| PB 0x0000000083100000| Untracked 
|  28|0x0000000083200000, 0x0000000083300000, 0x0000000083300000|100%| O|  |TAMS 0x0000000083200000| PB 0x0000000083200000| Untracked 
|  29|0x0000000083300000, 0x0000000083400000, 0x0000000083400000|100%|HS|  |TAMS 0x0000000083300000| PB 0x0000000083300000| Complete 
|  30|0x0000000083400000, 0x0000000083500000, 0x0000000083500000|100%| O|  |TAMS 0x0000000083400000| PB 0x0000000083400000| Untracked 
|  31|0x0000000083500000, 0x0000000083600000, 0x0000000083600000|100%| O|  |TAMS 0x0000000083500000| PB 0x0000000083500000| Untracked 
|  32|0x0000000083600000, 0x0000000083700000, 0x0000000083700000|100%| O|  |TAMS 0x0000000083600000| PB 0x0000000083600000| Untracked 
|  33|0x0000000083700000, 0x0000000083800000, 0x0000000083800000|100%| O|  |TAMS 0x0000000083700000| PB 0x0000000083700000| Untracked 
|  34|0x0000000083800000, 0x0000000083900000, 0x0000000083900000|100%| O|  |TAMS 0x0000000083800000| PB 0x0000000083800000| Untracked 
|  35|0x0000000083900000, 0x0000000083a00000, 0x0000000083a00000|100%| O|  |TAMS 0x0000000083900000| PB 0x0000000083900000| Untracked 
|  36|0x0000000083a00000, 0x0000000083b00000, 0x0000000083b00000|100%|HS|  |TAMS 0x0000000083a00000| PB 0x0000000083a00000| Complete 
|  37|0x0000000083b00000, 0x0000000083c00000, 0x0000000083c00000|100%| O|  |TAMS 0x0000000083b00000| PB 0x0000000083b00000| Untracked 
|  38|0x0000000083c00000, 0x0000000083d00000, 0x0000000083d00000|100%| O|  |TAMS 0x0000000083c00000| PB 0x0000000083c00000| Untracked 
|  39|0x0000000083d00000, 0x0000000083e00000, 0x0000000083e00000|100%| O|  |TAMS 0x0000000083d00000| PB 0x0000000083d00000| Untracked 
|  40|0x0000000083e00000, 0x0000000083f00000, 0x0000000083f00000|100%| O|  |TAMS 0x0000000083e00000| PB 0x0000000083e00000| Untracked 
|  41|0x0000000083f00000, 0x0000000084000000, 0x0000000084000000|100%| O|  |TAMS 0x0000000083f00000| PB 0x0000000083f00000| Untracked 
|  42|0x0000000084000000, 0x00000000840d99e0, 0x0000000084100000| 85%| O|  |TAMS 0x0000000084000000| PB 0x0000000084000000| Untracked 
|  43|0x0000000084100000, 0x0000000084100000, 0x0000000084200000|  0%| F|  |TAMS 0x0000000084100000| PB 0x0000000084100000| Untracked 
|  44|0x0000000084200000, 0x0000000084200000, 0x0000000084300000|  0%| F|  |TAMS 0x0000000084200000| PB 0x0000000084200000| Untracked 
|  45|0x0000000084300000, 0x0000000084300000, 0x0000000084400000|  0%| F|  |TAMS 0x0000000084300000| PB 0x0000000084300000| Untracked 
|  46|0x0000000084400000, 0x0000000084400000, 0x0000000084500000|  0%| F|  |TAMS 0x0000000084400000| PB 0x0000000084400000| Untracked 
|  47|0x0000000084500000, 0x0000000084500000, 0x0000000084600000|  0%| F|  |TAMS 0x0000000084500000| PB 0x0000000084500000| Untracked 
|  48|0x0000000084600000, 0x0000000084600000, 0x0000000084700000|  0%| F|  |TAMS 0x0000000084600000| PB 0x0000000084600000| Untracked 
|  49|0x0000000084700000, 0x0000000084700000, 0x0000000084800000|  0%| F|  |TAMS 0x0000000084700000| PB 0x0000000084700000| Untracked 
|  50|0x0000000084800000, 0x0000000084800000, 0x0000000084900000|  0%| F|  |TAMS 0x0000000084800000| PB 0x0000000084800000| Untracked 
|  51|0x0000000084900000, 0x0000000084900000, 0x0000000084a00000|  0%| F|  |TAMS 0x0000000084900000| PB 0x0000000084900000| Untracked 
|  52|0x0000000084a00000, 0x0000000084a00000, 0x0000000084b00000|  0%| F|  |TAMS 0x0000000084a00000| PB 0x0000000084a00000| Untracked 
|  53|0x0000000084b00000, 0x0000000084b00000, 0x0000000084c00000|  0%| F|  |TAMS 0x0000000084b00000| PB 0x0000000084b00000| Untracked 
|  54|0x0000000084c00000, 0x0000000084c00000, 0x0000000084d00000|  0%| F|  |TAMS 0x0000000084c00000| PB 0x0000000084c00000| Untracked 
|  55|0x0000000084d00000, 0x0000000084d00000, 0x0000000084e00000|  0%| F|  |TAMS 0x0000000084d00000| PB 0x0000000084d00000| Untracked 
|  56|0x0000000084e00000, 0x0000000084e00000, 0x0000000084f00000|  0%| F|  |TAMS 0x0000000084e00000| PB 0x0000000084e00000| Untracked 
|  57|0x0000000084f00000, 0x0000000084f00000, 0x0000000085000000|  0%| F|  |TAMS 0x0000000084f00000| PB 0x0000000084f00000| Untracked 
|  58|0x0000000085000000, 0x0000000085000000, 0x0000000085100000|  0%| F|  |TAMS 0x0000000085000000| PB 0x0000000085000000| Untracked 
|  59|0x0000000085100000, 0x0000000085100000, 0x0000000085200000|  0%| F|  |TAMS 0x0000000085100000| PB 0x0000000085100000| Untracked 
|  60|0x0000000085200000, 0x0000000085200000, 0x0000000085300000|  0%| F|  |TAMS 0x0000000085200000| PB 0x0000000085200000| Untracked 
|  61|0x0000000085300000, 0x0000000085300000, 0x0000000085400000|  0%| F|  |TAMS 0x0000000085300000| PB 0x0000000085300000| Untracked 
|  62|0x0000000085400000, 0x0000000085400000, 0x0000000085500000|  0%| F|  |TAMS 0x0000000085400000| PB 0x0000000085400000| Untracked 
|  63|0x0000000085500000, 0x0000000085500000, 0x0000000085600000|  0%| F|  |TAMS 0x0000000085500000| PB 0x0000000085500000| Untracked 
|  64|0x0000000085600000, 0x0000000085600000, 0x0000000085700000|  0%| F|  |TAMS 0x0000000085600000| PB 0x0000000085600000| Untracked 
|  65|0x0000000085700000, 0x0000000085700000, 0x0000000085800000|  0%| F|  |TAMS 0x0000000085700000| PB 0x0000000085700000| Untracked 
|  66|0x0000000085800000, 0x0000000085800000, 0x0000000085900000|  0%| F|  |TAMS 0x0000000085800000| PB 0x0000000085800000| Untracked 
|  67|0x0000000085900000, 0x0000000085900000, 0x0000000085a00000|  0%| F|  |TAMS 0x0000000085900000| PB 0x0000000085900000| Untracked 
|  68|0x0000000085a00000, 0x0000000085a00000, 0x0000000085b00000|  0%| F|  |TAMS 0x0000000085a00000| PB 0x0000000085a00000| Untracked 
|  69|0x0000000085b00000, 0x0000000085b00000, 0x0000000085c00000|  0%| F|  |TAMS 0x0000000085b00000| PB 0x0000000085b00000| Untracked 
|  70|0x0000000085c00000, 0x0000000085c00000, 0x0000000085d00000|  0%| F|  |TAMS 0x0000000085c00000| PB 0x0000000085c00000| Untracked 
|  71|0x0000000085d00000, 0x0000000085d00000, 0x0000000085e00000|  0%| F|  |TAMS 0x0000000085d00000| PB 0x0000000085d00000| Untracked 
|  72|0x0000000085e00000, 0x0000000085e00000, 0x0000000085f00000|  0%| F|  |TAMS 0x0000000085e00000| PB 0x0000000085e00000| Untracked 
|  73|0x0000000085f00000, 0x0000000085f00000, 0x0000000086000000|  0%| F|  |TAMS 0x0000000085f00000| PB 0x0000000085f00000| Untracked 
|  74|0x0000000086000000, 0x0000000086100000, 0x0000000086100000|100%| S|CS|TAMS 0x0000000086000000| PB 0x0000000086000000| Complete 
|  75|0x0000000086100000, 0x0000000086200000, 0x0000000086200000|100%| S|CS|TAMS 0x0000000086100000| PB 0x0000000086100000| Complete 
|  76|0x0000000086200000, 0x0000000086300000, 0x0000000086300000|100%| S|CS|TAMS 0x0000000086200000| PB 0x0000000086200000| Complete 
|  77|0x0000000086300000, 0x0000000086400000, 0x0000000086400000|100%| S|CS|TAMS 0x0000000086300000| PB 0x0000000086300000| Complete 
|  78|0x0000000086400000, 0x0000000086500000, 0x0000000086500000|100%| S|CS|TAMS 0x0000000086400000| PB 0x0000000086400000| Complete 
|  79|0x0000000086500000, 0x0000000086600000, 0x0000000086600000|100%| S|CS|TAMS 0x0000000086500000| PB 0x0000000086500000| Complete 
|  80|0x0000000086600000, 0x0000000086600000, 0x0000000086700000|  0%| F|  |TAMS 0x0000000086600000| PB 0x0000000086600000| Untracked 
|  81|0x0000000086700000, 0x0000000086700000, 0x0000000086800000|  0%| F|  |TAMS 0x0000000086700000| PB 0x0000000086700000| Untracked 
|  82|0x0000000086800000, 0x0000000086800000, 0x0000000086900000|  0%| F|  |TAMS 0x0000000086800000| PB 0x0000000086800000| Untracked 
|  83|0x0000000086900000, 0x0000000086900000, 0x0000000086a00000|  0%| F|  |TAMS 0x0000000086900000| PB 0x0000000086900000| Untracked 
|  84|0x0000000086a00000, 0x0000000086a00000, 0x0000000086b00000|  0%| F|  |TAMS 0x0000000086a00000| PB 0x0000000086a00000| Untracked 
|  85|0x0000000086b00000, 0x0000000086b00000, 0x0000000086c00000|  0%| F|  |TAMS 0x0000000086b00000| PB 0x0000000086b00000| Untracked 
|  86|0x0000000086c00000, 0x0000000086c00000, 0x0000000086d00000|  0%| F|  |TAMS 0x0000000086c00000| PB 0x0000000086c00000| Untracked 
|  87|0x0000000086d00000, 0x0000000086d00000, 0x0000000086e00000|  0%| F|  |TAMS 0x0000000086d00000| PB 0x0000000086d00000| Untracked 
|  88|0x0000000086e00000, 0x0000000086e00000, 0x0000000086f00000|  0%| F|  |TAMS 0x0000000086e00000| PB 0x0000000086e00000| Untracked 
|  89|0x0000000086f00000, 0x0000000086f00000, 0x0000000087000000|  0%| F|  |TAMS 0x0000000086f00000| PB 0x0000000086f00000| Untracked 
|  90|0x0000000087000000, 0x0000000087000000, 0x0000000087100000|  0%| F|  |TAMS 0x0000000087000000| PB 0x0000000087000000| Untracked 
|  91|0x0000000087100000, 0x0000000087100000, 0x0000000087200000|  0%| F|  |TAMS 0x0000000087100000| PB 0x0000000087100000| Untracked 
|  92|0x0000000087200000, 0x0000000087200000, 0x0000000087300000|  0%| F|  |TAMS 0x0000000087200000| PB 0x0000000087200000| Untracked 
|  93|0x0000000087300000, 0x0000000087300000, 0x0000000087400000|  0%| F|  |TAMS 0x0000000087300000| PB 0x0000000087300000| Untracked 
|  94|0x0000000087400000, 0x0000000087400000, 0x0000000087500000|  0%| F|  |TAMS 0x0000000087400000| PB 0x0000000087400000| Untracked 
|  95|0x0000000087500000, 0x0000000087500000, 0x0000000087600000|  0%| F|  |TAMS 0x0000000087500000| PB 0x0000000087500000| Untracked 
|  96|0x0000000087600000, 0x0000000087600000, 0x0000000087700000|  0%| F|  |TAMS 0x0000000087600000| PB 0x0000000087600000| Untracked 
|  97|0x0000000087700000, 0x0000000087700000, 0x0000000087800000|  0%| F|  |TAMS 0x0000000087700000| PB 0x0000000087700000| Untracked 
|  98|0x0000000087800000, 0x0000000087800000, 0x0000000087900000|  0%| F|  |TAMS 0x0000000087800000| PB 0x0000000087800000| Untracked 
|  99|0x0000000087900000, 0x0000000087900000, 0x0000000087a00000|  0%| F|  |TAMS 0x0000000087900000| PB 0x0000000087900000| Untracked 
| 100|0x0000000087a00000, 0x0000000087a00000, 0x0000000087b00000|  0%| F|  |TAMS 0x0000000087a00000| PB 0x0000000087a00000| Untracked 
| 101|0x0000000087b00000, 0x0000000087b00000, 0x0000000087c00000|  0%| F|  |TAMS 0x0000000087b00000| PB 0x0000000087b00000| Untracked 
| 102|0x0000000087c00000, 0x0000000087c00000, 0x0000000087d00000|  0%| F|  |TAMS 0x0000000087c00000| PB 0x0000000087c00000| Untracked 
| 103|0x0000000087d00000, 0x0000000087d00000, 0x0000000087e00000|  0%| F|  |TAMS 0x0000000087d00000| PB 0x0000000087d00000| Untracked 
| 104|0x0000000087e00000, 0x0000000087e00000, 0x0000000087f00000|  0%| F|  |TAMS 0x0000000087e00000| PB 0x0000000087e00000| Untracked 
| 105|0x0000000087f00000, 0x0000000087f00000, 0x0000000088000000|  0%| F|  |TAMS 0x0000000087f00000| PB 0x0000000087f00000| Untracked 
| 106|0x0000000088000000, 0x0000000088000000, 0x0000000088100000|  0%| F|  |TAMS 0x0000000088000000| PB 0x0000000088000000| Untracked 
| 107|0x0000000088100000, 0x0000000088100000, 0x0000000088200000|  0%| F|  |TAMS 0x0000000088100000| PB 0x0000000088100000| Untracked 
| 108|0x0000000088200000, 0x0000000088200000, 0x0000000088300000|  0%| F|  |TAMS 0x0000000088200000| PB 0x0000000088200000| Untracked 
| 109|0x0000000088300000, 0x0000000088300000, 0x0000000088400000|  0%| F|  |TAMS 0x0000000088300000| PB 0x0000000088300000| Untracked 
| 110|0x0000000088400000, 0x0000000088400000, 0x0000000088500000|  0%| F|  |TAMS 0x0000000088400000| PB 0x0000000088400000| Untracked 
| 111|0x0000000088500000, 0x0000000088500000, 0x0000000088600000|  0%| F|  |TAMS 0x0000000088500000| PB 0x0000000088500000| Untracked 
| 112|0x0000000088600000, 0x0000000088600000, 0x0000000088700000|  0%| F|  |TAMS 0x0000000088600000| PB 0x0000000088600000| Untracked 
| 113|0x0000000088700000, 0x0000000088700000, 0x0000000088800000|  0%| F|  |TAMS 0x0000000088700000| PB 0x0000000088700000| Untracked 
| 114|0x0000000088800000, 0x0000000088800000, 0x0000000088900000|  0%| F|  |TAMS 0x0000000088800000| PB 0x0000000088800000| Untracked 
| 115|0x0000000088900000, 0x0000000088900000, 0x0000000088a00000|  0%| F|  |TAMS 0x0000000088900000| PB 0x0000000088900000| Untracked 
| 116|0x0000000088a00000, 0x0000000088a00000, 0x0000000088b00000|  0%| F|  |TAMS 0x0000000088a00000| PB 0x0000000088a00000| Untracked 
| 117|0x0000000088b00000, 0x0000000088b00000, 0x0000000088c00000|  0%| F|  |TAMS 0x0000000088b00000| PB 0x0000000088b00000| Untracked 
| 118|0x0000000088c00000, 0x0000000088c00000, 0x0000000088d00000|  0%| F|  |TAMS 0x0000000088c00000| PB 0x0000000088c00000| Untracked 
| 119|0x0000000088d00000, 0x0000000088d00000, 0x0000000088e00000|  0%| F|  |TAMS 0x0000000088d00000| PB 0x0000000088d00000| Untracked 
| 120|0x0000000088e00000, 0x0000000088e00000, 0x0000000088f00000|  0%| F|  |TAMS 0x0000000088e00000| PB 0x0000000088e00000| Untracked 
| 121|0x0000000088f00000, 0x0000000088f00000, 0x0000000089000000|  0%| F|  |TAMS 0x0000000088f00000| PB 0x0000000088f00000| Untracked 
| 122|0x0000000089000000, 0x0000000089000000, 0x0000000089100000|  0%| F|  |TAMS 0x0000000089000000| PB 0x0000000089000000| Untracked 
| 123|0x0000000089100000, 0x0000000089100000, 0x0000000089200000|  0%| F|  |TAMS 0x0000000089100000| PB 0x0000000089100000| Untracked 
| 124|0x0000000089200000, 0x0000000089200000, 0x0000000089300000|  0%| F|  |TAMS 0x0000000089200000| PB 0x0000000089200000| Untracked 
| 125|0x0000000089300000, 0x0000000089300000, 0x0000000089400000|  0%| F|  |TAMS 0x0000000089300000| PB 0x0000000089300000| Untracked 
| 126|0x0000000089400000, 0x0000000089400000, 0x0000000089500000|  0%| F|  |TAMS 0x0000000089400000| PB 0x0000000089400000| Untracked 
| 127|0x0000000089500000, 0x0000000089500000, 0x0000000089600000|  0%| F|  |TAMS 0x0000000089500000| PB 0x0000000089500000| Untracked 

Card table byte_map: [0x000001f58ba50000,0x000001f58be50000] _byte_map_base: 0x000001f58b645000

Marking Bits: (CMBitMap*) 0x000001f5ffd54150
 Bits: [0x000001f58be50000, 0x000001f58ddf8000)

Polling page: 0x000001f5ff4d0000

Metaspace:

Usage:
  Non-class:      7.68 MB used.
      Class:      1.20 MB used.
       Both:      8.87 MB used.

Virtual space:
  Non-class space:       64.00 MB reserved,       7.88 MB ( 12%) committed,  1 nodes.
      Class space:        1.00 GB reserved,       1.38 MB ( <1%) committed,  1 nodes.
             Both:        1.06 GB reserved,       9.25 MB ( <1%) committed. 

Chunk freelists:
   Non-Class:  6.97 MB
       Class:  14.58 MB
        Both:  21.55 MB

MaxMetaspaceSize: unlimited
CompressedClassSpaceSize: 1.00 GB
Initial GC threshold: 21.00 MB
Current GC threshold: 21.00 MB
CDS: on
 - commit_granule_bytes: 65536.
 - commit_granule_words: 8192.
 - virtual_space_node_default_size: 8388608.
 - enlarge_chunks_in_place: 1.
 - use_allocation_guard: 0.


Internal statistics:

num_allocs_failed_limit: 0.
num_arena_births: 396.
num_arena_deaths: 0.
num_vsnodes_births: 2.
num_vsnodes_deaths: 0.
num_space_committed: 148.
num_space_uncommitted: 0.
num_chunks_returned_to_freelist: 0.
num_chunks_taken_from_freelist: 792.
num_chunk_merges: 0.
num_chunk_splits: 459.
num_chunks_enlarged: 246.
num_inconsistent_stats: 0.

CodeCache: size=49152Kb used=6964Kb max_used=6964Kb free=42188Kb
 bounds [0x000001f588650000, 0x000001f588d20000, 0x000001f58b650000]
 total_blobs=3296, nmethods=2829, adapters=389, full_count=0
Compilation: enabled, stopped_count=0, restarted_count=0

Compilation events (20 events):
Event: 4.155 Thread 0x000001f5d5842e30 2820       1       org.objectweb.asm.MethodWriter::computeMethodInfoSize (571 bytes)
Event: 4.156 Thread 0x000001f58ff9ee10 2821       1       org.objectweb.asm.MethodWriter::hasFrames (13 bytes)
Event: 4.156 Thread 0x000001f5d50656d0 2823       1       org.objectweb.asm.Handler::putExceptionTable (63 bytes)
Event: 4.156 Thread 0x000001f58ff9ee10 nmethod 2821 0x000001f588d13290 code [0x000001f588d13420, 0x000001f588d134f8]
Event: 4.156 Thread 0x000001f58ff9ee10 2822       1       org.objectweb.asm.MethodWriter::putMethodInfo (1274 bytes)
Event: 4.156 Thread 0x000001f5d50656d0 nmethod 2823 0x000001f588d13590 code [0x000001f588d13780, 0x000001f588d139c0]
Event: 4.157 Thread 0x000001f5d5842e30 nmethod 2820 0x000001f588d13c90 code [0x000001f588d13f60, 0x000001f588d147a8]
Event: 4.161 Thread 0x000001f58ff9ee10 nmethod 2822 0x000001f588d14e90 code [0x000001f588d15420, 0x000001f588d16808]
Event: 4.162 Thread 0x000001f5d5842e30 2824       1       io.smallrye.config.ConfigSourceInterceptor$1::getValue (2 bytes)
Event: 4.162 Thread 0x000001f5d5842e30 nmethod 2824 0x000001f588d17b90 code [0x000001f588d17d20, 0x000001f588d17df0]
Event: 4.164 Thread 0x000001f5d5842e30 2825   !   1       java.util.concurrent.ConcurrentHashMap::transfer (849 bytes)
Event: 4.168 Thread 0x000001f5d5842e30 nmethod 2825 0x000001f588d17e90 code [0x000001f588d181c0, 0x000001f588d1a168]
Event: 4.171 Thread 0x000001f5d50656d0 2826       1       org.objectweb.asm.Type::<init> (26 bytes)
Event: 4.171 Thread 0x000001f5d50656d0 nmethod 2826 0x000001f588d1b490 code [0x000001f588d1b620, 0x000001f588d1b740]
Event: 4.175 Thread 0x000001f5d5842e30 2827       1       org.objectweb.asm.Type::getTypeInternal (203 bytes)
Event: 4.175 Thread 0x000001f5d50656d0 2828       1       java.lang.Class::arrayContentsEq (70 bytes)
Event: 4.175 Thread 0x000001f58ff9ee10 2829       1       io.smallrye.config.ConfigMapping$NamingStrategy::apply (14 bytes)
Event: 4.176 Thread 0x000001f58ff9ee10 nmethod 2829 0x000001f588d1b810 code [0x000001f588d1b9c0, 0x000001f588d1bb00]
Event: 4.176 Thread 0x000001f5d50656d0 nmethod 2828 0x000001f588d1bb90 code [0x000001f588d1bd40, 0x000001f588d1bf60]
Event: 4.176 Thread 0x000001f5d5842e30 nmethod 2827 0x000001f588d1c090 code [0x000001f588d1c320, 0x000001f588d1cc40]

GC Heap History (11 events):
Event: 1.107 GC heap before
{Heap before GC invocations=0 (full 0):
 garbage-first heap   total 131072K, used 12288K [0x0000000081600000, 0x0000000100000000)
  region size 1024K, 13 young (13312K), 0 survivors (0K)
 Metaspace       used 2644K, committed 2816K, reserved 1114112K
  class space    used 299K, committed 384K, reserved 1048576K
}
Event: 1.116 GC heap after
{Heap after GC invocations=1 (full 0):
 garbage-first heap   total 131072K, used 4065K [0x0000000081600000, 0x0000000100000000)
  region size 1024K, 2 young (2048K), 2 survivors (2048K)
 Metaspace       used 2644K, committed 2816K, reserved 1114112K
  class space    used 299K, committed 384K, reserved 1048576K
}
Event: 2.171 GC heap before
{Heap before GC invocations=1 (full 0):
 garbage-first heap   total 131072K, used 21473K [0x0000000081600000, 0x0000000100000000)
  region size 1024K, 17 young (17408K), 2 survivors (2048K)
 Metaspace       used 3567K, committed 3840K, reserved 1114112K
  class space    used 415K, committed 512K, reserved 1048576K
}
Event: 2.189 GC heap after
{Heap after GC invocations=2 (full 0):
 garbage-first heap   total 131072K, used 18758K [0x0000000081600000, 0x0000000100000000)
  region size 1024K, 3 young (3072K), 3 survivors (3072K)
 Metaspace       used 3567K, committed 3840K, reserved 1114112K
  class space    used 415K, committed 512K, reserved 1048576K
}
Event: 2.817 GC heap before
{Heap before GC invocations=2 (full 0):
 garbage-first heap   total 131072K, used 38214K [0x0000000081600000, 0x0000000100000000)
  region size 1024K, 23 young (23552K), 3 survivors (3072K)
 Metaspace       used 3796K, committed 4096K, reserved 1114112K
  class space    used 459K, committed 640K, reserved 1048576K
}
Event: 2.834 GC heap after
{Heap after GC invocations=3 (full 0):
 garbage-first heap   total 131072K, used 27074K [0x0000000081600000, 0x0000000100000000)
  region size 1024K, 3 young (3072K), 3 survivors (3072K)
 Metaspace       used 3796K, committed 4096K, reserved 1114112K
  class space    used 459K, committed 640K, reserved 1048576K
}
Event: 2.986 GC heap before
{Heap before GC invocations=3 (full 0):
 garbage-first heap   total 131072K, used 46530K [0x0000000081600000, 0x0000000100000000)
  region size 1024K, 23 young (23552K), 3 survivors (3072K)
 Metaspace       used 3796K, committed 4096K, reserved 1114112K
  class space    used 459K, committed 640K, reserved 1048576K
}
Event: 3.000 GC heap after
{Heap after GC invocations=4 (full 0):
 garbage-first heap   total 131072K, used 32213K [0x0000000081600000, 0x0000000100000000)
  region size 1024K, 3 young (3072K), 3 survivors (3072K)
 Metaspace       used 3796K, committed 4096K, reserved 1114112K
  class space    used 459K, committed 640K, reserved 1048576K
}
Event: 3.174 GC heap before
{Heap before GC invocations=4 (full 0):
 garbage-first heap   total 131072K, used 58837K [0x0000000081600000, 0x0000000100000000)
  region size 1024K, 28 young (28672K), 3 survivors (3072K)
 Metaspace       used 3797K, committed 4096K, reserved 1114112K
  class space    used 460K, committed 640K, reserved 1048576K
}
Event: 3.197 GC heap after
{Heap after GC invocations=5 (full 0):
 garbage-first heap   total 131072K, used 40960K [0x0000000081600000, 0x0000000100000000)
  region size 1024K, 4 young (4096K), 4 survivors (4096K)
 Metaspace       used 3797K, committed 4096K, reserved 1114112K
  class space    used 460K, committed 640K, reserved 1048576K
}
Event: 4.178 GC heap before
{Heap before GC invocations=5 (full 0):
 garbage-first heap   total 131072K, used 86016K [0x0000000081600000, 0x0000000100000000)
  region size 1024K, 48 young (49152K), 4 survivors (4096K)
 Metaspace       used 9084K, committed 9472K, reserved 1114112K
  class space    used 1224K, committed 1408K, reserved 1048576K
}

Dll operation events (8 events):
Event: 0.015 Loaded shared library C:\Program Files\Amazon Corretto\jdk21.0.9_10\bin\java.dll
Event: 0.154 Loaded shared library C:\Program Files\Amazon Corretto\jdk21.0.9_10\bin\zip.dll
Event: 0.160 Loaded shared library C:\Program Files\Amazon Corretto\jdk21.0.9_10\bin\instrument.dll
Event: 0.168 Loaded shared library C:\Program Files\Amazon Corretto\jdk21.0.9_10\bin\net.dll
Event: 0.172 Loaded shared library C:\Program Files\Amazon Corretto\jdk21.0.9_10\bin\nio.dll
Event: 0.176 Loaded shared library C:\Program Files\Amazon Corretto\jdk21.0.9_10\bin\zip.dll
Event: 0.412 Loaded shared library C:\Program Files\Amazon Corretto\jdk21.0.9_10\bin\jimage.dll
Event: 3.519 Loaded shared library C:\Program Files\Amazon Corretto\jdk21.0.9_10\bin\verify.dll

Deoptimization events (20 events):
Event: 4.176 Thread 0x000001f5ffcfc7e0 DEOPT PACKING pc=0x000001f588b8fb04 sp=0x0000008733ffd470
Event: 4.176 Thread 0x000001f5ffcfc7e0 DEOPT UNPACKING pc=0x000001f5886a4bc2 sp=0x0000008733ffca60 mode 1
Event: 4.176 Thread 0x000001f5ffcfc7e0 DEOPT PACKING pc=0x000001f588b8e49c sp=0x0000008733ffd690
Event: 4.176 Thread 0x000001f5ffcfc7e0 DEOPT UNPACKING pc=0x000001f5886a4bc2 sp=0x0000008733ffcb68 mode 1
Event: 4.177 Thread 0x000001f5ffcfc7e0 DEOPT PACKING pc=0x000001f58895ae69 sp=0x0000008733ffd420
Event: 4.177 Thread 0x000001f5ffcfc7e0 DEOPT UNPACKING pc=0x000001f5886a4bc2 sp=0x0000008733ffc878 mode 1
Event: 4.178 Thread 0x000001f5ffcfc7e0 DEOPT PACKING pc=0x000001f58895a52c sp=0x0000008733ffd4b0
Event: 4.178 Thread 0x000001f5ffcfc7e0 DEOPT UNPACKING pc=0x000001f5886a4bc2 sp=0x0000008733ffc958 mode 1
Event: 4.178 Thread 0x000001f5ffcfc7e0 DEOPT PACKING pc=0x000001f588b8fb04 sp=0x0000008733ffd500
Event: 4.178 Thread 0x000001f5ffcfc7e0 DEOPT UNPACKING pc=0x000001f5886a4bc2 sp=0x0000008733ffcaf0 mode 1
Event: 4.178 Thread 0x000001f5ffcfc7e0 DEOPT PACKING pc=0x000001f588b8e49c sp=0x0000008733ffd720
Event: 4.178 Thread 0x000001f5ffcfc7e0 DEOPT UNPACKING pc=0x000001f5886a4bc2 sp=0x0000008733ffcbf8 mode 1
Event: 4.178 Thread 0x000001f5ffcfc7e0 DEOPT PACKING pc=0x000001f58895ae69 sp=0x0000008733ffd390
Event: 4.178 Thread 0x000001f5ffcfc7e0 DEOPT UNPACKING pc=0x000001f5886a4bc2 sp=0x0000008733ffc7e8 mode 1
Event: 4.178 Thread 0x000001f5ffcfc7e0 DEOPT PACKING pc=0x000001f58895a52c sp=0x0000008733ffd420
Event: 4.178 Thread 0x000001f5ffcfc7e0 DEOPT UNPACKING pc=0x000001f5886a4bc2 sp=0x0000008733ffc8c8 mode 1
Event: 4.178 Thread 0x000001f5ffcfc7e0 DEOPT PACKING pc=0x000001f588b8fb04 sp=0x0000008733ffd470
Event: 4.178 Thread 0x000001f5ffcfc7e0 DEOPT UNPACKING pc=0x000001f5886a4bc2 sp=0x0000008733ffca60 mode 1
Event: 4.178 Thread 0x000001f5ffcfc7e0 DEOPT PACKING pc=0x000001f588b8e49c sp=0x0000008733ffd690
Event: 4.178 Thread 0x000001f5ffcfc7e0 DEOPT UNPACKING pc=0x000001f5886a4bc2 sp=0x0000008733ffcb68 mode 1

Classes loaded (20 events):
Event: 4.037 Loading class java/util/BitSet
Event: 4.038 Loading class java/util/BitSet done
Event: 4.039 Loading class java/util/OptionalDouble
Event: 4.040 Loading class java/util/OptionalDouble done
Event: 4.044 Loading class java/lang/ThreadLocal$SuppliedThreadLocal
Event: 4.044 Loading class java/lang/ThreadLocal$SuppliedThreadLocal done
Event: 4.072 Loading class java/util/Collections$ReverseComparator
Event: 4.072 Loading class java/util/Collections$ReverseComparator done
Event: 4.072 Loading class java/util/Comparators$NaturalOrderComparator
Event: 4.072 Loading class java/util/Comparators$NaturalOrderComparator done
Event: 4.072 Loading class java/util/Collections$ReverseComparator2
Event: 4.072 Loading class java/util/Collections$ReverseComparator2 done
Event: 4.085 Loading class java/time/format/DateTimeParseException
Event: 4.085 Loading class java/time/format/DateTimeParseException done
Event: 4.085 Loading class java/util/regex/Pattern$Loop
Event: 4.086 Loading class java/util/regex/Pattern$Loop done
Event: 4.086 Loading class java/util/regex/Pattern$Prolog
Event: 4.086 Loading class java/util/regex/Pattern$Prolog done
Event: 4.086 Loading class java/util/regex/Pattern$SliceI
Event: 4.086 Loading class java/util/regex/Pattern$SliceI done

Classes unloaded (0 events):
No events

Classes redefined (0 events):
No events

Internal exceptions (20 events):
Event: 3.505 Thread 0x000001f5ffcfc7e0 Exception <a 'java/lang/IncompatibleClassChangeError'{0x0000000088568228}: Found class java.lang.Object, but interface was expected> (0x0000000088568228) 
thrown [s\src\hotspot\share\interpreter\linkResolver.cpp, line 840]
Event: 3.551 Thread 0x000001f5ffcfc7e0 Exception <a 'java/lang/NoSuchMethodError'{0x00000000884ea928}: 'void java.lang.invoke.DirectMethodHandle$Holder.invokeStatic(java.lang.Object, java.lang.Object, java.lang.Object, java.lang.Object)'> (0x00000000884ea928) 
thrown [s\src\hotspot\share\interpreter\linkResolver.cpp, line 773]
Event: 3.562 Thread 0x000001f5ffcfc7e0 Exception <a 'java/lang/NoSuchMethodError'{0x00000000883a5c20}: 'void java.lang.invoke.DirectMethodHandle$Holder.invokeStaticInit(java.lang.Object, java.lang.Object)'> (0x00000000883a5c20) 
thrown [s\src\hotspot\share\interpreter\linkResolver.cpp, line 773]
Event: 3.990 Thread 0x000001f5ffcfc7e0 Exception <a 'java/lang/NoSuchMethodError'{0x0000000086d93038}: 'int java.lang.invoke.DirectMethodHandle$Holder.invokeInterface(java.lang.Object, java.lang.Object)'> (0x0000000086d93038) 
thrown [s\src\hotspot\share\interpreter\linkResolver.cpp, line 773]
Event: 3.990 Thread 0x000001f5ffcfc7e0 Exception <a 'java/lang/IncompatibleClassChangeError'{0x0000000086d96258}: Found class java.lang.Object, but interface was expected> (0x0000000086d96258) 
thrown [s\src\hotspot\share\interpreter\linkResolver.cpp, line 840]
Event: 3.991 Thread 0x000001f5ffcfc7e0 Exception <a 'java/lang/NoSuchMethodError'{0x0000000086d9c848}: 'java.lang.Object java.lang.invoke.Invokers$Holder.invokeExact_MT(java.lang.Object, java.lang.Object, java.lang.Object, java.lang.Object, java.lang.Object, java.lang.Object)'> (0x0000000086d9c848) 
thrown [s\src\hotspot\share\interpreter\linkResolver.cpp, line 773]
Event: 4.008 Thread 0x000001f5ffcfc7e0 Exception <a 'sun/nio/fs/WindowsException'{0x0000000086c72d80}> (0x0000000086c72d80) 
thrown [s\src\hotspot\share\prims\jni.cpp, line 520]
Event: 4.008 Thread 0x000001f5ffcfc7e0 Exception <a 'sun/nio/fs/WindowsException'{0x0000000086c73148}> (0x0000000086c73148) 
thrown [s\src\hotspot\share\prims\jni.cpp, line 520]
Event: 4.008 Thread 0x000001f5ffcfc7e0 Exception <a 'sun/nio/fs/WindowsException'{0x0000000086c73a50}> (0x0000000086c73a50) 
thrown [s\src\hotspot\share\prims\jni.cpp, line 520]
Event: 4.009 Thread 0x000001f5ffcfc7e0 Exception <a 'sun/nio/fs/WindowsException'{0x0000000086c73e40}> (0x0000000086c73e40) 
thrown [s\src\hotspot\share\prims\jni.cpp, line 520]
Event: 4.009 Thread 0x000001f5ffcfc7e0 Exception <a 'sun/nio/fs/WindowsException'{0x0000000086c74228}> (0x0000000086c74228) 
thrown [s\src\hotspot\share\prims\jni.cpp, line 520]
Event: 4.009 Thread 0x000001f5ffcfc7e0 Exception <a 'sun/nio/fs/WindowsException'{0x0000000086c74a40}> (0x0000000086c74a40) 
thrown [s\src\hotspot\share\prims\jni.cpp, line 520]
Event: 4.010 Thread 0x000001f5ffcfc7e0 Exception <a 'sun/nio/fs/WindowsException'{0x0000000086c82d18}> (0x0000000086c82d18) 
thrown [s\src\hotspot\share\prims\jni.cpp, line 520]
Event: 4.010 Thread 0x000001f5ffcfc7e0 Exception <a 'sun/nio/fs/WindowsException'{0x0000000086c83138}> (0x0000000086c83138) 
thrown [s\src\hotspot\share\prims\jni.cpp, line 520]
Event: 4.010 Thread 0x000001f5ffcfc7e0 Exception <a 'sun/nio/fs/WindowsException'{0x0000000086c83550}> (0x0000000086c83550) 
thrown [s\src\hotspot\share\prims\jni.cpp, line 520]
Event: 4.012 Thread 0x000001f5ffcfc7e0 Exception <a 'java/lang/NoSuchMethodError'{0x0000000086c9c8b8}: 'int java.lang.invoke.DirectMethodHandle$Holder.invokeStaticInit(java.lang.Object, java.lang.Object)'> (0x0000000086c9c8b8) 
thrown [s\src\hotspot\share\interpreter\linkResolver.cpp, line 773]
Event: 4.050 Thread 0x000001f5ffcfc7e0 Exception <a 'java/lang/NoSuchMethodError'{0x0000000086a613f0}: 'java.lang.Object java.lang.invoke.DirectMethodHandle$Holder.invokeStaticInit(java.lang.Object, java.lang.Object, java.lang.Object)'> (0x0000000086a613f0) 
thrown [s\src\hotspot\share\interpreter\linkResolver.cpp, line 773]
Event: 4.071 Thread 0x000001f5ffcfc7e0 Exception <a 'java/lang/NoSuchMethodError'{0x0000000086925040}: 'int java.lang.invoke.DirectMethodHandle$Holder.invokeVirtual(java.lang.Object, java.lang.Object)'> (0x0000000086925040) 
thrown [s\src\hotspot\share\interpreter\linkResolver.cpp, line 773]
Event: 4.073 Thread 0x000001f5ffcfc7e0 Exception <a 'sun/nio/fs/WindowsException'{0x000000008692bee8}> (0x000000008692bee8) 
thrown [s\src\hotspot\share\prims\jni.cpp, line 520]
Event: 4.116 Thread 0x000001f5ffcfc7e0 Exception <a 'java/lang/NoSuchMethodError'{0x00000000868c3a18}: 'void java.lang.invoke.DirectMethodHandle$Holder.invokeInterface(java.lang.Object, java.lang.Object, java.lang.Object, java.lang.Object)'> (0x00000000868c3a18) 
thrown [s\src\hotspot\share\interpreter\linkResolver.cpp, line 773]

ZGC Phase Switch (0 events):
No events

VM Operations (20 events):
Event: 2.189 Executing VM operation: G1CollectForAllocation (G1 Evacuation Pause) done
Event: 2.817 Executing VM operation: G1CollectForAllocation (G1 Evacuation Pause)
Event: 2.834 Executing VM operation: G1CollectForAllocation (G1 Evacuation Pause) done
Event: 2.986 Executing VM operation: G1CollectForAllocation (G1 Evacuation Pause)
Event: 3.000 Executing VM operation: G1CollectForAllocation (G1 Evacuation Pause) done
Event: 3.174 Executing VM operation: G1CollectForAllocation (G1 Evacuation Pause)
Event: 3.197 Executing VM operation: G1CollectForAllocation (G1 Evacuation Pause) done
Event: 3.221 Executing VM operation: HandshakeAllThreads (Deoptimize)
Event: 3.221 Executing VM operation: HandshakeAllThreads (Deoptimize) done
Event: 3.256 Executing VM operation: HandshakeAllThreads (Deoptimize)
Event: 3.256 Executing VM operation: HandshakeAllThreads (Deoptimize) done
Event: 3.257 Executing VM operation: HandshakeAllThreads (Deoptimize)
Event: 3.257 Executing VM operation: HandshakeAllThreads (Deoptimize) done
Event: 3.847 Executing VM operation: HandshakeAllThreads (Deoptimize)
Event: 3.847 Executing VM operation: HandshakeAllThreads (Deoptimize) done
Event: 3.934 Executing VM operation: ICBufferFull
Event: 3.934 Executing VM operation: ICBufferFull done
Event: 3.994 Executing VM operation: HandshakeAllThreads (Deoptimize)
Event: 3.994 Executing VM operation: HandshakeAllThreads (Deoptimize) done
Event: 4.178 Executing VM operation: G1CollectForAllocation (G1 Evacuation Pause)

Memory protections (0 events):
No events

Nmethod flushes (0 events):
No events

Events (19 events):
Event: 0.036 Thread 0x000001f5ffcfc7e0 Thread added: 0x000001f5ffcfc7e0
Event: 0.057 Thread 0x000001f5ffcfc7e0 Thread added: 0x000001f58ff8c310
Event: 0.057 Thread 0x000001f5ffcfc7e0 Thread added: 0x000001f58ff8e640
Event: 0.058 Thread 0x000001f5ffcfc7e0 Thread added: 0x000001f58ff8f7d0
Event: 0.058 Thread 0x000001f5ffcfc7e0 Thread added: 0x000001f58ff933a0
Event: 0.058 Thread 0x000001f5ffcfc7e0 Thread added: 0x000001f58ff96410
Event: 0.058 Thread 0x000001f5ffcfc7e0 Thread added: 0x000001f58ff98e70
Event: 0.059 Thread 0x000001f5ffcfc7e0 Thread added: 0x000001f58ff9ee10
Event: 0.124 Thread 0x000001f58ff9ee10 Thread added: 0x000001f5d50656d0
Event: 0.163 Thread 0x000001f5ffcfc7e0 Thread added: 0x000001f5d511c040
Event: 0.384 Thread 0x000001f5ffcfc7e0 Thread added: 0x000001f5d56326b0
Event: 0.390 Thread 0x000001f5ffcfc7e0 Thread added: 0x000001f5d5679640
Event: 0.391 Thread 0x000001f5ffcfc7e0 Thread added: 0x000001f5d567bde0
Event: 0.569 Thread 0x000001f5ffcfc7e0 Thread added: 0x000001f5d56c05a0
Event: 2.643 Thread 0x000001f58ff9ee10 Thread added: 0x000001f5d5842e30
Event: 3.273 Thread 0x000001f5ffcfc7e0 Thread added: 0x000001f5d5c0cb30
Event: 3.510 Thread 0x000001f5ffcfc7e0 Thread added: 0x000001f5d5c0bd70
Event: 3.511 Thread 0x000001f5d5c0bd70 Thread added: 0x000001f5d67f1290
Event: 3.511 Thread 0x000001f5ffcfc7e0 Thread added: 0x000001f5d6893b20


Dynamic libraries:
0x00007ff600ad0000 - 0x00007ff600ade000 	C:\Program Files\Amazon Corretto\jdk21.0.9_10\bin\java.EXE
0x00007ffb97670000 - 0x00007ffb97868000 	C:\Windows\SYSTEM32\ntdll.dll
0x00007ffb957b0000 - 0x00007ffb95872000 	C:\Windows\System32\KERNEL32.DLL
0x00007ffb95160000 - 0x00007ffb95456000 	C:\Windows\System32\KERNELBASE.dll
0x00007ffb94d00000 - 0x00007ffb94e00000 	C:\Windows\System32\ucrtbase.dll
0x00007ffb8eb30000 - 0x00007ffb8eb48000 	C:\Program Files\Amazon Corretto\jdk21.0.9_10\bin\jli.dll
0x00007ffb8e380000 - 0x00007ffb8e39e000 	C:\Program Files\Amazon Corretto\jdk21.0.9_10\bin\VCRUNTIME140.dll
0x00007ffb96290000 - 0x00007ffb96431000 	C:\Windows\System32\USER32.dll
0x00007ffb955d0000 - 0x00007ffb955f2000 	C:\Windows\System32\win32u.dll
0x00007ffb96c40000 - 0x00007ffb96c6b000 	C:\Windows\System32\GDI32.dll
0x00007ffb85110000 - 0x00007ffb853ab000 	C:\Windows\WinSxS\amd64_microsoft.windows.common-controls_6595b64144ccf1df_6.0.19041.6456_none_60b8a6cb71f64256\COMCTL32.dll
0x00007ffb95460000 - 0x00007ffb95579000 	C:\Windows\System32\gdi32full.dll
0x00007ffb950c0000 - 0x00007ffb9515d000 	C:\Windows\System32\msvcp_win.dll
0x00007ffb97530000 - 0x00007ffb975ce000 	C:\Windows\System32\msvcrt.dll
0x00007ffb97500000 - 0x00007ffb9752f000 	C:\Windows\System32\IMM32.DLL
0x00007ffb8ed40000 - 0x00007ffb8ed4c000 	C:\Program Files\Amazon Corretto\jdk21.0.9_10\bin\vcruntime140_1.dll
0x00007ffb8dc20000 - 0x00007ffb8dca9000 	C:\Program Files\Amazon Corretto\jdk21.0.9_10\bin\msvcp140.dll
0x00007ffb5df10000 - 0x00007ffb5ecb7000 	C:\Program Files\Amazon Corretto\jdk21.0.9_10\bin\server\jvm.dll
0x00007ffb95690000 - 0x00007ffb95741000 	C:\Windows\System32\ADVAPI32.dll
0x00007ffb96e80000 - 0x00007ffb96f1f000 	C:\Windows\System32\sechost.dll
0x00007ffb97290000 - 0x00007ffb973b0000 	C:\Windows\System32\RPCRT4.dll
0x00007ffb94e00000 - 0x00007ffb94e27000 	C:\Windows\System32\bcrypt.dll
0x00007ffb97220000 - 0x00007ffb9728b000 	C:\Windows\System32\WS2_32.dll
0x00007ffb94b60000 - 0x00007ffb94bab000 	C:\Windows\SYSTEM32\POWRPROF.dll
0x00007ffb83350000 - 0x00007ffb83377000 	C:\Windows\SYSTEM32\WINMM.dll
0x00007ffb88ae0000 - 0x00007ffb88aea000 	C:\Windows\SYSTEM32\VERSION.dll
0x00007ffb94b40000 - 0x00007ffb94b52000 	C:\Windows\SYSTEM32\UMPDC.dll
0x00007ffb92b70000 - 0x00007ffb92b82000 	C:\Windows\SYSTEM32\kernel.appcore.dll
0x00007ffb8e370000 - 0x00007ffb8e37a000 	C:\Program Files\Amazon Corretto\jdk21.0.9_10\bin\jimage.dll
0x00007ffb80cc0000 - 0x00007ffb80ec1000 	C:\Windows\SYSTEM32\DBGHELP.DLL
0x00007ffb7c9a0000 - 0x00007ffb7c9d4000 	C:\Windows\SYSTEM32\dbgcore.DLL
0x00007ffb95600000 - 0x00007ffb95682000 	C:\Windows\System32\bcryptPrimitives.dll
0x00007ffb8f390000 - 0x00007ffb8f3a0000 	C:\Program Files\Amazon Corretto\jdk21.0.9_10\bin\instrument.dll
0x00007ffb8e340000 - 0x00007ffb8e361000 	C:\Program Files\Amazon Corretto\jdk21.0.9_10\bin\java.dll
0x00007ffb8f0a0000 - 0x00007ffb8f0dc000 	C:\Program Files\Amazon Corretto\jdk21.0.9_10\bin\jdwp.dll
0x00007ffb96440000 - 0x00007ffb96bb0000 	C:\Windows\System32\SHELL32.dll
0x00007ffb92d70000 - 0x00007ffb93515000 	C:\Windows\SYSTEM32\windows.storage.dll
0x00007ffb95a30000 - 0x00007ffb95d84000 	C:\Windows\System32\combase.dll
0x00007ffb94650000 - 0x00007ffb9467b000 	C:\Windows\SYSTEM32\Wldp.dll
0x00007ffb96db0000 - 0x00007ffb96e7d000 	C:\Windows\System32\OLEAUT32.dll
0x00007ffb97170000 - 0x00007ffb9721d000 	C:\Windows\System32\SHCORE.dll
0x00007ffb973c0000 - 0x00007ffb9741b000 	C:\Windows\System32\shlwapi.dll
0x00007ffb94c30000 - 0x00007ffb94c54000 	C:\Windows\SYSTEM32\profapi.dll
0x00007ffb8db00000 - 0x00007ffb8db18000 	C:\Program Files\Amazon Corretto\jdk21.0.9_10\bin\zip.dll
0x00007ffb8e320000 - 0x00007ffb8e331000 	C:\Program Files\Amazon Corretto\jdk21.0.9_10\bin\net.dll
0x00007ffb891b0000 - 0x00007ffb892ba000 	C:\Windows\SYSTEM32\WINHTTP.dll
0x00007ffb943b0000 - 0x00007ffb9441a000 	C:\Windows\system32\mswsock.dll
0x00007ffb8db20000 - 0x00007ffb8db36000 	C:\Program Files\Amazon Corretto\jdk21.0.9_10\bin\nio.dll
0x00007ffb8f260000 - 0x00007ffb8f26c000 	C:\Program Files\Amazon Corretto\jdk21.0.9_10\bin\dt_socket.dll
0x00007ffb94090000 - 0x00007ffb940cb000 	C:\Windows\SYSTEM32\IPHLPAPI.DLL
0x00007ffb940d0000 - 0x00007ffb9419a000 	C:\Windows\SYSTEM32\DNSAPI.dll
0x00007ffb973b0000 - 0x00007ffb973b8000 	C:\Windows\System32\NSI.dll
0x00007ffb8da10000 - 0x00007ffb8da1a000 	C:\Windows\System32\rasadhlp.dll
0x00007ffb83210000 - 0x00007ffb83290000 	C:\Windows\System32\fwpuclnt.dll
0x00007ffb8e310000 - 0x00007ffb8e320000 	C:\Program Files\Amazon Corretto\jdk21.0.9_10\bin\verify.dll

JVMTI agents:
C:\Users\User\.m2\repository\io\quarkus\quarkus-class-change-agent\3.15.3\quarkus-class-change-agent-3.15.3.jar path:C:\Program Files\Amazon Corretto\jdk21.0.9_10\bin\instrument.dll, loaded, initialized, instrumentlib options:none
jdwp path:C:\Program Files\Amazon Corretto\jdk21.0.9_10\bin\jdwp.dll, loaded, initialized, options:transport=dt_socket,address=localhost:62305,server=y,suspend=n

dbghelp: loaded successfully - version: 4.0.5 - missing functions: none
symbol engine: initialized successfully - sym options: 0x614 - pdb path: .;C:\Program Files\Amazon Corretto\jdk21.0.9_10\bin;C:\Windows\SYSTEM32;C:\Windows\WinSxS\amd64_microsoft.windows.common-controls_6595b64144ccf1df_6.0.19041.6456_none_60b8a6cb71f64256;C:\Program Files\Amazon Corretto\jdk21.0.9_10\bin\server

VM Arguments:
jvm_args: -Dquarkus-internal.serialized-app-model.path=C:\Users\User\Documents\Desenvolvimento\desafio-painel-investimentos-quarkus\target\quarkus\bootstrap\dev-app-model.dat -javaagent:C:\Users\User\.m2\repository\io\quarkus\quarkus-class-change-agent\3.15.3\quarkus-class-change-agent-3.15.3.jar -XX:TieredStopAtLevel=1 -agentlib:jdwp=transport=dt_socket,address=localhost:62305,server=y,suspend=n -Djava.util.logging.manager=org.jboss.logmanager.LogManager 
java_command: C:\Users\User\Documents\Desenvolvimento\desafio-painel-investimentos-quarkus\target\desafio-painel-investimentos-quarkus-dev.jar
java_class_path (initial): C:\Users\User\Documents\Desenvolvimento\desafio-painel-investimentos-quarkus\target\desafio-painel-investimentos-quarkus-dev.jar
Launcher Type: SUN_STANDARD

[Global flags]
     intx CICompilerCount                          = 3                                         {product} {ergonomic}
     uint ConcGCThreads                            = 1                                         {product} {ergonomic}
     uint G1ConcRefinementThreads                  = 4                                         {product} {ergonomic}
   size_t G1HeapRegionSize                         = 1048576                                   {product} {ergonomic}
    uintx GCDrainStackTargetSize                   = 64                                        {product} {ergonomic}
   size_t InitialHeapSize                          = 134217728                                 {product} {ergonomic}
   size_t MarkStackSize                            = 4194304                                   {product} {ergonomic}
   size_t MaxHeapSize                              = 2124414976                                {product} {ergonomic}
   size_t MaxNewSize                               = 1274019840                                {product} {ergonomic}
   size_t MinHeapDeltaBytes                        = 1048576                                   {product} {ergonomic}
   size_t MinHeapSize                              = 8388608                                   {product} {ergonomic}
    uintx NonNMethodCodeHeapSize                   = 4096                                   {pd product} {ergonomic}
    uintx NonProfiledCodeHeapSize                  = 0                                      {pd product} {ergonomic}
     bool ProfileInterpreter                       = false                                  {pd product} {command line}
    uintx ProfiledCodeHeapSize                     = 0                                      {pd product} {ergonomic}
   size_t SoftMaxHeapSize                          = 2124414976                             {manageable} {ergonomic}
     intx TieredStopAtLevel                        = 1                                         {product} {command line}
     bool UseCompressedOops                        = true                           {product lp64_product} {ergonomic}
     bool UseG1GC                                  = true                                      {product} {ergonomic}
     bool UseLargePagesIndividualAllocation        = false                                  {pd product} {ergonomic}

Logging:
Log output configuration:
 #0: stdout all=warning uptime,level,tags foldmultilines=false
 #1: stderr all=off uptime,level,tags foldmultilines=false

Release file:
IMPLEMENTOR="Amazon.com Inc." 
IMPLEMENTOR_VERSION="Corretto-21.0.9.10.1" 
JAVA_RUNTIME_VERSION="21.0.9+10-LTS" 
JAVA_VERSION="21.0.9" 
JAVA_VERSION_DATE="2025-10-21" 
LIBC="default" 
MODULES="java.base java.compiler java.datatransfer java.xml java.prefs java.desktop java.instrument java.logging java.management java.security.sasl java.naming java.rmi java.management.rmi java.net.http java.scripting java.security.jgss java.transaction.xa java.sql java.sql.rowset java.xml.crypto java.se java.smartcardio jdk.accessibility jdk.internal.jvmstat jdk.attach jdk.charsets jdk.internal.opt jdk.zipfs jdk.compiler jdk.crypto.ec jdk.crypto.cryptoki jdk.crypto.mscapi jdk.dynalink jdk.internal.ed jdk.editpad jdk.hotspot.agent jdk.httpserver jdk.incubator.vector jdk.internal.le jdk.internal.vm.ci jdk.internal.vm.compiler jdk.internal.vm.compiler.management jdk.jartool jdk.javadoc jdk.jcmd jdk.management jdk.management.agent jdk.jconsole jdk.jdeps jdk.jdwp.agent jdk.jdi jdk.jfr jdk.jlink jdk.jpackage jdk.jshell jdk.jsobject jdk.jstatd jdk.localedata jdk.management.jfr jdk.naming.dns jdk.naming.rmi jdk.net jdk.nio.mapmode jdk.random jdk.sctp jdk.security.auth jdk.security.jgss jdk.unsupported jdk.unsupported.desktop jdk.xml.dom" 
OS_ARCH="x86_64" 
OS_NAME="Windows" 
SOURCE="" 

Environment Variables:
JAVA_HOME=C:\Program Files\Amazon Corretto\jdk21.0.9_10
PATH=C:\Program Files\Amazon Corretto\jdk21.0.9_10\bin;C:\Windows\system32;C:\Windows;C:\Windows\System32\Wbem;C:\Windows\System32\WindowsPowerShell\v1.0\;C:\Windows\System32\OpenSSH\;C:\Program Files\Git\cmd;C:\Users\User\maven\apache-maven-3.9.11\bin;C:\Users\User\AppData\Local\Microsoft\WindowsApps;C:\Users\User\AppData\Local\GitHubDesktop\bin
USERNAME=User
OS=Windows_NT
PROCESSOR_IDENTIFIER=Intel64 Family 6 Model 61 Stepping 4, GenuineIntel
TMP=C:\Users\User\AppData\Local\Temp
TEMP=C:\Users\User\AppData\Local\Temp




Periodic native trim disabled

---------------  S Y S T E M  ---------------

OS:
 Windows 10 , 64 bit Build 19041 (10.0.19041.5915)
OS uptime: 1 days 10:22 hours

CPU: total 4 (initial active 4) (2 cores per cpu, 2 threads per core) family 6 model 61 stepping 4 microcode 0x2d, cx8, cmov, fxsr, ht, mmx, 3dnowpref, sse, sse2, sse3, ssse3, sse4.1, sse4.2, popcnt, lzcnt, tsc, tscinvbit, avx, avx2, aes, erms, clmul, bmi1, bmi2, adx, fma, vzeroupper, clflush, rdtscp, f16c
Processor Information for the first 4 processors :
  Max Mhz: 2000, Current Mhz: 2000, Mhz Limit: 2000

Memory: 4k page, system-wide physical 8102M (305M free)
TotalPageFile size 8102M (AvailPageFile size 28M)
current process WorkingSet (physical memory assigned to process): 157M, peak: 157M
current process commit charge ("private bytes"): 234M, peak: 319M

vm_info: OpenJDK 64-Bit Server VM (21.0.9+10-LTS) for windows-amd64 JRE (21.0.9+10-LTS), built on 2025-10-16T09:41:28Z by "Administrator" with unknown MS VC++:1944

END.
