#
# There is insufficient memory for the Java Runtime Environment to continue.
# Native memory allocation (mmap) failed to map 134217728 bytes. Error detail: G1 virtual space
# Possible reasons:
#   The system is out of physical RAM or swap space
#   This process is running with CompressedOops enabled, and the Java Heap may be blocking the growth of the native heap
# Possible solutions:
#   Reduce memory load on the system
#   Increase physical memory or swap space
#   Check if swap backing store is full
#   Decrease Java heap size (-Xmx/-Xms)
#   Decrease number of Java threads
#   Decrease Java thread stack sizes (-Xss)
#   Set larger code cache with -XX:ReservedCodeCacheSize=
#   JVM is running with Unscaled Compressed Oops mode in which the Java heap is
#     placed in the first 4GB address space. The Java Heap base address is the
#     maximum limit for the native heap growth. Please use -XX:HeapBaseMinAddress
#     to set the Java Heap base and to place the Java Heap above 4GB virtual address.
# This output file may be truncated or incomplete.
#
#  Out of Memory Error (os_windows.cpp:3713), pid=5160, tid=10264
#
# JRE version:  (21.0.9+10) (build )
# Java VM: OpenJDK 64-Bit Server VM (21.0.9+10-LTS, mixed mode, emulated-client, sharing, tiered, compressed oops, compressed class ptrs, g1 gc, windows-amd64)
# No core dump will be written. Minidumps are not enabled by default on client versions of Windows
#

---------------  S U M M A R Y ------------

Command Line: -Dquarkus-internal.serialized-app-model.path=C:\Users\User\Documents\Desenvolvimento\desafio-painel-investimentos-quarkus\target\quarkus\bootstrap\dev-app-model.dat -javaagent:C:\Users\User\.m2\repository\io\quarkus\quarkus-class-change-agent\3.15.3\quarkus-class-change-agent-3.15.3.jar -XX:TieredStopAtLevel=1 -agentlib:jdwp=transport=dt_socket,address=localhost:62365,server=y,suspend=n -Djava.util.logging.manager=org.jboss.logmanager.LogManager C:\Users\User\Documents\Desenvolvimento\desafio-painel-investimentos-quarkus\target\desafio-painel-investimentos-quarkus-dev.jar

Host: Intel(R) Core(TM) i3-5005U CPU @ 2.00GHz, 4 cores, 7G,  Windows 10 , 64 bit Build 19041 (10.0.19041.5915)
Time: Sun Nov 16 02:30:25 2025 Hora Padrão de Buenos Aires elapsed time: 0.028142 seconds (0d 0h 0m 0s)

---------------  T H R E A D  ---------------

Current thread (0x0000028dec0e1570):  JavaThread "Unknown thread" [_thread_in_vm, id=10264, stack(0x00000099cf300000,0x00000099cf400000) (1024K)]

Stack: [0x00000099cf300000,0x00000099cf400000]
Native frames: (J=compiled Java code, j=interpreted, Vv=VM code, C=native code)
V  [jvm.dll+0x6de6a9]
V  [jvm.dll+0x8bbdeb]
V  [jvm.dll+0x8be37a]
V  [jvm.dll+0x8bea53]
V  [jvm.dll+0x28a1d6]
V  [jvm.dll+0x6db005]
V  [jvm.dll+0x6cefba]
V  [jvm.dll+0x36498e]
V  [jvm.dll+0x36c85b]
V  [jvm.dll+0x3be1c9]
V  [jvm.dll+0x3be46b]
V  [jvm.dll+0x338b57]
V  [jvm.dll+0x33969b]
V  [jvm.dll+0x88573e]
V  [jvm.dll+0x3cb121]
V  [jvm.dll+0x86e64c]
V  [jvm.dll+0x45e121]
V  [jvm.dll+0x45fd61]
C  [jli.dll+0x52f0]
C  [ucrtbase.dll+0x21bb2]
C  [KERNEL32.DLL+0x17374]
C  [ntdll.dll+0x4cc91]


---------------  P R O C E S S  ---------------

Threads class SMR info:
_java_thread_list=0x00007ffb5eb611c8, length=0, elements={
}

Java Threads: ( => current thread )
Total: 0

Other Threads:
  0x0000028dee342550 WorkerThread "GC Thread#0"                     [id=8896, stack(0x00000099cf400000,0x00000099cf500000) (1024K)]
  0x0000028dee355bd0 ConcurrentGCThread "G1 Main Marker"            [id=1680, stack(0x00000099cf500000,0x00000099cf600000) (1024K)]
  0x0000028dee3572e0 WorkerThread "G1 Conc#0"                       [id=2320, stack(0x00000099cf600000,0x00000099cf700000) (1024K)]

[error occurred during error reporting (printing all threads), id 0xc0000005, EXCEPTION_ACCESS_VIOLATION (0xc0000005) at pc=0x00007ffb5e25b5d7]
VM state: not at safepoint (not fully initialized)

VM Mutex/Monitor currently owned by a thread:  ([mutex/lock_event])
[0x00007ffb5ebd5670] Heap_lock - owner thread: 0x0000028dec0e1570

Heap address: 0x0000000081600000, size: 2026 MB, Compressed Oops mode: 32-bit

CDS archive(s) mapped at: [0x0000000000000000-0x0000000000000000-0x0000000000000000), size 0, SharedBaseAddress: 0x0000000800000000, ArchiveRelocationMode: 1.
Narrow klass base: 0x0000000000000000, Narrow klass shift: 0, Narrow klass range: 0x0

GC Precious Log:
 CardTable entry size: 512
 Card Set container configuration: InlinePtr #cards 5 size 8 Array Of Cards #cards 12 size 40 Howl #buckets 4 coarsen threshold 1843 Howl Bitmap #cards 512 size 80 coarsen threshold 460 Card regions per heap region 1 cards per card region 2048

Heap:
 garbage-first heap   total 0K, used 0K [0x0000000081600000, 0x0000000100000000)
  region size 1024K, 0 young (0K), 0 survivors (0K)

[error occurred during error reporting (printing heap information), id 0xc0000005, EXCEPTION_ACCESS_VIOLATION (0xc0000005) at pc=0x00007ffb5e648409]
GC Heap History (0 events):
No events

Dll operation events (1 events):
Event: 0.018 Loaded shared library C:\Program Files\Amazon Corretto\jdk21.0.9_10\bin\java.dll

Deoptimization events (0 events):
No events

Classes loaded (0 events):
No events

Classes unloaded (0 events):
No events

Classes redefined (0 events):
No events

Internal exceptions (0 events):
No events

ZGC Phase Switch (0 events):
No events

VM Operations (0 events):
No events

Memory protections (0 events):
No events

Nmethod flushes (0 events):
No events

Events (0 events):
No events


Dynamic libraries:
0x00007ff600ad0000 - 0x00007ff600ade000 	C:\Program Files\Amazon Corretto\jdk21.0.9_10\bin\java.EXE
0x00007ffb97670000 - 0x00007ffb97868000 	C:\Windows\SYSTEM32\ntdll.dll
0x00007ffb957b0000 - 0x00007ffb95872000 	C:\Windows\System32\KERNEL32.DLL
0x00007ffb95160000 - 0x00007ffb95456000 	C:\Windows\System32\KERNELBASE.dll
0x00007ffb94d00000 - 0x00007ffb94e00000 	C:\Windows\System32\ucrtbase.dll
0x00007ffb8e380000 - 0x00007ffb8e39e000 	C:\Program Files\Amazon Corretto\jdk21.0.9_10\bin\VCRUNTIME140.dll
0x00007ffb8eb30000 - 0x00007ffb8eb48000 	C:\Program Files\Amazon Corretto\jdk21.0.9_10\bin\jli.dll
0x00007ffb96290000 - 0x00007ffb96431000 	C:\Windows\System32\USER32.dll
0x00007ffb955d0000 - 0x00007ffb955f2000 	C:\Windows\System32\win32u.dll
0x00007ffb96c40000 - 0x00007ffb96c6b000 	C:\Windows\System32\GDI32.dll
0x00007ffb95460000 - 0x00007ffb95579000 	C:\Windows\System32\gdi32full.dll
0x00007ffb85110000 - 0x00007ffb853ab000 	C:\Windows\WinSxS\amd64_microsoft.windows.common-controls_6595b64144ccf1df_6.0.19041.6456_none_60b8a6cb71f64256\COMCTL32.dll
0x00007ffb950c0000 - 0x00007ffb9515d000 	C:\Windows\System32\msvcp_win.dll
0x00007ffb97530000 - 0x00007ffb975ce000 	C:\Windows\System32\msvcrt.dll
0x00007ffb97500000 - 0x00007ffb9752f000 	C:\Windows\System32\IMM32.DLL
0x00007ffb8ed40000 - 0x00007ffb8ed4c000 	C:\Program Files\Amazon Corretto\jdk21.0.9_10\bin\vcruntime140_1.dll
0x00007ffb8dc20000 - 0x00007ffb8dca9000 	C:\Program Files\Amazon Corretto\jdk21.0.9_10\bin\msvcp140.dll
0x00007ffb5df10000 - 0x00007ffb5ecb7000 	C:\Program Files\Amazon Corretto\jdk21.0.9_10\bin\server\jvm.dll
0x00007ffb95690000 - 0x00007ffb95741000 	C:\Windows\System32\ADVAPI32.dll
0x00007ffb96e80000 - 0x00007ffb96f1f000 	C:\Windows\System32\sechost.dll
0x00007ffb97290000 - 0x00007ffb973b0000 	C:\Windows\System32\RPCRT4.dll
0x00007ffb94e00000 - 0x00007ffb94e27000 	C:\Windows\System32\bcrypt.dll
0x00007ffb97220000 - 0x00007ffb9728b000 	C:\Windows\System32\WS2_32.dll
0x00007ffb83350000 - 0x00007ffb83377000 	C:\Windows\SYSTEM32\WINMM.dll
0x00007ffb94b60000 - 0x00007ffb94bab000 	C:\Windows\SYSTEM32\POWRPROF.dll
0x00007ffb88ae0000 - 0x00007ffb88aea000 	C:\Windows\SYSTEM32\VERSION.dll
0x00007ffb94b40000 - 0x00007ffb94b52000 	C:\Windows\SYSTEM32\UMPDC.dll
0x00007ffb92b70000 - 0x00007ffb92b82000 	C:\Windows\SYSTEM32\kernel.appcore.dll
0x00007ffb8e370000 - 0x00007ffb8e37a000 	C:\Program Files\Amazon Corretto\jdk21.0.9_10\bin\jimage.dll
0x00007ffb80cc0000 - 0x00007ffb80ec1000 	C:\Windows\SYSTEM32\DBGHELP.DLL
0x00007ffb7c9a0000 - 0x00007ffb7c9d4000 	C:\Windows\SYSTEM32\dbgcore.DLL
0x00007ffb95600000 - 0x00007ffb95682000 	C:\Windows\System32\bcryptPrimitives.dll
0x00007ffb8f390000 - 0x00007ffb8f3a0000 	C:\Program Files\Amazon Corretto\jdk21.0.9_10\bin\instrument.dll
0x00007ffb8e340000 - 0x00007ffb8e361000 	C:\Program Files\Amazon Corretto\jdk21.0.9_10\bin\java.dll
0x00007ffb8f0a0000 - 0x00007ffb8f0dc000 	C:\Program Files\Amazon Corretto\jdk21.0.9_10\bin\jdwp.dll

JVMTI agents:
C:\Users\User\.m2\repository\io\quarkus\quarkus-class-change-agent\3.15.3\quarkus-class-change-agent-3.15.3.jar path:none, loaded, not initialized, instrumentlib options:none
jdwp path:none, loaded, not initialized, options:transport=dt_socket,address=localhost:62365,server=y,suspend=n

dbghelp: loaded successfully - version: 4.0.5 - missing functions: none
symbol engine: initialized successfully - sym options: 0x614 - pdb path: .;C:\Program Files\Amazon Corretto\jdk21.0.9_10\bin;C:\Windows\SYSTEM32;C:\Windows\WinSxS\amd64_microsoft.windows.common-controls_6595b64144ccf1df_6.0.19041.6456_none_60b8a6cb71f64256;C:\Program Files\Amazon Corretto\jdk21.0.9_10\bin\server

VM Arguments:
jvm_args: -Dquarkus-internal.serialized-app-model.path=C:\Users\User\Documents\Desenvolvimento\desafio-painel-investimentos-quarkus\target\quarkus\bootstrap\dev-app-model.dat -javaagent:C:\Users\User\.m2\repository\io\quarkus\quarkus-class-change-agent\3.15.3\quarkus-class-change-agent-3.15.3.jar -XX:TieredStopAtLevel=1 -agentlib:jdwp=transport=dt_socket,address=localhost:62365,server=y,suspend=n -Djava.util.logging.manager=org.jboss.logmanager.LogManager 
java_command: C:\Users\User\Documents\Desenvolvimento\desafio-painel-investimentos-quarkus\target\desafio-painel-investimentos-quarkus-dev.jar
java_class_path (initial): C:\Users\User\Documents\Desenvolvimento\desafio-painel-investimentos-quarkus\target\desafio-painel-investimentos-quarkus-dev.jar
Launcher Type: SUN_STANDARD

[Global flags]
     intx CICompilerCount                          = 3                                         {product} {ergonomic}
     uint ConcGCThreads                            = 1                                         {product} {ergonomic}
     uint G1ConcRefinementThreads                  = 4                                         {product} {ergonomic}
   size_t G1HeapRegionSize                         = 1048576                                   {product} {ergonomic}
    uintx GCDrainStackTargetSize                   = 64                                        {product} {ergonomic}
   size_t InitialHeapSize                          = 134217728                                 {product} {ergonomic}
   size_t MarkStackSize                            = 4194304                                   {product} {ergonomic}
   size_t MaxHeapSize                              = 2124414976                                {product} {ergonomic}
   size_t MinHeapDeltaBytes                        = 1048576                                   {product} {ergonomic}
   size_t MinHeapSize                              = 8388608                                   {product} {ergonomic}
    uintx NonNMethodCodeHeapSize                   = 4096                                   {pd product} {ergonomic}
    uintx NonProfiledCodeHeapSize                  = 0                                      {pd product} {ergonomic}
     bool ProfileInterpreter                       = false                                  {pd product} {command line}
    uintx ProfiledCodeHeapSize                     = 0                                      {pd product} {ergonomic}
   size_t SoftMaxHeapSize                          = 2124414976                             {manageable} {ergonomic}
     intx TieredStopAtLevel                        = 1                                         {product} {command line}
     bool UseCompressedOops                        = true                           {product lp64_product} {ergonomic}
     bool UseG1GC                                  = true                                      {product} {ergonomic}
     bool UseLargePagesIndividualAllocation        = false                                  {pd product} {ergonomic}

Logging:
Log output configuration:
 #0: stdout all=warning uptime,level,tags foldmultilines=false
 #1: stderr all=off uptime,level,tags foldmultilines=false

Release file:
<release file has not been read>
Environment Variables:
JAVA_HOME=C:\Program Files\Amazon Corretto\jdk21.0.9_10
PATH=C:\Program Files\Amazon Corretto\jdk21.0.9_10\bin;C:\Windows\system32;C:\Windows;C:\Windows\System32\Wbem;C:\Windows\System32\WindowsPowerShell\v1.0\;C:\Windows\System32\OpenSSH\;C:\Program Files\Git\cmd;C:\Users\User\maven\apache-maven-3.9.11\bin;C:\Users\User\AppData\Local\Microsoft\WindowsApps;C:\Users\User\AppData\Local\GitHubDesktop\bin
USERNAME=User
OS=Windows_NT
PROCESSOR_IDENTIFIER=Intel64 Family 6 Model 61 Stepping 4, GenuineIntel
TMP=C:\Users\User\AppData\Local\Temp
TEMP=C:\Users\User\AppData\Local\Temp




Periodic native trim disabled

---------------  S Y S T E M  ---------------

OS:
 Windows 10 , 64 bit Build 19041 (10.0.19041.5915)
OS uptime: 1 days 10:32 hours

CPU: total 4 (initial active 4) (2 cores per cpu, 2 threads per core) family 6 model 61 stepping 4 microcode 0x2d, cx8, cmov, fxsr, ht, mmx, 3dnowpref, sse, sse2, sse3, ssse3, sse4.1, sse4.2, popcnt, lzcnt, tsc, tscinvbit, avx, avx2, aes, erms, clmul, bmi1, bmi2, adx, fma, vzeroupper, clflush, rdtscp, f16c
Processor Information for the first 4 processors :
  Max Mhz: 2000, Current Mhz: 2000, Mhz Limit: 2000

Memory: 4k page, system-wide physical 8102M (382M free)
TotalPageFile size 8102M (AvailPageFile size 76M)
current process WorkingSet (physical memory assigned to process): 10M, peak: 10M
current process commit charge ("private bytes"): 47M, peak: 175M

vm_info: OpenJDK 64-Bit Server VM (21.0.9+10-LTS) for windows-amd64 JRE (21.0.9+10-LTS), built on 2025-10-16T09:41:28Z by "Administrator" with unknown MS VC++:1944

END.
