#
# There is insufficient memory for the Java Runtime Environment to continue.
# Native memory allocation (malloc) failed to allocate 131088 bytes. Error detail: Chunk::new
# Possible reasons:
#   The system is out of physical RAM or swap space
#   This process is running with CompressedOops enabled, and the Java Heap may be blocking the growth of the native heap
# Possible solutions:
#   Reduce memory load on the system
#   Increase physical memory or swap space
#   Check if swap backing store is full
#   Decrease Java heap size (-Xmx/-Xms)
#   Decrease number of Java threads
#   Decrease Java thread stack sizes (-Xss)
#   Set larger code cache with -XX:ReservedCodeCacheSize=
#   JVM is running with Unscaled Compressed Oops mode in which the Java heap is
#     placed in the first 4GB address space. The Java Heap base address is the
#     maximum limit for the native heap growth. Please use -XX:HeapBaseMinAddress
#     to set the Java Heap base and to place the Java Heap above 4GB virtual address.
# This output file may be truncated or incomplete.
#
#  Out of Memory Error (arena.cpp:168), pid=12408, tid=9236
#
# JRE version: OpenJDK Runtime Environment JBR-21.0.8+1-1038.73-jcef (21.0.8+1) (build 21.0.8+1-b1038.73)
# Java VM: OpenJDK 64-Bit Server VM JBR-21.0.8+1-1038.73-jcef (21.0.8+1-b1038.73, mixed mode, sharing, tiered, compressed oops, compressed class ptrs, g1 gc, windows-amd64)
# No core dump will be written. Minidumps are not enabled by default on client versions of Windows
#

---------------  S U M M A R Y ------------

Command Line: git4idea.http.GitAskPassApp Username for 'https://github.com': 

Host: Intel(R) Core(TM) i3-5005U CPU @ 2.00GHz, 4 cores, 7G,  Windows 10 , 64 bit Build 19041 (10.0.19041.5915)
Time: Sat Nov 15 17:58:38 2025 Hora Padrão de Buenos Aires elapsed time: 1.106093 seconds (0d 0h 0m 1s)

---------------  T H R E A D  ---------------

Current thread (0x00000279774c3fe0):  JavaThread "C2 CompilerThread0" daemon [_thread_in_native, id=9236, stack(0x000000a95aa00000,0x000000a95ab00000) (1024K)]


Current CompileTask:
C2:1106 1077       4       sun.security.ec.ECOperations::setDouble (463 bytes)

Stack: [0x000000a95aa00000,0x000000a95ab00000]
Native frames: (J=compiled Java code, j=interpreted, Vv=VM code, C=native code)
V  [jvm.dll+0x6ebeb9]
V  [jvm.dll+0x8cbec3]
V  [jvm.dll+0x8ce47e]
V  [jvm.dll+0x8ceb63]
V  [jvm.dll+0x28adf6]
V  [jvm.dll+0xc6f3d]
V  [jvm.dll+0xc7473]
V  [jvm.dll+0xc7065]
V  [jvm.dll+0x6c63bc]
V  [jvm.dll+0x61ff1e]
V  [jvm.dll+0x60e9db]
V  [jvm.dll+0x60e605]
V  [jvm.dll+0x8308ca]
V  [jvm.dll+0x827cdc]
V  [jvm.dll+0x833a4a]
V  [jvm.dll+0x612472]
V  [jvm.dll+0x25aea2]
V  [jvm.dll+0x25b25f]
V  [jvm.dll+0x253a05]
V  [jvm.dll+0x25125e]
V  [jvm.dll+0x1ceb64]
V  [jvm.dll+0x260bfe]
V  [jvm.dll+0x25f146]
V  [jvm.dll+0x402ee6]
V  [jvm.dll+0x873a78]
V  [jvm.dll+0x6ea63d]
C  [ucrtbase.dll+0x21bb2]
C  [KERNEL32.DLL+0x17374]
C  [ntdll.dll+0x4cc91]


---------------  P R O C E S S  ---------------

Threads class SMR info:
_java_thread_list=0x0000027977a1b660, length=15, elements={
0x000002796c5b31f0, 0x000002797749d780, 0x00000279774a3ae0, 0x00000279774a78c0,
0x00000279774aa5b0, 0x00000279774ab010, 0x00000279774ada80, 0x00000279774ae8e0,
0x00000279774c3fe0, 0x00000279774c6a90, 0x0000027977727260, 0x000002797797a600,
0x0000027977a16830, 0x0000027977a1aeb0, 0x0000027977a09f80
}

Java Threads: ( => current thread )
  0x000002796c5b31f0 JavaThread "main"                              [_thread_blocked, id=6676, stack(0x000000a959b00000,0x000000a959c00000) (1024K)]
  0x000002797749d780 JavaThread "Common-Cleaner"             daemon [_thread_blocked, id=13124, stack(0x000000a95a300000,0x000000a95a400000) (1024K)]
  0x00000279774a3ae0 JavaThread "Reference Handler"          daemon [_thread_blocked, id=11860, stack(0x000000a95a400000,0x000000a95a500000) (1024K)]
  0x00000279774a78c0 JavaThread "Finalizer"                  daemon [_thread_blocked, id=13092, stack(0x000000a95a500000,0x000000a95a600000) (1024K)]
  0x00000279774aa5b0 JavaThread "Signal Dispatcher"          daemon [_thread_blocked, id=13292, stack(0x000000a95a600000,0x000000a95a700000) (1024K)]
  0x00000279774ab010 JavaThread "Attach Listener"            daemon [_thread_blocked, id=11412, stack(0x000000a95a700000,0x000000a95a800000) (1024K)]
  0x00000279774ada80 JavaThread "Service Thread"             daemon [_thread_blocked, id=9068, stack(0x000000a95a800000,0x000000a95a900000) (1024K)]
  0x00000279774ae8e0 JavaThread "Monitor Deflation Thread"   daemon [_thread_blocked, id=6560, stack(0x000000a95a900000,0x000000a95aa00000) (1024K)]
=>0x00000279774c3fe0 JavaThread "C2 CompilerThread0"         daemon [_thread_in_native, id=9236, stack(0x000000a95aa00000,0x000000a95ab00000) (1024K)]
  0x00000279774c6a90 JavaThread "C1 CompilerThread0"         daemon [_thread_blocked, id=3528, stack(0x000000a95ab00000,0x000000a95ac00000) (1024K)]
  0x0000027977727260 JavaThread "Notification Thread"        daemon [_thread_blocked, id=11340, stack(0x000000a95ac00000,0x000000a95ad00000) (1024K)]
  0x000002797797a600 JavaThread "HttpClient-1-SelectorManager" daemon [_thread_in_native, id=3464, stack(0x000000a95ad00000,0x000000a95ae00000) (1024K)]
  0x0000027977a16830 JavaThread "HttpClient-1-Worker-0"      daemon [_thread_blocked, id=6832, stack(0x000000a95af00000,0x000000a95b000000) (1024K)]
  0x0000027977a1aeb0 JavaThread "HttpClient-1-Worker-1"      daemon [_thread_blocked, id=13224, stack(0x000000a95b000000,0x000000a95b100000) (1024K)]
  0x0000027977a09f80 JavaThread "C2 CompilerThread1"         daemon [_thread_blocked, id=11964, stack(0x000000a95b100000,0x000000a95b200000) (1024K)]
Total: 15

Other Threads:
  0x0000027977482af0 VMThread "VM Thread"                           [id=8640, stack(0x000000a95a200000,0x000000a95a300000) (1024K)]
  0x0000027977474110 WatcherThread "VM Periodic Task Thread"        [id=12528, stack(0x000000a95a100000,0x000000a95a200000) (1024K)]
  0x000002796e8216f0 WorkerThread "GC Thread#0"                     [id=8752, stack(0x000000a959c00000,0x000000a959d00000) (1024K)]
  0x000002797c1e8220 WorkerThread "GC Thread#1"                     [id=4068, stack(0x000000a95b200000,0x000000a95b300000) (1024K)]
  0x000002797c2059e0 WorkerThread "GC Thread#2"                     [id=4120, stack(0x000000a95b300000,0x000000a95b400000) (1024K)]
  0x0000027977a016b0 WorkerThread "GC Thread#3"                     [id=11204, stack(0x000000a95b400000,0x000000a95b500000) (1024K)]
  0x000002796e8335d0 ConcurrentGCThread "G1 Main Marker"            [id=11284, stack(0x000000a959d00000,0x000000a959e00000) (1024K)]
  0x000002796e834870 WorkerThread "G1 Conc#0"                       [id=11308, stack(0x000000a959e00000,0x000000a959f00000) (1024K)]
  0x00000279773324c0 ConcurrentGCThread "G1 Refine#0"               [id=2816, stack(0x000000a959f00000,0x000000a95a000000) (1024K)]
  0x000002796e89e4f0 ConcurrentGCThread "G1 Service"                [id=5532, stack(0x000000a95a000000,0x000000a95a100000) (1024K)]
Total: 10

Threads with active compile tasks:
C2 CompilerThread0  1157 1077       4       sun.security.ec.ECOperations::setDouble (463 bytes)
Total: 1

VM state: not at safepoint (normal execution)

VM Mutex/Monitor currently owned by a thread: None

Heap address: 0x0000000081600000, size: 2026 MB, Compressed Oops mode: 32-bit

CDS archive(s) mapped at: [0x000002790f000000-0x0000027910c00000-0x0000027910c00000), size 29360128, SharedBaseAddress: 0x000002790f000000, ArchiveRelocationMode: 1.
Compressed class space mapped at: 0x0000027911000000-0x0000027951000000, reserved size: 1073741824
Narrow klass base: 0x000002790f000000, Narrow klass shift: 0, Narrow klass range: 0x100000000

GC Precious Log:
 CardTable entry size: 512
 Card Set container configuration: InlinePtr #cards 5 size 8 Array Of Cards #cards 12 size 40 Howl #buckets 4 coarsen threshold 1843 Howl Bitmap #cards 512 size 80 coarsen threshold 460 Card regions per heap region 1 cards per card region 2048
 CPUs: 4 total, 4 available
 Memory: 8102M
 Large Page Support: Disabled
 NUMA Support: Disabled
 Compressed Oops: Enabled (32-bit)
 Heap Region Size: 1M
 Heap Min Capacity: 8M
 Heap Initial Capacity: 128M
 Heap Max Capacity: 2026M
 Pre-touch: Disabled
 Parallel Workers: 4
 Concurrent Workers: 1
 Concurrent Refinement Workers: 4
 Periodic GC: Disabled

Heap:
 garbage-first heap   total 131072K, used 4419K [0x0000000081600000, 0x0000000100000000)
  region size 1024K, 5 young (5120K), 2 survivors (2048K)
 Metaspace       used 3476K, committed 3712K, reserved 1114112K
  class space    used 423K, committed 512K, reserved 1048576K

Heap Regions: E=young(eden), S=young(survivor), O=old, HS=humongous(starts), HC=humongous(continues), CS=collection set, F=free, TAMS=top-at-mark-start, PB=parsable bottom
|   0|0x0000000081600000, 0x0000000081650fc0, 0x0000000081700000| 31%| O|  |TAMS 0x0000000081600000| PB 0x0000000081600000| Untracked 
|   1|0x0000000081700000, 0x0000000081700000, 0x0000000081800000|  0%| F|  |TAMS 0x0000000081700000| PB 0x0000000081700000| Untracked 
|   2|0x0000000081800000, 0x0000000081800000, 0x0000000081900000|  0%| F|  |TAMS 0x0000000081800000| PB 0x0000000081800000| Untracked 
|   3|0x0000000081900000, 0x0000000081900000, 0x0000000081a00000|  0%| F|  |TAMS 0x0000000081900000| PB 0x0000000081900000| Untracked 
|   4|0x0000000081a00000, 0x0000000081a00000, 0x0000000081b00000|  0%| F|  |TAMS 0x0000000081a00000| PB 0x0000000081a00000| Untracked 
|   5|0x0000000081b00000, 0x0000000081b00000, 0x0000000081c00000|  0%| F|  |TAMS 0x0000000081b00000| PB 0x0000000081b00000| Untracked 
|   6|0x0000000081c00000, 0x0000000081c00000, 0x0000000081d00000|  0%| F|  |TAMS 0x0000000081c00000| PB 0x0000000081c00000| Untracked 
|   7|0x0000000081d00000, 0x0000000081d00000, 0x0000000081e00000|  0%| F|  |TAMS 0x0000000081d00000| PB 0x0000000081d00000| Untracked 
|   8|0x0000000081e00000, 0x0000000081e00000, 0x0000000081f00000|  0%| F|  |TAMS 0x0000000081e00000| PB 0x0000000081e00000| Untracked 
|   9|0x0000000081f00000, 0x0000000081f00000, 0x0000000082000000|  0%| F|  |TAMS 0x0000000081f00000| PB 0x0000000081f00000| Untracked 
|  10|0x0000000082000000, 0x0000000082000000, 0x0000000082100000|  0%| F|  |TAMS 0x0000000082000000| PB 0x0000000082000000| Untracked 
|  11|0x0000000082100000, 0x0000000082100000, 0x0000000082200000|  0%| F|  |TAMS 0x0000000082100000| PB 0x0000000082100000| Untracked 
|  12|0x0000000082200000, 0x0000000082200000, 0x0000000082300000|  0%| F|  |TAMS 0x0000000082200000| PB 0x0000000082200000| Untracked 
|  13|0x0000000082300000, 0x0000000082300000, 0x0000000082400000|  0%| F|  |TAMS 0x0000000082300000| PB 0x0000000082300000| Untracked 
|  14|0x0000000082400000, 0x0000000082400000, 0x0000000082500000|  0%| F|  |TAMS 0x0000000082400000| PB 0x0000000082400000| Untracked 
|  15|0x0000000082500000, 0x0000000082500000, 0x0000000082600000|  0%| F|  |TAMS 0x0000000082500000| PB 0x0000000082500000| Untracked 
|  16|0x0000000082600000, 0x0000000082600000, 0x0000000082700000|  0%| F|  |TAMS 0x0000000082600000| PB 0x0000000082600000| Untracked 
|  17|0x0000000082700000, 0x0000000082700000, 0x0000000082800000|  0%| F|  |TAMS 0x0000000082700000| PB 0x0000000082700000| Untracked 
|  18|0x0000000082800000, 0x0000000082800000, 0x0000000082900000|  0%| F|  |TAMS 0x0000000082800000| PB 0x0000000082800000| Untracked 
|  19|0x0000000082900000, 0x0000000082900000, 0x0000000082a00000|  0%| F|  |TAMS 0x0000000082900000| PB 0x0000000082900000| Untracked 
|  20|0x0000000082a00000, 0x0000000082a00000, 0x0000000082b00000|  0%| F|  |TAMS 0x0000000082a00000| PB 0x0000000082a00000| Untracked 
|  21|0x0000000082b00000, 0x0000000082b00000, 0x0000000082c00000|  0%| F|  |TAMS 0x0000000082b00000| PB 0x0000000082b00000| Untracked 
|  22|0x0000000082c00000, 0x0000000082c00000, 0x0000000082d00000|  0%| F|  |TAMS 0x0000000082c00000| PB 0x0000000082c00000| Untracked 
|  23|0x0000000082d00000, 0x0000000082d00000, 0x0000000082e00000|  0%| F|  |TAMS 0x0000000082d00000| PB 0x0000000082d00000| Untracked 
|  24|0x0000000082e00000, 0x0000000082e00000, 0x0000000082f00000|  0%| F|  |TAMS 0x0000000082e00000| PB 0x0000000082e00000| Untracked 
|  25|0x0000000082f00000, 0x0000000082f00000, 0x0000000083000000|  0%| F|  |TAMS 0x0000000082f00000| PB 0x0000000082f00000| Untracked 
|  26|0x0000000083000000, 0x0000000083000000, 0x0000000083100000|  0%| F|  |TAMS 0x0000000083000000| PB 0x0000000083000000| Untracked 
|  27|0x0000000083100000, 0x0000000083100000, 0x0000000083200000|  0%| F|  |TAMS 0x0000000083100000| PB 0x0000000083100000| Untracked 
|  28|0x0000000083200000, 0x0000000083200000, 0x0000000083300000|  0%| F|  |TAMS 0x0000000083200000| PB 0x0000000083200000| Untracked 
|  29|0x0000000083300000, 0x0000000083300000, 0x0000000083400000|  0%| F|  |TAMS 0x0000000083300000| PB 0x0000000083300000| Untracked 
|  30|0x0000000083400000, 0x0000000083400000, 0x0000000083500000|  0%| F|  |TAMS 0x0000000083400000| PB 0x0000000083400000| Untracked 
|  31|0x0000000083500000, 0x0000000083500000, 0x0000000083600000|  0%| F|  |TAMS 0x0000000083500000| PB 0x0000000083500000| Untracked 
|  32|0x0000000083600000, 0x0000000083600000, 0x0000000083700000|  0%| F|  |TAMS 0x0000000083600000| PB 0x0000000083600000| Untracked 
|  33|0x0000000083700000, 0x0000000083700000, 0x0000000083800000|  0%| F|  |TAMS 0x0000000083700000| PB 0x0000000083700000| Untracked 
|  34|0x0000000083800000, 0x0000000083800000, 0x0000000083900000|  0%| F|  |TAMS 0x0000000083800000| PB 0x0000000083800000| Untracked 
|  35|0x0000000083900000, 0x0000000083900000, 0x0000000083a00000|  0%| F|  |TAMS 0x0000000083900000| PB 0x0000000083900000| Untracked 
|  36|0x0000000083a00000, 0x0000000083a00000, 0x0000000083b00000|  0%| F|  |TAMS 0x0000000083a00000| PB 0x0000000083a00000| Untracked 
|  37|0x0000000083b00000, 0x0000000083b00000, 0x0000000083c00000|  0%| F|  |TAMS 0x0000000083b00000| PB 0x0000000083b00000| Untracked 
|  38|0x0000000083c00000, 0x0000000083c00000, 0x0000000083d00000|  0%| F|  |TAMS 0x0000000083c00000| PB 0x0000000083c00000| Untracked 
|  39|0x0000000083d00000, 0x0000000083d00000, 0x0000000083e00000|  0%| F|  |TAMS 0x0000000083d00000| PB 0x0000000083d00000| Untracked 
|  40|0x0000000083e00000, 0x0000000083e00000, 0x0000000083f00000|  0%| F|  |TAMS 0x0000000083e00000| PB 0x0000000083e00000| Untracked 
|  41|0x0000000083f00000, 0x0000000083f00000, 0x0000000084000000|  0%| F|  |TAMS 0x0000000083f00000| PB 0x0000000083f00000| Untracked 
|  42|0x0000000084000000, 0x0000000084000000, 0x0000000084100000|  0%| F|  |TAMS 0x0000000084000000| PB 0x0000000084000000| Untracked 
|  43|0x0000000084100000, 0x0000000084100000, 0x0000000084200000|  0%| F|  |TAMS 0x0000000084100000| PB 0x0000000084100000| Untracked 
|  44|0x0000000084200000, 0x0000000084200000, 0x0000000084300000|  0%| F|  |TAMS 0x0000000084200000| PB 0x0000000084200000| Untracked 
|  45|0x0000000084300000, 0x0000000084300000, 0x0000000084400000|  0%| F|  |TAMS 0x0000000084300000| PB 0x0000000084300000| Untracked 
|  46|0x0000000084400000, 0x0000000084400000, 0x0000000084500000|  0%| F|  |TAMS 0x0000000084400000| PB 0x0000000084400000| Untracked 
|  47|0x0000000084500000, 0x0000000084500000, 0x0000000084600000|  0%| F|  |TAMS 0x0000000084500000| PB 0x0000000084500000| Untracked 
|  48|0x0000000084600000, 0x0000000084600000, 0x0000000084700000|  0%| F|  |TAMS 0x0000000084600000| PB 0x0000000084600000| Untracked 
|  49|0x0000000084700000, 0x0000000084700000, 0x0000000084800000|  0%| F|  |TAMS 0x0000000084700000| PB 0x0000000084700000| Untracked 
|  50|0x0000000084800000, 0x0000000084800000, 0x0000000084900000|  0%| F|  |TAMS 0x0000000084800000| PB 0x0000000084800000| Untracked 
|  51|0x0000000084900000, 0x0000000084900000, 0x0000000084a00000|  0%| F|  |TAMS 0x0000000084900000| PB 0x0000000084900000| Untracked 
|  52|0x0000000084a00000, 0x0000000084a00000, 0x0000000084b00000|  0%| F|  |TAMS 0x0000000084a00000| PB 0x0000000084a00000| Untracked 
|  53|0x0000000084b00000, 0x0000000084b00000, 0x0000000084c00000|  0%| F|  |TAMS 0x0000000084b00000| PB 0x0000000084b00000| Untracked 
|  54|0x0000000084c00000, 0x0000000084c00000, 0x0000000084d00000|  0%| F|  |TAMS 0x0000000084c00000| PB 0x0000000084c00000| Untracked 
|  55|0x0000000084d00000, 0x0000000084d00000, 0x0000000084e00000|  0%| F|  |TAMS 0x0000000084d00000| PB 0x0000000084d00000| Untracked 
|  56|0x0000000084e00000, 0x0000000084e00000, 0x0000000084f00000|  0%| F|  |TAMS 0x0000000084e00000| PB 0x0000000084e00000| Untracked 
|  57|0x0000000084f00000, 0x0000000084f00000, 0x0000000085000000|  0%| F|  |TAMS 0x0000000084f00000| PB 0x0000000084f00000| Untracked 
|  58|0x0000000085000000, 0x0000000085000000, 0x0000000085100000|  0%| F|  |TAMS 0x0000000085000000| PB 0x0000000085000000| Untracked 
|  59|0x0000000085100000, 0x0000000085100000, 0x0000000085200000|  0%| F|  |TAMS 0x0000000085100000| PB 0x0000000085100000| Untracked 
|  60|0x0000000085200000, 0x0000000085200000, 0x0000000085300000|  0%| F|  |TAMS 0x0000000085200000| PB 0x0000000085200000| Untracked 
|  61|0x0000000085300000, 0x0000000085300000, 0x0000000085400000|  0%| F|  |TAMS 0x0000000085300000| PB 0x0000000085300000| Untracked 
|  62|0x0000000085400000, 0x0000000085400000, 0x0000000085500000|  0%| F|  |TAMS 0x0000000085400000| PB 0x0000000085400000| Untracked 
|  63|0x0000000085500000, 0x0000000085500000, 0x0000000085600000|  0%| F|  |TAMS 0x0000000085500000| PB 0x0000000085500000| Untracked 
|  64|0x0000000085600000, 0x0000000085600000, 0x0000000085700000|  0%| F|  |TAMS 0x0000000085600000| PB 0x0000000085600000| Untracked 
|  65|0x0000000085700000, 0x0000000085700000, 0x0000000085800000|  0%| F|  |TAMS 0x0000000085700000| PB 0x0000000085700000| Untracked 
|  66|0x0000000085800000, 0x0000000085800000, 0x0000000085900000|  0%| F|  |TAMS 0x0000000085800000| PB 0x0000000085800000| Untracked 
|  67|0x0000000085900000, 0x0000000085900000, 0x0000000085a00000|  0%| F|  |TAMS 0x0000000085900000| PB 0x0000000085900000| Untracked 
|  68|0x0000000085a00000, 0x0000000085a00000, 0x0000000085b00000|  0%| F|  |TAMS 0x0000000085a00000| PB 0x0000000085a00000| Untracked 
|  69|0x0000000085b00000, 0x0000000085b00000, 0x0000000085c00000|  0%| F|  |TAMS 0x0000000085b00000| PB 0x0000000085b00000| Untracked 
|  70|0x0000000085c00000, 0x0000000085c00000, 0x0000000085d00000|  0%| F|  |TAMS 0x0000000085c00000| PB 0x0000000085c00000| Untracked 
|  71|0x0000000085d00000, 0x0000000085d00000, 0x0000000085e00000|  0%| F|  |TAMS 0x0000000085d00000| PB 0x0000000085d00000| Untracked 
|  72|0x0000000085e00000, 0x0000000085e00000, 0x0000000085f00000|  0%| F|  |TAMS 0x0000000085e00000| PB 0x0000000085e00000| Untracked 
|  73|0x0000000085f00000, 0x0000000085f00000, 0x0000000086000000|  0%| F|  |TAMS 0x0000000085f00000| PB 0x0000000085f00000| Untracked 
|  74|0x0000000086000000, 0x0000000086000000, 0x0000000086100000|  0%| F|  |TAMS 0x0000000086000000| PB 0x0000000086000000| Untracked 
|  75|0x0000000086100000, 0x0000000086100000, 0x0000000086200000|  0%| F|  |TAMS 0x0000000086100000| PB 0x0000000086100000| Untracked 
|  76|0x0000000086200000, 0x0000000086200000, 0x0000000086300000|  0%| F|  |TAMS 0x0000000086200000| PB 0x0000000086200000| Untracked 
|  77|0x0000000086300000, 0x0000000086300000, 0x0000000086400000|  0%| F|  |TAMS 0x0000000086300000| PB 0x0000000086300000| Untracked 
|  78|0x0000000086400000, 0x0000000086400000, 0x0000000086500000|  0%| F|  |TAMS 0x0000000086400000| PB 0x0000000086400000| Untracked 
|  79|0x0000000086500000, 0x0000000086500000, 0x0000000086600000|  0%| F|  |TAMS 0x0000000086500000| PB 0x0000000086500000| Untracked 
|  80|0x0000000086600000, 0x0000000086600000, 0x0000000086700000|  0%| F|  |TAMS 0x0000000086600000| PB 0x0000000086600000| Untracked 
|  81|0x0000000086700000, 0x0000000086700000, 0x0000000086800000|  0%| F|  |TAMS 0x0000000086700000| PB 0x0000000086700000| Untracked 
|  82|0x0000000086800000, 0x0000000086800000, 0x0000000086900000|  0%| F|  |TAMS 0x0000000086800000| PB 0x0000000086800000| Untracked 
|  83|0x0000000086900000, 0x0000000086900000, 0x0000000086a00000|  0%| F|  |TAMS 0x0000000086900000| PB 0x0000000086900000| Untracked 
|  84|0x0000000086a00000, 0x0000000086a00000, 0x0000000086b00000|  0%| F|  |TAMS 0x0000000086a00000| PB 0x0000000086a00000| Untracked 
|  85|0x0000000086b00000, 0x0000000086b00000, 0x0000000086c00000|  0%| F|  |TAMS 0x0000000086b00000| PB 0x0000000086b00000| Untracked 
|  86|0x0000000086c00000, 0x0000000086c00000, 0x0000000086d00000|  0%| F|  |TAMS 0x0000000086c00000| PB 0x0000000086c00000| Untracked 
|  87|0x0000000086d00000, 0x0000000086d00000, 0x0000000086e00000|  0%| F|  |TAMS 0x0000000086d00000| PB 0x0000000086d00000| Untracked 
|  88|0x0000000086e00000, 0x0000000086e00000, 0x0000000086f00000|  0%| F|  |TAMS 0x0000000086e00000| PB 0x0000000086e00000| Untracked 
|  89|0x0000000086f00000, 0x0000000086f00000, 0x0000000087000000|  0%| F|  |TAMS 0x0000000086f00000| PB 0x0000000086f00000| Untracked 
|  90|0x0000000087000000, 0x0000000087000000, 0x0000000087100000|  0%| F|  |TAMS 0x0000000087000000| PB 0x0000000087000000| Untracked 
|  91|0x0000000087100000, 0x0000000087100000, 0x0000000087200000|  0%| F|  |TAMS 0x0000000087100000| PB 0x0000000087100000| Untracked 
|  92|0x0000000087200000, 0x0000000087200000, 0x0000000087300000|  0%| F|  |TAMS 0x0000000087200000| PB 0x0000000087200000| Untracked 
|  93|0x0000000087300000, 0x0000000087300000, 0x0000000087400000|  0%| F|  |TAMS 0x0000000087300000| PB 0x0000000087300000| Untracked 
|  94|0x0000000087400000, 0x0000000087400000, 0x0000000087500000|  0%| F|  |TAMS 0x0000000087400000| PB 0x0000000087400000| Untracked 
|  95|0x0000000087500000, 0x0000000087500000, 0x0000000087600000|  0%| F|  |TAMS 0x0000000087500000| PB 0x0000000087500000| Untracked 
|  96|0x0000000087600000, 0x0000000087600000, 0x0000000087700000|  0%| F|  |TAMS 0x0000000087600000| PB 0x0000000087600000| Untracked 
|  97|0x0000000087700000, 0x0000000087700000, 0x0000000087800000|  0%| F|  |TAMS 0x0000000087700000| PB 0x0000000087700000| Untracked 
|  98|0x0000000087800000, 0x0000000087800000, 0x0000000087900000|  0%| F|  |TAMS 0x0000000087800000| PB 0x0000000087800000| Untracked 
|  99|0x0000000087900000, 0x0000000087900000, 0x0000000087a00000|  0%| F|  |TAMS 0x0000000087900000| PB 0x0000000087900000| Untracked 
| 100|0x0000000087a00000, 0x0000000087a00000, 0x0000000087b00000|  0%| F|  |TAMS 0x0000000087a00000| PB 0x0000000087a00000| Untracked 
| 101|0x0000000087b00000, 0x0000000087b00000, 0x0000000087c00000|  0%| F|  |TAMS 0x0000000087b00000| PB 0x0000000087b00000| Untracked 
| 102|0x0000000087c00000, 0x0000000087c00000, 0x0000000087d00000|  0%| F|  |TAMS 0x0000000087c00000| PB 0x0000000087c00000| Untracked 
| 103|0x0000000087d00000, 0x0000000087d00000, 0x0000000087e00000|  0%| F|  |TAMS 0x0000000087d00000| PB 0x0000000087d00000| Untracked 
| 104|0x0000000087e00000, 0x0000000087e00000, 0x0000000087f00000|  0%| F|  |TAMS 0x0000000087e00000| PB 0x0000000087e00000| Untracked 
| 105|0x0000000087f00000, 0x0000000087f00000, 0x0000000088000000|  0%| F|  |TAMS 0x0000000087f00000| PB 0x0000000087f00000| Untracked 
| 106|0x0000000088000000, 0x0000000088000000, 0x0000000088100000|  0%| F|  |TAMS 0x0000000088000000| PB 0x0000000088000000| Untracked 
| 107|0x0000000088100000, 0x0000000088100000, 0x0000000088200000|  0%| F|  |TAMS 0x0000000088100000| PB 0x0000000088100000| Untracked 
| 108|0x0000000088200000, 0x0000000088200000, 0x0000000088300000|  0%| F|  |TAMS 0x0000000088200000| PB 0x0000000088200000| Untracked 
| 109|0x0000000088300000, 0x0000000088300000, 0x0000000088400000|  0%| F|  |TAMS 0x0000000088300000| PB 0x0000000088300000| Untracked 
| 110|0x0000000088400000, 0x0000000088400000, 0x0000000088500000|  0%| F|  |TAMS 0x0000000088400000| PB 0x0000000088400000| Untracked 
| 111|0x0000000088500000, 0x0000000088500000, 0x0000000088600000|  0%| F|  |TAMS 0x0000000088500000| PB 0x0000000088500000| Untracked 
| 112|0x0000000088600000, 0x0000000088600000, 0x0000000088700000|  0%| F|  |TAMS 0x0000000088600000| PB 0x0000000088600000| Untracked 
| 113|0x0000000088700000, 0x0000000088800000, 0x0000000088800000|100%| S|CS|TAMS 0x0000000088700000| PB 0x0000000088700000| Complete 
| 114|0x0000000088800000, 0x0000000088900000, 0x0000000088900000|100%| S|CS|TAMS 0x0000000088800000| PB 0x0000000088800000| Complete 
| 115|0x0000000088900000, 0x0000000088900000, 0x0000000088a00000|  0%| F|  |TAMS 0x0000000088900000| PB 0x0000000088900000| Untracked 
| 116|0x0000000088a00000, 0x0000000088a00000, 0x0000000088b00000|  0%| F|  |TAMS 0x0000000088a00000| PB 0x0000000088a00000| Untracked 
| 117|0x0000000088b00000, 0x0000000088b00000, 0x0000000088c00000|  0%| F|  |TAMS 0x0000000088b00000| PB 0x0000000088b00000| Untracked 
| 118|0x0000000088c00000, 0x0000000088c00000, 0x0000000088d00000|  0%| F|  |TAMS 0x0000000088c00000| PB 0x0000000088c00000| Untracked 
| 119|0x0000000088d00000, 0x0000000088d00000, 0x0000000088e00000|  0%| F|  |TAMS 0x0000000088d00000| PB 0x0000000088d00000| Untracked 
| 120|0x0000000088e00000, 0x0000000088e00000, 0x0000000088f00000|  0%| F|  |TAMS 0x0000000088e00000| PB 0x0000000088e00000| Untracked 
| 121|0x0000000088f00000, 0x0000000088f00000, 0x0000000089000000|  0%| F|  |TAMS 0x0000000088f00000| PB 0x0000000088f00000| Untracked 
| 122|0x0000000089000000, 0x0000000089000000, 0x0000000089100000|  0%| F|  |TAMS 0x0000000089000000| PB 0x0000000089000000| Untracked 
| 123|0x0000000089100000, 0x0000000089100000, 0x0000000089200000|  0%| F|  |TAMS 0x0000000089100000| PB 0x0000000089100000| Untracked 
| 124|0x0000000089200000, 0x0000000089200000, 0x0000000089300000|  0%| F|  |TAMS 0x0000000089200000| PB 0x0000000089200000| Untracked 
| 125|0x0000000089300000, 0x000000008935fa38, 0x0000000089400000| 37%| E|  |TAMS 0x0000000089300000| PB 0x0000000089300000| Complete 
| 126|0x0000000089400000, 0x0000000089500000, 0x0000000089500000|100%| E|CS|TAMS 0x0000000089400000| PB 0x0000000089400000| Complete 
| 127|0x0000000089500000, 0x0000000089600000, 0x0000000089600000|100%| E|CS|TAMS 0x0000000089500000| PB 0x0000000089500000| Complete 

Card table byte_map: [0x0000027972c20000,0x0000027973020000] _byte_map_base: 0x0000027972815000

Marking Bits: (CMBitMap*) 0x000002796e822e00
 Bits: [0x0000027973020000, 0x0000027974fc8000)

Polling page: 0x000002796c520000

Metaspace:

Usage:
  Non-class:      2.98 MB used.
      Class:    423.62 KB used.
       Both:      3.39 MB used.

Virtual space:
  Non-class space:       64.00 MB reserved,       3.12 MB (  5%) committed,  1 nodes.
      Class space:        1.00 GB reserved,     512.00 KB ( <1%) committed,  1 nodes.
             Both:        1.06 GB reserved,       3.62 MB ( <1%) committed. 

Chunk freelists:
   Non-Class:  10.17 MB
       Class:  15.38 MB
        Both:  25.56 MB

MaxMetaspaceSize: unlimited
CompressedClassSpaceSize: 1.00 GB
Initial GC threshold: 21.00 MB
Current GC threshold: 21.00 MB
CDS: on
 - commit_granule_bytes: 65536.
 - commit_granule_words: 8192.
 - virtual_space_node_default_size: 8388608.
 - enlarge_chunks_in_place: 1.
 - use_allocation_guard: 0.


Internal statistics:

num_allocs_failed_limit: 0.
num_arena_births: 194.
num_arena_deaths: 0.
num_vsnodes_births: 2.
num_vsnodes_deaths: 0.
num_space_committed: 58.
num_space_uncommitted: 0.
num_chunks_returned_to_freelist: 0.
num_chunks_taken_from_freelist: 352.
num_chunk_merges: 0.
num_chunk_splits: 204.
num_chunks_enlarged: 94.
num_inconsistent_stats: 0.

CodeHeap 'non-profiled nmethods': size=120000Kb used=408Kb max_used=408Kb free=119591Kb
 bounds [0x0000027907ad0000, 0x0000027907d40000, 0x000002790f000000]
CodeHeap 'profiled nmethods': size=120000Kb used=1850Kb max_used=1850Kb free=118149Kb
 bounds [0x0000027900000000, 0x0000027900270000, 0x0000027907530000]
CodeHeap 'non-nmethods': size=5760Kb used=1430Kb max_used=1456Kb free=4329Kb
 bounds [0x0000027907530000, 0x00000279077a0000, 0x0000027907ad0000]
CodeCache: size=245760Kb, used=3688Kb, max_used=3714Kb, free=242069Kb
 total_blobs=1699, nmethods=1184, adapters=420, full_count=0
Compilation: enabled, stopped_count=0, restarted_count=0

Compilation events (20 events):
Event: 1.056 Thread 0x00000279774c6a90 nmethod 1176 0x00000279001c9c90 code [0x00000279001c9ea0, 0x00000279001ca4c0]
Event: 1.056 Thread 0x00000279774c6a90 1177   !   3       jdk.internal.misc.ScopedMemoryAccess::copyMemoryInternal (56 bytes)
Event: 1.057 Thread 0x00000279774c6a90 nmethod 1177 0x00000279001ca890 code [0x00000279001caa80, 0x00000279001cafb8]
Event: 1.057 Thread 0x0000027977a09f80 nmethod 1168 0x0000027907b34690 code [0x0000027907b34840, 0x0000027907b34bb0]
Event: 1.057 Thread 0x0000027977a09f80 1178       4       java.lang.AbstractStringBuilder::append (45 bytes)
Event: 1.058 Thread 0x00000279774c6a90 1179   !   3       java.lang.invoke.MethodHandleNatives::linkMethodHandleConstant (50 bytes)
Event: 1.058 Thread 0x00000279774c6a90 nmethod 1179 0x00000279001cb310 code [0x00000279001cb4e0, 0x00000279001cb6e8]
Event: 1.058 Thread 0x00000279774c6a90 1180       3       java.lang.invoke.MethodHandles$Lookup::linkMethodHandleConstant (223 bytes)
Event: 1.061 Thread 0x00000279774c6a90 nmethod 1180 0x00000279001cb890 code [0x00000279001cbc80, 0x00000279001cd448]
Event: 1.070 Thread 0x00000279774c6a90 1181       3       java.nio.MappedByteBuffer::limit (6 bytes)
Event: 1.070 Thread 0x00000279774c6a90 nmethod 1181 0x00000279001cdc10 code [0x00000279001cddc0, 0x00000279001cdfd0]
Event: 1.071 Thread 0x0000027977a09f80 nmethod 1178 0x0000027907b34d90 code [0x0000027907b34f60, 0x0000027907b35718]
Event: 1.078 Thread 0x00000279774c6a90 1182       1       java.util.concurrent.atomic.AtomicInteger::get (5 bytes)
Event: 1.078 Thread 0x00000279774c6a90 nmethod 1182 0x0000027907b35b10 code [0x0000027907b35ca0, 0x0000027907b35d68]
Event: 1.082 Thread 0x00000279774c6a90 1183       3       java.nio.ByteBuffer::get (9 bytes)
Event: 1.083 Thread 0x00000279774c6a90 nmethod 1183 0x00000279001ce110 code [0x00000279001ce2c0, 0x00000279001ce4a0]
Event: 1.084 Thread 0x00000279774c6a90 1184       3       java.lang.StringCoding::hasNegatives (16 bytes)
Event: 1.084 Thread 0x00000279774c6a90 nmethod 1184 0x00000279001ce590 code [0x00000279001ce740, 0x00000279001ce9e8]
Event: 1.084 Thread 0x00000279774c6a90 1185       1       sun.security.provider.DigestBase::engineGetDigestLength (5 bytes)
Event: 1.084 Thread 0x00000279774c6a90 nmethod 1185 0x0000027907b35e10 code [0x0000027907b35fa0, 0x0000027907b36068]

GC Heap History (2 events):
Event: 0.862 GC heap before
{Heap before GC invocations=0 (full 0):
 garbage-first heap   total 131072K, used 12288K [0x0000000081600000, 0x0000000100000000)
  region size 1024K, 13 young (13312K), 0 survivors (0K)
 Metaspace       used 2993K, committed 3200K, reserved 1114112K
  class space    used 355K, committed 448K, reserved 1048576K
}
Event: 0.872 GC heap after
{Heap after GC invocations=1 (full 0):
 garbage-first heap   total 131072K, used 2371K [0x0000000081600000, 0x0000000100000000)
  region size 1024K, 2 young (2048K), 2 survivors (2048K)
 Metaspace       used 2993K, committed 3200K, reserved 1114112K
  class space    used 355K, committed 448K, reserved 1048576K
}

Dll operation events (2 events):
Event: 0.013 Loaded shared library C:\Program Files\JetBrains\IntelliJ IDEA Community Edition 2025.2.4\jbr\bin\java.dll
Event: 0.242 Loaded shared library C:\Program Files\JetBrains\IntelliJ IDEA Community Edition 2025.2.4\jbr\bin\zip.dll

Deoptimization events (20 events):
Event: 0.959 Thread 0x0000027977a16830 Uncommon trap: trap_request=0xffffff66 fr.pc=0x0000027907b27e78 relative=0x0000000000000318
Event: 0.959 Thread 0x0000027977a16830 Uncommon trap: reason=speculate_class_check action=maybe_recompile pc=0x0000027907b27e78 method=sun.security.util.math.intpoly.IntegerPolynomial.multByInt([JJ)V @ 26 c2
Event: 0.959 Thread 0x0000027977a16830 DEOPT PACKING pc=0x0000027907b27e78 sp=0x000000a95affe000
Event: 0.959 Thread 0x0000027977a16830 DEOPT UNPACKING pc=0x00000279075846a2 sp=0x000000a95affdf40 mode 2
Event: 0.960 Thread 0x0000027977a16830 Uncommon trap: trap_request=0xffffff66 fr.pc=0x0000027907b27e78 relative=0x0000000000000318
Event: 0.960 Thread 0x0000027977a16830 Uncommon trap: reason=speculate_class_check action=maybe_recompile pc=0x0000027907b27e78 method=sun.security.util.math.intpoly.IntegerPolynomial.multByInt([JJ)V @ 26 c2
Event: 0.960 Thread 0x0000027977a16830 DEOPT PACKING pc=0x0000027907b27e78 sp=0x000000a95affe000
Event: 0.960 Thread 0x0000027977a16830 DEOPT UNPACKING pc=0x00000279075846a2 sp=0x000000a95affdf40 mode 2
Event: 0.960 Thread 0x0000027977a16830 Uncommon trap: trap_request=0xffffff66 fr.pc=0x0000027907b27e78 relative=0x0000000000000318
Event: 0.960 Thread 0x0000027977a16830 Uncommon trap: reason=speculate_class_check action=maybe_recompile pc=0x0000027907b27e78 method=sun.security.util.math.intpoly.IntegerPolynomial.multByInt([JJ)V @ 26 c2
Event: 0.960 Thread 0x0000027977a16830 DEOPT PACKING pc=0x0000027907b27e78 sp=0x000000a95affe000
Event: 0.960 Thread 0x0000027977a16830 DEOPT UNPACKING pc=0x00000279075846a2 sp=0x000000a95affdf40 mode 2
Event: 0.960 Thread 0x0000027977a16830 Uncommon trap: trap_request=0xffffff66 fr.pc=0x0000027907b27e78 relative=0x0000000000000318
Event: 0.960 Thread 0x0000027977a16830 Uncommon trap: reason=speculate_class_check action=maybe_recompile pc=0x0000027907b27e78 method=sun.security.util.math.intpoly.IntegerPolynomial.multByInt([JJ)V @ 26 c2
Event: 0.960 Thread 0x0000027977a16830 DEOPT PACKING pc=0x0000027907b27e78 sp=0x000000a95affe000
Event: 0.960 Thread 0x0000027977a16830 DEOPT UNPACKING pc=0x00000279075846a2 sp=0x000000a95affdf40 mode 2
Event: 1.065 Thread 0x000002797797a600 Uncommon trap: trap_request=0xffffff45 fr.pc=0x0000027907b310c8 relative=0x0000000000000908
Event: 1.065 Thread 0x000002797797a600 Uncommon trap: reason=unstable_if action=reinterpret pc=0x0000027907b310c8 method=java.util.HashMap.putVal(ILjava/lang/Object;Ljava/lang/Object;ZZ)Ljava/lang/Object; @ 81 c2
Event: 1.065 Thread 0x000002797797a600 DEOPT PACKING pc=0x0000027907b310c8 sp=0x000000a95adfef50
Event: 1.065 Thread 0x000002797797a600 DEOPT UNPACKING pc=0x00000279075846a2 sp=0x000000a95adfef10 mode 2

Classes loaded (20 events):
Event: 0.550 Loading class jdk/net/ExtendedSocketOptions$1
Event: 0.550 Loading class jdk/net/ExtendedSocketOptions$1 done
Event: 0.555 Loading class java/nio/BufferMismatch
Event: 0.555 Loading class java/nio/BufferMismatch done
Event: 0.555 Loading class sun/nio/ch/SourceChannelImpl
Event: 0.555 Loading class java/nio/channels/Pipe$SourceChannel
Event: 0.555 Loading class java/nio/channels/Pipe$SourceChannel done
Event: 0.555 Loading class sun/nio/ch/SourceChannelImpl done
Event: 0.555 Loading class sun/nio/ch/SinkChannelImpl
Event: 0.555 Loading class java/nio/channels/Pipe$SinkChannel
Event: 0.555 Loading class java/nio/channels/Pipe$SinkChannel done
Event: 0.555 Loading class sun/nio/ch/SinkChannelImpl done
Event: 0.573 Loading class sun/net/spi/DefaultProxySelector$NonProxyInfo
Event: 0.573 Loading class sun/net/spi/DefaultProxySelector$NonProxyInfo done
Event: 0.573 Loading class sun/net/spi/DefaultProxySelector$3
Event: 0.573 Loading class sun/net/spi/DefaultProxySelector$3 done
Event: 0.988 Loading class jdk/internal/event/X509CertificateEvent
Event: 0.988 Loading class jdk/internal/event/X509CertificateEvent done
Event: 1.006 Loading class jdk/internal/event/TLSHandshakeEvent
Event: 1.006 Loading class jdk/internal/event/TLSHandshakeEvent done

Classes unloaded (0 events):
No events

Classes redefined (0 events):
No events

Internal exceptions (20 events):
Event: 0.362 Thread 0x000002796c5b31f0 Exception <a 'java/lang/NoSuchMethodError'{0x0000000089119640}: 'java.lang.Object java.lang.invoke.DirectMethodHandle$Holder.invokeStaticInit(java.lang.Object, java.lang.Object, int, int, int, int)'> (0x0000000089119640) 
thrown [s\src\hotspot\share\interpreter\linkResolver.cpp, line 784]
Event: 0.389 Thread 0x000002796c5b31f0 Exception <a 'java/lang/NoSuchMethodError'{0x00000000891dbfa0}: 'java.lang.Object java.lang.invoke.DirectMethodHandle$Holder.invokeStaticInit(java.lang.Object, java.lang.Object, int)'> (0x00000000891dbfa0) 
thrown [s\src\hotspot\share\interpreter\linkResolver.cpp, line 784]
Event: 0.390 Thread 0x000002796c5b31f0 Exception <a 'java/lang/NoSuchMethodError'{0x00000000891e1ea8}: 'java.lang.Object java.lang.invoke.DirectMethodHandle$Holder.newInvokeSpecial(java.lang.Object, java.lang.Object, int)'> (0x00000000891e1ea8) 
thrown [s\src\hotspot\share\interpreter\linkResolver.cpp, line 784]
Event: 0.397 Thread 0x000002796c5b31f0 Exception <a 'java/lang/NoSuchMethodError'{0x00000000891f7ae8}: 'int java.lang.invoke.DirectMethodHandle$Holder.invokeSpecialIFC(java.lang.Object, java.lang.Object, java.lang.Object)'> (0x00000000891f7ae8) 
thrown [s\src\hotspot\share\interpreter\linkResolver.cpp, line 784]
Event: 0.414 Thread 0x000002796c5b31f0 Exception <a 'java/lang/NoSuchMethodError'{0x000000008902fc80}: 'java.lang.Object java.lang.invoke.Invokers$Holder.invoke_MT(java.lang.Object, java.lang.Object, java.lang.Object, java.lang.Object, java.lang.Object, java.lang.Object, java.lang.Object, java.lang.Object, java.lang.Object, java.lang.Object)'> (0x000000008902fc80) 
thrown [s\src\hotspot\share\interpreter\linkResolver.cpp, line 784]
Event: 0.433 Thread 0x000002796c5b31f0 Exception <a 'java/lang/NoSuchMethodError'{0x000000008906f6a8}: 'int java.lang.invoke.DirectMethodHandle$Holder.invokeSpecial(java.lang.Object, java.lang.Object, java.lang.Object, java.lang.Object)'> (0x000000008906f6a8) 
thrown [s\src\hotspot\share\interpreter\linkResolver.cpp, line 784]
Event: 0.438 Thread 0x000002796c5b31f0 Exception <a 'java/lang/NoSuchMethodError'{0x00000000890849d8}: 'java.lang.Object java.lang.invoke.DirectMethodHandle$Holder.invokeSpecial(java.lang.Object, java.lang.Object, int, java.lang.Object, java.lang.Object)'> (0x00000000890849d8) 
thrown [s\src\hotspot\share\interpreter\linkResolver.cpp, line 784]
Event: 0.438 Thread 0x000002796c5b31f0 Exception <a 'java/lang/NoSuchMethodError'{0x00000000890885b0}: 'java.lang.Object java.lang.invoke.DelegatingMethodHandle$Holder.delegate(java.lang.Object, int, java.lang.Object, java.lang.Object)'> (0x00000000890885b0) 
thrown [s\src\hotspot\share\interpreter\linkResolver.cpp, line 784]
Event: 0.442 Thread 0x000002796c5b31f0 Exception <a 'java/lang/NoSuchMethodError'{0x0000000089097e18}: 'int java.lang.invoke.Invokers$Holder.linkToTargetMethod(java.lang.Object, java.lang.Object, java.lang.Object)'> (0x0000000089097e18) 
thrown [s\src\hotspot\share\interpreter\linkResolver.cpp, line 784]
Event: 0.450 Thread 0x000002796c5b31f0 Exception <a 'java/lang/NoSuchMethodError'{0x00000000890c9e38}: 'long java.lang.invoke.DirectMethodHandle$Holder.invokeSpecial(java.lang.Object, java.lang.Object)'> (0x00000000890c9e38) 
thrown [s\src\hotspot\share\interpreter\linkResolver.cpp, line 784]
Event: 0.451 Thread 0x000002796c5b31f0 Exception <a 'java/lang/NoSuchMethodError'{0x00000000890d0b88}: 'java.lang.Object java.lang.invoke.Invokers$Holder.invokeExact_MT(java.lang.Object, java.lang.Object, java.lang.Object, java.lang.Object, java.lang.Object, java.lang.Object)'> (0x00000000890d0b88) 
thrown [s\src\hotspot\share\interpreter\linkResolver.cpp, line 784]
Event: 0.567 Thread 0x000002796c5b31f0 Exception <a 'java/lang/NoSuchMethodError'{0x0000000088d29310}: 'java.lang.Object java.lang.invoke.DirectMethodHandle$Holder.newInvokeSpecial(java.lang.Object, java.lang.Object, java.lang.Object, java.lang.Object, java.lang.Object)'> (0x0000000088d29310) 
thrown [s\src\hotspot\share\interpreter\linkResolver.cpp, line 784]
Event: 0.615 Thread 0x000002796c5b31f0 Exception <a 'java/lang/NoSuchMethodError'{0x0000000088cb7b28}: 'java.lang.Object java.lang.invoke.DirectMethodHandle$Holder.invokeSpecial(java.lang.Object, java.lang.Object, java.lang.Object, java.lang.Object, int)'> (0x0000000088cb7b28) 
thrown [s\src\hotspot\share\interpreter\linkResolver.cpp, line 784]
Event: 0.616 Thread 0x000002796c5b31f0 Exception <a 'java/lang/NoSuchMethodError'{0x0000000088cbb490}: 'java.lang.Object java.lang.invoke.Invokers$Holder.linkToTargetMethod(java.lang.Object, java.lang.Object, int, java.lang.Object)'> (0x0000000088cbb490) 
thrown [s\src\hotspot\share\interpreter\linkResolver.cpp, line 784]
Event: 0.624 Thread 0x000002796c5b31f0 Exception <a 'java/lang/NoSuchMethodError'{0x0000000088ce9a30}: 'void java.lang.invoke.DirectMethodHandle$Holder.invokeSpecial(java.lang.Object, java.lang.Object, java.lang.Object)'> (0x0000000088ce9a30) 
thrown [s\src\hotspot\share\interpreter\linkResolver.cpp, line 784]
Event: 0.649 Thread 0x000002797797a600 Exception <a 'java/lang/NoSuchMethodError'{0x0000000088eef748}: 'void java.lang.invoke.DirectMethodHandle$Holder.invokeStatic(java.lang.Object, java.lang.Object, int)'> (0x0000000088eef748) 
thrown [s\src\hotspot\share\interpreter\linkResolver.cpp, line 784]
Event: 0.674 Thread 0x000002796c5b31f0 Exception <a 'java/lang/NoSuchMethodError'{0x0000000088b7b488}: 'void java.lang.invoke.DirectMethodHandle$Holder.invokeSpecial(java.lang.Object, java.lang.Object, java.lang.Object, java.lang.Object, java.lang.Object)'> (0x0000000088b7b488) 
thrown [s\src\hotspot\share\interpreter\linkResolver.cpp, line 784]
Event: 0.681 Thread 0x0000027977a16830 Exception <a 'java/lang/NoSuchMethodError'{0x0000000088bf4a00}: 'void java.lang.invoke.DirectMethodHandle$Holder.invokeInterface(java.lang.Object, java.lang.Object, java.lang.Object)'> (0x0000000088bf4a00) 
thrown [s\src\hotspot\share\interpreter\linkResolver.cpp, line 784]
Event: 0.937 Thread 0x0000027977a16830 Exception <a 'java/lang/NoSuchMethodError'{0x0000000089576978}: 'void java.lang.invoke.DirectMethodHandle$Holder.invokeInterface(java.lang.Object, java.lang.Object)'> (0x0000000089576978) 
thrown [s\src\hotspot\share\interpreter\linkResolver.cpp, line 784]
Event: 1.008 Thread 0x0000027977a16830 Exception <a 'java/lang/NoSuchMethodError'{0x0000000089408978}: 'void java.lang.invoke.DirectMethodHandle$Holder.invokeStatic(java.lang.Object, java.lang.Object, java.lang.Object, java.lang.Object)'> (0x0000000089408978) 
thrown [s\src\hotspot\share\interpreter\linkResolver.cpp, line 784]

ZGC Phase Switch (0 events):
No events

VM Operations (10 events):
Event: 0.135 Executing VM operation: HandshakeAllThreads (Deoptimize)
Event: 0.135 Executing VM operation: HandshakeAllThreads (Deoptimize) done
Event: 0.145 Executing VM operation: HandshakeAllThreads (Deoptimize)
Event: 0.145 Executing VM operation: HandshakeAllThreads (Deoptimize) done
Event: 0.343 Executing VM operation: HandshakeAllThreads (Deoptimize)
Event: 0.343 Executing VM operation: HandshakeAllThreads (Deoptimize) done
Event: 0.655 Executing VM operation: HandshakeAllThreads (Deoptimize)
Event: 0.655 Executing VM operation: HandshakeAllThreads (Deoptimize) done
Event: 0.862 Executing VM operation: G1CollectForAllocation (G1 Evacuation Pause)
Event: 0.872 Executing VM operation: G1CollectForAllocation (G1 Evacuation Pause) done

Memory protections (0 events):
No events

Nmethod flushes (0 events):
No events

Events (20 events):
Event: 0.073 Thread 0x000002796c5b31f0 Thread added: 0x000002797749d780
Event: 0.076 Thread 0x000002796c5b31f0 Thread added: 0x00000279774a3ae0
Event: 0.076 Thread 0x000002796c5b31f0 Thread added: 0x00000279774a78c0
Event: 0.077 Thread 0x000002796c5b31f0 Thread added: 0x00000279774aa5b0
Event: 0.077 Thread 0x000002796c5b31f0 Thread added: 0x00000279774ab010
Event: 0.077 Thread 0x000002796c5b31f0 Thread added: 0x00000279774ada80
Event: 0.077 Thread 0x000002796c5b31f0 Thread added: 0x00000279774ae8e0
Event: 0.077 Thread 0x000002796c5b31f0 Thread added: 0x00000279774c3fe0
Event: 0.077 Thread 0x000002796c5b31f0 Thread added: 0x00000279774c6a90
Event: 0.109 Thread 0x000002796c5b31f0 Thread added: 0x0000027977727260
Event: 0.118 Loaded shared library C:\Program Files\JetBrains\IntelliJ IDEA Community Edition 2025.2.4\jbr\bin\net.dll
Event: 0.122 Loaded shared library C:\Program Files\JetBrains\IntelliJ IDEA Community Edition 2025.2.4\jbr\bin\nio.dll
Event: 0.129 Loaded shared library C:\Program Files\JetBrains\IntelliJ IDEA Community Edition 2025.2.4\jbr\bin\zip.dll
Event: 0.214 Loaded shared library C:\Program Files\JetBrains\IntelliJ IDEA Community Edition 2025.2.4\jbr\bin\jimage.dll
Event: 0.482 Loaded shared library C:\Program Files\JetBrains\IntelliJ IDEA Community Edition 2025.2.4\jbr\bin\sunmscapi.dll
Event: 0.549 Loaded shared library C:\Program Files\JetBrains\IntelliJ IDEA Community Edition 2025.2.4\jbr\bin\extnet.dll
Event: 0.559 Thread 0x000002796c5b31f0 Thread added: 0x000002797797a600
Event: 0.668 Thread 0x000002797797a600 Thread added: 0x0000027977a16830
Event: 0.713 Thread 0x000002797797a600 Thread added: 0x0000027977a1aeb0
Event: 0.774 Thread 0x00000279774c6a90 Thread added: 0x0000027977a09f80


Dynamic libraries:
0x00007ff7a3ad0000 - 0x00007ff7a3ada000 	C:\Program Files\JetBrains\IntelliJ IDEA Community Edition 2025.2.4\jbr\bin\java.exe
0x00007ffb97670000 - 0x00007ffb97868000 	C:\Windows\SYSTEM32\ntdll.dll
0x00007ffb957b0000 - 0x00007ffb95872000 	C:\Windows\System32\KERNEL32.DLL
0x00007ffb95160000 - 0x00007ffb95456000 	C:\Windows\System32\KERNELBASE.dll
0x00007ffb94d00000 - 0x00007ffb94e00000 	C:\Windows\System32\ucrtbase.dll
0x00007ffb8f5a0000 - 0x00007ffb8f5bb000 	C:\Program Files\JetBrains\IntelliJ IDEA Community Edition 2025.2.4\jbr\bin\VCRUNTIME140.dll
0x00007ffb837a0000 - 0x00007ffb837b8000 	C:\Program Files\JetBrains\IntelliJ IDEA Community Edition 2025.2.4\jbr\bin\jli.dll
0x00007ffb96290000 - 0x00007ffb96431000 	C:\Windows\System32\USER32.dll
0x00007ffb955d0000 - 0x00007ffb955f2000 	C:\Windows\System32\win32u.dll
0x00007ffb85110000 - 0x00007ffb853ab000 	C:\Windows\WinSxS\amd64_microsoft.windows.common-controls_6595b64144ccf1df_6.0.19041.6456_none_60b8a6cb71f64256\COMCTL32.dll
0x00007ffb96c40000 - 0x00007ffb96c6b000 	C:\Windows\System32\GDI32.dll
0x00007ffb97530000 - 0x00007ffb975ce000 	C:\Windows\System32\msvcrt.dll
0x00007ffb95460000 - 0x00007ffb95579000 	C:\Windows\System32\gdi32full.dll
0x00007ffb950c0000 - 0x00007ffb9515d000 	C:\Windows\System32\msvcp_win.dll
0x00007ffb97500000 - 0x00007ffb9752f000 	C:\Windows\System32\IMM32.DLL
0x00007ffb8f590000 - 0x00007ffb8f59c000 	C:\Program Files\JetBrains\IntelliJ IDEA Community Edition 2025.2.4\jbr\bin\vcruntime140_1.dll
0x00007ffb729e0000 - 0x00007ffb72a6d000 	C:\Program Files\JetBrains\IntelliJ IDEA Community Edition 2025.2.4\jbr\bin\msvcp140.dll
0x00007ffb5ecc0000 - 0x00007ffb5fa8b000 	C:\Program Files\JetBrains\IntelliJ IDEA Community Edition 2025.2.4\jbr\bin\server\jvm.dll
0x00007ffb95690000 - 0x00007ffb95741000 	C:\Windows\System32\ADVAPI32.dll
0x00007ffb96e80000 - 0x00007ffb96f1f000 	C:\Windows\System32\sechost.dll
0x00007ffb97290000 - 0x00007ffb973b0000 	C:\Windows\System32\RPCRT4.dll
0x00007ffb94e00000 - 0x00007ffb94e27000 	C:\Windows\System32\bcrypt.dll
0x00007ffb97220000 - 0x00007ffb9728b000 	C:\Windows\System32\WS2_32.dll
0x00007ffb94b60000 - 0x00007ffb94bab000 	C:\Windows\SYSTEM32\POWRPROF.dll
0x00007ffb88ae0000 - 0x00007ffb88aea000 	C:\Windows\SYSTEM32\VERSION.dll
0x00007ffb83350000 - 0x00007ffb83377000 	C:\Windows\SYSTEM32\WINMM.dll
0x00007ffb94b40000 - 0x00007ffb94b52000 	C:\Windows\SYSTEM32\UMPDC.dll
0x00007ffb92b70000 - 0x00007ffb92b82000 	C:\Windows\SYSTEM32\kernel.appcore.dll
0x00007ffb8f580000 - 0x00007ffb8f58a000 	C:\Program Files\JetBrains\IntelliJ IDEA Community Edition 2025.2.4\jbr\bin\jimage.dll
0x00007ffb80cc0000 - 0x00007ffb80ec1000 	C:\Windows\SYSTEM32\DBGHELP.DLL
0x00007ffb7c9a0000 - 0x00007ffb7c9d4000 	C:\Windows\SYSTEM32\dbgcore.DLL
0x00007ffb95600000 - 0x00007ffb95682000 	C:\Windows\System32\bcryptPrimitives.dll
0x00007ffb8f560000 - 0x00007ffb8f580000 	C:\Program Files\JetBrains\IntelliJ IDEA Community Edition 2025.2.4\jbr\bin\java.dll
0x00007ffb96440000 - 0x00007ffb96bb0000 	C:\Windows\System32\SHELL32.dll
0x00007ffb92d70000 - 0x00007ffb93515000 	C:\Windows\SYSTEM32\windows.storage.dll
0x00007ffb95a30000 - 0x00007ffb95d84000 	C:\Windows\System32\combase.dll
0x00007ffb94650000 - 0x00007ffb9467b000 	C:\Windows\SYSTEM32\Wldp.dll
0x00007ffb96db0000 - 0x00007ffb96e7d000 	C:\Windows\System32\OLEAUT32.dll
0x00007ffb97170000 - 0x00007ffb9721d000 	C:\Windows\System32\SHCORE.dll
0x00007ffb973c0000 - 0x00007ffb9741b000 	C:\Windows\System32\shlwapi.dll
0x00007ffb94c30000 - 0x00007ffb94c54000 	C:\Windows\SYSTEM32\profapi.dll
0x00007ffb8f530000 - 0x00007ffb8f540000 	C:\Program Files\JetBrains\IntelliJ IDEA Community Edition 2025.2.4\jbr\bin\net.dll
0x00007ffb891b0000 - 0x00007ffb892ba000 	C:\Windows\SYSTEM32\WINHTTP.dll
0x00007ffb943b0000 - 0x00007ffb9441a000 	C:\Windows\system32\mswsock.dll
0x00007ffb8f510000 - 0x00007ffb8f526000 	C:\Program Files\JetBrains\IntelliJ IDEA Community Edition 2025.2.4\jbr\bin\nio.dll
0x00007ffb8f540000 - 0x00007ffb8f558000 	C:\Program Files\JetBrains\IntelliJ IDEA Community Edition 2025.2.4\jbr\bin\zip.dll
0x00007ffb945b0000 - 0x00007ffb945c8000 	C:\Windows\SYSTEM32\CRYPTSP.dll
0x00007ffb93cd0000 - 0x00007ffb93d08000 	C:\Windows\system32\rsaenh.dll
0x00007ffb94bb0000 - 0x00007ffb94bde000 	C:\Windows\SYSTEM32\USERENV.dll
0x00007ffb945a0000 - 0x00007ffb945ac000 	C:\Windows\SYSTEM32\CRYPTBASE.dll
0x00007ffb94090000 - 0x00007ffb940cb000 	C:\Windows\SYSTEM32\IPHLPAPI.DLL
0x00007ffb973b0000 - 0x00007ffb973b8000 	C:\Windows\System32\NSI.dll
0x00007ffb8f390000 - 0x00007ffb8f39e000 	C:\Program Files\JetBrains\IntelliJ IDEA Community Edition 2025.2.4\jbr\bin\sunmscapi.dll
0x00007ffb94ee0000 - 0x00007ffb9503d000 	C:\Windows\System32\CRYPT32.dll
0x00007ffb946c0000 - 0x00007ffb946e7000 	C:\Windows\SYSTEM32\ncrypt.dll
0x00007ffb94680000 - 0x00007ffb946bb000 	C:\Windows\SYSTEM32\NTASN1.dll
0x00007ffb8f380000 - 0x00007ffb8f387000 	C:\Windows\system32\wshunix.dll
0x00007ffb8f230000 - 0x00007ffb8f239000 	C:\Program Files\JetBrains\IntelliJ IDEA Community Edition 2025.2.4\jbr\bin\extnet.dll

JVMTI agents: none

dbghelp: loaded successfully - version: 4.0.5 - missing functions: none
symbol engine: initialized successfully - sym options: 0x614 - pdb path: .;C:\Program Files\JetBrains\IntelliJ IDEA Community Edition 2025.2.4\jbr\bin;C:\Windows\SYSTEM32;C:\Windows\WinSxS\amd64_microsoft.windows.common-controls_6595b64144ccf1df_6.0.19041.6456_none_60b8a6cb71f64256;C:\Program Files\JetBrains\IntelliJ IDEA Community Edition 2025.2.4\jbr\bin\server

VM Arguments:
java_command: git4idea.http.GitAskPassApp Username for 'https://github.com': 
java_class_path (initial): C:/Program Files/JetBrains/IntelliJ IDEA Community Edition 2025.2.4/plugins/vcs-git/lib/git4idea-rt.jar;C:/Program Files/JetBrains/IntelliJ IDEA Community Edition 2025.2.4/lib/externalProcess-rt.jar
Launcher Type: SUN_STANDARD

[Global flags]
     intx CICompilerCount                          = 3                                         {product} {ergonomic}
     uint ConcGCThreads                            = 1                                         {product} {ergonomic}
     uint G1ConcRefinementThreads                  = 4                                         {product} {ergonomic}
   size_t G1HeapRegionSize                         = 1048576                                   {product} {ergonomic}
    uintx GCDrainStackTargetSize                   = 64                                        {product} {ergonomic}
   size_t InitialHeapSize                          = 134217728                                 {product} {ergonomic}
   size_t MarkStackSize                            = 4194304                                   {product} {ergonomic}
   size_t MaxHeapSize                              = 2124414976                                {product} {ergonomic}
   size_t MaxNewSize                               = 1274019840                                {product} {ergonomic}
   size_t MinHeapDeltaBytes                        = 1048576                                   {product} {ergonomic}
   size_t MinHeapSize                              = 8388608                                   {product} {ergonomic}
    uintx NonNMethodCodeHeapSize                   = 5832780                                {pd product} {ergonomic}
    uintx NonProfiledCodeHeapSize                  = 122912730                              {pd product} {ergonomic}
    uintx ProfiledCodeHeapSize                     = 122912730                              {pd product} {ergonomic}
    uintx ReservedCodeCacheSize                    = 251658240                              {pd product} {ergonomic}
     bool SegmentedCodeCache                       = true                                      {product} {ergonomic}
   size_t SoftMaxHeapSize                          = 2124414976                             {manageable} {ergonomic}
     bool UseCompressedOops                        = true                           {product lp64_product} {ergonomic}
     bool UseG1GC                                  = true                                      {product} {ergonomic}
     bool UseLargePagesIndividualAllocation        = false                                  {pd product} {ergonomic}

Logging:
Log output configuration:
 #0: stdout all=warning uptime,level,tags foldmultilines=false
 #1: stderr all=off uptime,level,tags foldmultilines=false

Environment Variables:
JAVA_HOME=C:\Program Files\Amazon Corretto\jdk21.0.9_10
PATH=C:/Program Files/Git/mingw64/libexec/git-core;C:/Program Files/Git/mingw64/libexec/git-core;C:\Program Files\Git\mingw64\bin;C:\Program Files\Git\usr\bin;C:\Users\User\bin;C:\Program Files\Amazon Corretto\jdk21.0.9_10\bin;C:\Windows\system32;C:\Windows;C:\Windows\System32\Wbem;C:\Windows\System32\WindowsPowerShell\v1.0\;C:\Windows\System32\OpenSSH\;C:\Program Files\Git\cmd;C:\Users\User\maven\apache-maven-3.9.11\bin;C:\Users\User\AppData\Local\Microsoft\WindowsApps;C:\Users\User\AppData\Local\GitHubDesktop\bin
USERNAME=User
DISPLAY=:0.0
LC_ALL=en_US.UTF-8
TERM=xterm-256color
TMPDIR=C:\Users\User\AppData\Local\Temp
OS=Windows_NT
PROCESSOR_IDENTIFIER=Intel64 Family 6 Model 61 Stepping 4, GenuineIntel
TMP=C:\Users\User\AppData\Local\Temp
TEMP=C:\Users\User\AppData\Local\Temp




Periodic native trim disabled

JNI global refs:
JNI global refs: 19, weak refs: 0

JNI global refs memory usage: 835, weak refs: 833

Process memory usage:
Resident Set Size: 91436K (1% of 8296828K total physical memory with 627256K free physical memory)

OOME stack traces (most recent first):
Classloader memory used:
Loader jdk.internal.loader.ClassLoaders$PlatformClassLoader                            : 1928K
Loader bootstrap                                                                       : 1522K
Loader jdk.internal.loader.ClassLoaders$AppClassLoader                                 : 25744B

---------------  S Y S T E M  ---------------

OS:
 Windows 10 , 64 bit Build 19041 (10.0.19041.5915)
OS uptime: 1 days 2:00 hours

CPU: total 4 (initial active 4) (2 cores per cpu, 2 threads per core) family 6 model 61 stepping 4 microcode 0x2d, cx8, cmov, fxsr, ht, mmx, 3dnowpref, sse, sse2, sse3, ssse3, sse4.1, sse4.2, popcnt, lzcnt, tsc, tscinvbit, avx, avx2, aes, erms, clmul, bmi1, bmi2, adx, fma, vzeroupper, clflush, rdtscp, f16c
Processor Information for the first 4 processors :
  Max Mhz: 2000, Current Mhz: 2000, Mhz Limit: 2000

Memory: 4k page, system-wide physical 8102M (612M free)
TotalPageFile size 8102M (AvailPageFile size 5M)
current process WorkingSet (physical memory assigned to process): 89M, peak: 89M
current process commit charge ("private bytes"): 235M, peak: 236M

vm_info: OpenJDK 64-Bit Server VM (21.0.8+1-b1038.73) for windows-amd64 JRE (21.0.8+1-b1038.73), built on 2025-09-24 by "builduser" with MS VC++ 16.10 / 16.11 (VS2019)

END.
