#
# There is insufficient memory for the Java Runtime Environment to continue.
# Native memory allocation (malloc) failed to allocate 32744 bytes. Error detail: Chunk::new
# Possible reasons:
#   The system is out of physical RAM or swap space
#   This process is running with CompressedOops enabled, and the Java Heap may be blocking the growth of the native heap
# Possible solutions:
#   Reduce memory load on the system
#   Increase physical memory or swap space
#   Check if swap backing store is full
#   Decrease Java heap size (-Xmx/-Xms)
#   Decrease number of Java threads
#   Decrease Java thread stack sizes (-Xss)
#   Set larger code cache with -XX:ReservedCodeCacheSize=
#   JVM is running with Unscaled Compressed Oops mode in which the Java heap is
#     placed in the first 4GB address space. The Java Heap base address is the
#     maximum limit for the native heap growth. Please use -XX:HeapBaseMinAddress
#     to set the Java Heap base and to place the Java Heap above 4GB virtual address.
# This output file may be truncated or incomplete.
#
#  Out of Memory Error (arena.cpp:168), pid=9544, tid=11640
#
# JRE version: OpenJDK Runtime Environment JBR-21.0.8+1-1038.73-jcef (21.0.8+1) (build 21.0.8+1-b1038.73)
# Java VM: OpenJDK 64-Bit Server VM JBR-21.0.8+1-1038.73-jcef (21.0.8+1-b1038.73, mixed mode, tiered, compressed oops, compressed class ptrs, g1 gc, windows-amd64)
# No core dump will be written. Minidumps are not enabled by default on client versions of Windows
#

---------------  S U M M A R Y ------------

Command Line: git4idea.http.GitAskPassApp Username for 'https://github.com': 

Host: Intel(R) Core(TM) i3-5005U CPU @ 2.00GHz, 4 cores, 7G,  Windows 10 , 64 bit Build 19041 (10.0.19041.5915)
Time: Sat Nov 15 18:01:34 2025 Hora Padrão de Buenos Aires elapsed time: 0.474962 seconds (0d 0h 0m 0s)

---------------  T H R E A D  ---------------

Current thread (0x0000025aa061bfa0):  JavaThread "C1 CompilerThread0" daemon [_thread_in_native, id=11640, stack(0x000000f7bcb00000,0x000000f7bcc00000) (1024K)]


Current CompileTask:
C1:475  147       3      
[error occurred during error reporting (printing current compile task), id 0xe0000001, Out of Memory Error (s\src\hotspot\share\memory\arena.cpp:168)]
Stack: [0x000000f7bcb00000,0x000000f7bcc00000]
Native frames: (J=compiled Java code, j=interpreted, Vv=VM code, C=native code)
V  [jvm.dll+0x6ebeb9]
V  [jvm.dll+0x8cbec3]
V  [jvm.dll+0x8ce47e]
V  [jvm.dll+0x8ceb63]
V  [jvm.dll+0x28adf6]
V  [jvm.dll+0xc6f3d]
V  [jvm.dll+0xc7473]
V  [jvm.dll+0x834dbc]
V  [jvm.dll+0x834ea9]
V  [jvm.dll+0x69bc69]
V  [jvm.dll+0x264da7]
V  [jvm.dll+0x265337]
V  [jvm.dll+0x8cbd39]
V  [jvm.dll+0x8ce47e]
V  [jvm.dll+0x8ceb63]
V  [jvm.dll+0x28adf6]
V  [jvm.dll+0xc6f3d]
V  [jvm.dll+0xc7473]
V  [jvm.dll+0x1a00ca]
V  [jvm.dll+0x19dd8d]
V  [jvm.dll+0x19e14a]
V  [jvm.dll+0x1a08a2]
V  [jvm.dll+0x158cf3]
V  [jvm.dll+0x158598]
V  [jvm.dll+0x1587d6]
V  [jvm.dll+0x157b4f]
V  [jvm.dll+0x159971]
V  [jvm.dll+0x260bfe]
V  [jvm.dll+0x25f146]
V  [jvm.dll+0x402ee6]
V  [jvm.dll+0x873a78]
V  [jvm.dll+0x6ea63d]
C  [ucrtbase.dll+0x21bb2]
C  [KERNEL32.DLL+0x17374]
C  [ntdll.dll+0x4cc91]


---------------  P R O C E S S  ---------------

Threads class SMR info:
_java_thread_list=0x0000025aa079f480, length=11, elements={
0x0000025a865a0b20, 0x0000025aa05e5880, 0x0000025aa05e67f0, 0x0000025aa05e9b60,
0x0000025aa06115e0, 0x0000025aa0612040, 0x0000025aa0613240, 0x0000025aa0604690,
0x0000025aa0616920, 0x0000025aa061bfa0, 0x0000025aa07b4980
}

Java Threads: ( => current thread )
  0x0000025a865a0b20 JavaThread "main"                              [_thread_in_vm, id=4044, stack(0x000000f7bbb00000,0x000000f7bbc00000) (1024K)]
  0x0000025aa05e5880 JavaThread "Common-Cleaner"             daemon [_thread_blocked, id=8532, stack(0x000000f7bc300000,0x000000f7bc400000) (1024K)]
  0x0000025aa05e67f0 JavaThread "Reference Handler"          daemon [_thread_blocked, id=6848, stack(0x000000f7bc400000,0x000000f7bc500000) (1024K)]
  0x0000025aa05e9b60 JavaThread "Finalizer"                  daemon [_thread_blocked, id=8016, stack(0x000000f7bc500000,0x000000f7bc600000) (1024K)]
  0x0000025aa06115e0 JavaThread "Signal Dispatcher"          daemon [_thread_blocked, id=12364, stack(0x000000f7bc600000,0x000000f7bc700000) (1024K)]
  0x0000025aa0612040 JavaThread "Attach Listener"            daemon [_thread_blocked, id=3768, stack(0x000000f7bc700000,0x000000f7bc800000) (1024K)]
  0x0000025aa0613240 JavaThread "Service Thread"             daemon [_thread_blocked, id=3756, stack(0x000000f7bc800000,0x000000f7bc900000) (1024K)]
  0x0000025aa0604690 JavaThread "Monitor Deflation Thread"   daemon [_thread_blocked, id=1784, stack(0x000000f7bc900000,0x000000f7bca00000) (1024K)]
  0x0000025aa0616920 JavaThread "C2 CompilerThread0"         daemon [_thread_in_native, id=5636, stack(0x000000f7bca00000,0x000000f7bcb00000) (1024K)]
=>0x0000025aa061bfa0 JavaThread "C1 CompilerThread0"         daemon [_thread_in_native, id=11640, stack(0x000000f7bcb00000,0x000000f7bcc00000) (1024K)]
  0x0000025aa07b4980 JavaThread "Notification Thread"        daemon [_thread_blocked, id=6960, stack(0x000000f7bcc00000,0x000000f7bcd00000) (1024K)]
Total: 11

Other Threads:
  0x0000025aa0466570 VMThread "VM Thread"                           [id=1532, stack(0x000000f7bc200000,0x000000f7bc300000) (1024K)]
  0x0000025aa03dd9a0 WatcherThread "VM Periodic Task Thread"        [id=11684, stack(0x000000f7bc100000,0x000000f7bc200000) (1024K)]
  0x0000025a887a1b60 WorkerThread "GC Thread#0"                     [id=8660, stack(0x000000f7bbc00000,0x000000f7bbd00000) (1024K)]
  0x0000025a887b2a30 ConcurrentGCThread "G1 Main Marker"            [id=2180, stack(0x000000f7bbd00000,0x000000f7bbe00000) (1024K)]
  0x0000025a887b3cd0 WorkerThread "G1 Conc#0"                       [id=12132, stack(0x000000f7bbe00000,0x000000f7bbf00000) (1024K)]
  0x0000025aa02a24c0 ConcurrentGCThread "G1 Refine#0"               [id=3356, stack(0x000000f7bbf00000,0x000000f7bc000000) (1024K)]
  0x0000025a8881eb80 ConcurrentGCThread "G1 Service"                [id=256, stack(0x000000f7bc000000,0x000000f7bc100000) (1024K)]
Total: 7

Threads with active compile tasks:
C2 CompilerThread0  514  149       4       java.lang.String::isLatin1 (19 bytes)
C1 CompilerThread0  515  147       3       sun.security.util.KnownOIDs::register (349 bytes)
Total: 2

VM state: not at safepoint (normal execution)

VM Mutex/Monitor currently owned by a thread: None

Heap address: 0x0000000081600000, size: 2026 MB, Compressed Oops mode: 32-bit

CDS archive(s) not mapped
Compressed class space mapped at: 0x0000000100000000-0x0000000140000000, reserved size: 1073741824
Narrow klass base: 0x0000000000000000, Narrow klass shift: 3, Narrow klass range: 0x140000000

GC Precious Log:
 CardTable entry size: 512
 Card Set container configuration: InlinePtr #cards 5 size 8 Array Of Cards #cards 12 size 40 Howl #buckets 4 coarsen threshold 1843 Howl Bitmap #cards 512 size 80 coarsen threshold 460 Card regions per heap region 1 cards per card region 2048
 CPUs: 4 total, 4 available
 Memory: 8102M
 Large Page Support: Disabled
 NUMA Support: Disabled
 Compressed Oops: Enabled (32-bit)
 Heap Region Size: 1M
 Heap Min Capacity: 8M
 Heap Initial Capacity: 128M
 Heap Max Capacity: 2026M
 Pre-touch: Disabled
 Parallel Workers: 4
 Concurrent Workers: 1
 Concurrent Refinement Workers: 4
 Periodic GC: Disabled

Heap:
 garbage-first heap   total 131072K, used 1024K [0x0000000081600000, 0x0000000100000000)
  region size 1024K, 2 young (2048K), 0 survivors (0K)
 Metaspace       used 7345K, committed 7488K, reserved 1114112K
  class space    used 610K, committed 704K, reserved 1048576K

Heap Regions: E=young(eden), S=young(survivor), O=old, HS=humongous(starts), HC=humongous(continues), CS=collection set, F=free, TAMS=top-at-mark-start, PB=parsable bottom
|   0|0x0000000081600000, 0x0000000081600000, 0x0000000081700000|  0%| F|  |TAMS 0x0000000081600000| PB 0x0000000081600000| Untracked 
|   1|0x0000000081700000, 0x0000000081700000, 0x0000000081800000|  0%| F|  |TAMS 0x0000000081700000| PB 0x0000000081700000| Untracked 
|   2|0x0000000081800000, 0x0000000081800000, 0x0000000081900000|  0%| F|  |TAMS 0x0000000081800000| PB 0x0000000081800000| Untracked 
|   3|0x0000000081900000, 0x0000000081900000, 0x0000000081a00000|  0%| F|  |TAMS 0x0000000081900000| PB 0x0000000081900000| Untracked 
|   4|0x0000000081a00000, 0x0000000081a00000, 0x0000000081b00000|  0%| F|  |TAMS 0x0000000081a00000| PB 0x0000000081a00000| Untracked 
|   5|0x0000000081b00000, 0x0000000081b00000, 0x0000000081c00000|  0%| F|  |TAMS 0x0000000081b00000| PB 0x0000000081b00000| Untracked 
|   6|0x0000000081c00000, 0x0000000081c00000, 0x0000000081d00000|  0%| F|  |TAMS 0x0000000081c00000| PB 0x0000000081c00000| Untracked 
|   7|0x0000000081d00000, 0x0000000081d00000, 0x0000000081e00000|  0%| F|  |TAMS 0x0000000081d00000| PB 0x0000000081d00000| Untracked 
|   8|0x0000000081e00000, 0x0000000081e00000, 0x0000000081f00000|  0%| F|  |TAMS 0x0000000081e00000| PB 0x0000000081e00000| Untracked 
|   9|0x0000000081f00000, 0x0000000081f00000, 0x0000000082000000|  0%| F|  |TAMS 0x0000000081f00000| PB 0x0000000081f00000| Untracked 
|  10|0x0000000082000000, 0x0000000082000000, 0x0000000082100000|  0%| F|  |TAMS 0x0000000082000000| PB 0x0000000082000000| Untracked 
|  11|0x0000000082100000, 0x0000000082100000, 0x0000000082200000|  0%| F|  |TAMS 0x0000000082100000| PB 0x0000000082100000| Untracked 
|  12|0x0000000082200000, 0x0000000082200000, 0x0000000082300000|  0%| F|  |TAMS 0x0000000082200000| PB 0x0000000082200000| Untracked 
|  13|0x0000000082300000, 0x0000000082300000, 0x0000000082400000|  0%| F|  |TAMS 0x0000000082300000| PB 0x0000000082300000| Untracked 
|  14|0x0000000082400000, 0x0000000082400000, 0x0000000082500000|  0%| F|  |TAMS 0x0000000082400000| PB 0x0000000082400000| Untracked 
|  15|0x0000000082500000, 0x0000000082500000, 0x0000000082600000|  0%| F|  |TAMS 0x0000000082500000| PB 0x0000000082500000| Untracked 
|  16|0x0000000082600000, 0x0000000082600000, 0x0000000082700000|  0%| F|  |TAMS 0x0000000082600000| PB 0x0000000082600000| Untracked 
|  17|0x0000000082700000, 0x0000000082700000, 0x0000000082800000|  0%| F|  |TAMS 0x0000000082700000| PB 0x0000000082700000| Untracked 
|  18|0x0000000082800000, 0x0000000082800000, 0x0000000082900000|  0%| F|  |TAMS 0x0000000082800000| PB 0x0000000082800000| Untracked 
|  19|0x0000000082900000, 0x0000000082900000, 0x0000000082a00000|  0%| F|  |TAMS 0x0000000082900000| PB 0x0000000082900000| Untracked 
|  20|0x0000000082a00000, 0x0000000082a00000, 0x0000000082b00000|  0%| F|  |TAMS 0x0000000082a00000| PB 0x0000000082a00000| Untracked 
|  21|0x0000000082b00000, 0x0000000082b00000, 0x0000000082c00000|  0%| F|  |TAMS 0x0000000082b00000| PB 0x0000000082b00000| Untracked 
|  22|0x0000000082c00000, 0x0000000082c00000, 0x0000000082d00000|  0%| F|  |TAMS 0x0000000082c00000| PB 0x0000000082c00000| Untracked 
|  23|0x0000000082d00000, 0x0000000082d00000, 0x0000000082e00000|  0%| F|  |TAMS 0x0000000082d00000| PB 0x0000000082d00000| Untracked 
|  24|0x0000000082e00000, 0x0000000082e00000, 0x0000000082f00000|  0%| F|  |TAMS 0x0000000082e00000| PB 0x0000000082e00000| Untracked 
|  25|0x0000000082f00000, 0x0000000082f00000, 0x0000000083000000|  0%| F|  |TAMS 0x0000000082f00000| PB 0x0000000082f00000| Untracked 
|  26|0x0000000083000000, 0x0000000083000000, 0x0000000083100000|  0%| F|  |TAMS 0x0000000083000000| PB 0x0000000083000000| Untracked 
|  27|0x0000000083100000, 0x0000000083100000, 0x0000000083200000|  0%| F|  |TAMS 0x0000000083100000| PB 0x0000000083100000| Untracked 
|  28|0x0000000083200000, 0x0000000083200000, 0x0000000083300000|  0%| F|  |TAMS 0x0000000083200000| PB 0x0000000083200000| Untracked 
|  29|0x0000000083300000, 0x0000000083300000, 0x0000000083400000|  0%| F|  |TAMS 0x0000000083300000| PB 0x0000000083300000| Untracked 
|  30|0x0000000083400000, 0x0000000083400000, 0x0000000083500000|  0%| F|  |TAMS 0x0000000083400000| PB 0x0000000083400000| Untracked 
|  31|0x0000000083500000, 0x0000000083500000, 0x0000000083600000|  0%| F|  |TAMS 0x0000000083500000| PB 0x0000000083500000| Untracked 
|  32|0x0000000083600000, 0x0000000083600000, 0x0000000083700000|  0%| F|  |TAMS 0x0000000083600000| PB 0x0000000083600000| Untracked 
|  33|0x0000000083700000, 0x0000000083700000, 0x0000000083800000|  0%| F|  |TAMS 0x0000000083700000| PB 0x0000000083700000| Untracked 
|  34|0x0000000083800000, 0x0000000083800000, 0x0000000083900000|  0%| F|  |TAMS 0x0000000083800000| PB 0x0000000083800000| Untracked 
|  35|0x0000000083900000, 0x0000000083900000, 0x0000000083a00000|  0%| F|  |TAMS 0x0000000083900000| PB 0x0000000083900000| Untracked 
|  36|0x0000000083a00000, 0x0000000083a00000, 0x0000000083b00000|  0%| F|  |TAMS 0x0000000083a00000| PB 0x0000000083a00000| Untracked 
|  37|0x0000000083b00000, 0x0000000083b00000, 0x0000000083c00000|  0%| F|  |TAMS 0x0000000083b00000| PB 0x0000000083b00000| Untracked 
|  38|0x0000000083c00000, 0x0000000083c00000, 0x0000000083d00000|  0%| F|  |TAMS 0x0000000083c00000| PB 0x0000000083c00000| Untracked 
|  39|0x0000000083d00000, 0x0000000083d00000, 0x0000000083e00000|  0%| F|  |TAMS 0x0000000083d00000| PB 0x0000000083d00000| Untracked 
|  40|0x0000000083e00000, 0x0000000083e00000, 0x0000000083f00000|  0%| F|  |TAMS 0x0000000083e00000| PB 0x0000000083e00000| Untracked 
|  41|0x0000000083f00000, 0x0000000083f00000, 0x0000000084000000|  0%| F|  |TAMS 0x0000000083f00000| PB 0x0000000083f00000| Untracked 
|  42|0x0000000084000000, 0x0000000084000000, 0x0000000084100000|  0%| F|  |TAMS 0x0000000084000000| PB 0x0000000084000000| Untracked 
|  43|0x0000000084100000, 0x0000000084100000, 0x0000000084200000|  0%| F|  |TAMS 0x0000000084100000| PB 0x0000000084100000| Untracked 
|  44|0x0000000084200000, 0x0000000084200000, 0x0000000084300000|  0%| F|  |TAMS 0x0000000084200000| PB 0x0000000084200000| Untracked 
|  45|0x0000000084300000, 0x0000000084300000, 0x0000000084400000|  0%| F|  |TAMS 0x0000000084300000| PB 0x0000000084300000| Untracked 
|  46|0x0000000084400000, 0x0000000084400000, 0x0000000084500000|  0%| F|  |TAMS 0x0000000084400000| PB 0x0000000084400000| Untracked 
|  47|0x0000000084500000, 0x0000000084500000, 0x0000000084600000|  0%| F|  |TAMS 0x0000000084500000| PB 0x0000000084500000| Untracked 
|  48|0x0000000084600000, 0x0000000084600000, 0x0000000084700000|  0%| F|  |TAMS 0x0000000084600000| PB 0x0000000084600000| Untracked 
|  49|0x0000000084700000, 0x0000000084700000, 0x0000000084800000|  0%| F|  |TAMS 0x0000000084700000| PB 0x0000000084700000| Untracked 
|  50|0x0000000084800000, 0x0000000084800000, 0x0000000084900000|  0%| F|  |TAMS 0x0000000084800000| PB 0x0000000084800000| Untracked 
|  51|0x0000000084900000, 0x0000000084900000, 0x0000000084a00000|  0%| F|  |TAMS 0x0000000084900000| PB 0x0000000084900000| Untracked 
|  52|0x0000000084a00000, 0x0000000084a00000, 0x0000000084b00000|  0%| F|  |TAMS 0x0000000084a00000| PB 0x0000000084a00000| Untracked 
|  53|0x0000000084b00000, 0x0000000084b00000, 0x0000000084c00000|  0%| F|  |TAMS 0x0000000084b00000| PB 0x0000000084b00000| Untracked 
|  54|0x0000000084c00000, 0x0000000084c00000, 0x0000000084d00000|  0%| F|  |TAMS 0x0000000084c00000| PB 0x0000000084c00000| Untracked 
|  55|0x0000000084d00000, 0x0000000084d00000, 0x0000000084e00000|  0%| F|  |TAMS 0x0000000084d00000| PB 0x0000000084d00000| Untracked 
|  56|0x0000000084e00000, 0x0000000084e00000, 0x0000000084f00000|  0%| F|  |TAMS 0x0000000084e00000| PB 0x0000000084e00000| Untracked 
|  57|0x0000000084f00000, 0x0000000084f00000, 0x0000000085000000|  0%| F|  |TAMS 0x0000000084f00000| PB 0x0000000084f00000| Untracked 
|  58|0x0000000085000000, 0x0000000085000000, 0x0000000085100000|  0%| F|  |TAMS 0x0000000085000000| PB 0x0000000085000000| Untracked 
|  59|0x0000000085100000, 0x0000000085100000, 0x0000000085200000|  0%| F|  |TAMS 0x0000000085100000| PB 0x0000000085100000| Untracked 
|  60|0x0000000085200000, 0x0000000085200000, 0x0000000085300000|  0%| F|  |TAMS 0x0000000085200000| PB 0x0000000085200000| Untracked 
|  61|0x0000000085300000, 0x0000000085300000, 0x0000000085400000|  0%| F|  |TAMS 0x0000000085300000| PB 0x0000000085300000| Untracked 
|  62|0x0000000085400000, 0x0000000085400000, 0x0000000085500000|  0%| F|  |TAMS 0x0000000085400000| PB 0x0000000085400000| Untracked 
|  63|0x0000000085500000, 0x0000000085500000, 0x0000000085600000|  0%| F|  |TAMS 0x0000000085500000| PB 0x0000000085500000| Untracked 
|  64|0x0000000085600000, 0x0000000085600000, 0x0000000085700000|  0%| F|  |TAMS 0x0000000085600000| PB 0x0000000085600000| Untracked 
|  65|0x0000000085700000, 0x0000000085700000, 0x0000000085800000|  0%| F|  |TAMS 0x0000000085700000| PB 0x0000000085700000| Untracked 
|  66|0x0000000085800000, 0x0000000085800000, 0x0000000085900000|  0%| F|  |TAMS 0x0000000085800000| PB 0x0000000085800000| Untracked 
|  67|0x0000000085900000, 0x0000000085900000, 0x0000000085a00000|  0%| F|  |TAMS 0x0000000085900000| PB 0x0000000085900000| Untracked 
|  68|0x0000000085a00000, 0x0000000085a00000, 0x0000000085b00000|  0%| F|  |TAMS 0x0000000085a00000| PB 0x0000000085a00000| Untracked 
|  69|0x0000000085b00000, 0x0000000085b00000, 0x0000000085c00000|  0%| F|  |TAMS 0x0000000085b00000| PB 0x0000000085b00000| Untracked 
|  70|0x0000000085c00000, 0x0000000085c00000, 0x0000000085d00000|  0%| F|  |TAMS 0x0000000085c00000| PB 0x0000000085c00000| Untracked 
|  71|0x0000000085d00000, 0x0000000085d00000, 0x0000000085e00000|  0%| F|  |TAMS 0x0000000085d00000| PB 0x0000000085d00000| Untracked 
|  72|0x0000000085e00000, 0x0000000085e00000, 0x0000000085f00000|  0%| F|  |TAMS 0x0000000085e00000| PB 0x0000000085e00000| Untracked 
|  73|0x0000000085f00000, 0x0000000085f00000, 0x0000000086000000|  0%| F|  |TAMS 0x0000000085f00000| PB 0x0000000085f00000| Untracked 
|  74|0x0000000086000000, 0x0000000086000000, 0x0000000086100000|  0%| F|  |TAMS 0x0000000086000000| PB 0x0000000086000000| Untracked 
|  75|0x0000000086100000, 0x0000000086100000, 0x0000000086200000|  0%| F|  |TAMS 0x0000000086100000| PB 0x0000000086100000| Untracked 
|  76|0x0000000086200000, 0x0000000086200000, 0x0000000086300000|  0%| F|  |TAMS 0x0000000086200000| PB 0x0000000086200000| Untracked 
|  77|0x0000000086300000, 0x0000000086300000, 0x0000000086400000|  0%| F|  |TAMS 0x0000000086300000| PB 0x0000000086300000| Untracked 
|  78|0x0000000086400000, 0x0000000086400000, 0x0000000086500000|  0%| F|  |TAMS 0x0000000086400000| PB 0x0000000086400000| Untracked 
|  79|0x0000000086500000, 0x0000000086500000, 0x0000000086600000|  0%| F|  |TAMS 0x0000000086500000| PB 0x0000000086500000| Untracked 
|  80|0x0000000086600000, 0x0000000086600000, 0x0000000086700000|  0%| F|  |TAMS 0x0000000086600000| PB 0x0000000086600000| Untracked 
|  81|0x0000000086700000, 0x0000000086700000, 0x0000000086800000|  0%| F|  |TAMS 0x0000000086700000| PB 0x0000000086700000| Untracked 
|  82|0x0000000086800000, 0x0000000086800000, 0x0000000086900000|  0%| F|  |TAMS 0x0000000086800000| PB 0x0000000086800000| Untracked 
|  83|0x0000000086900000, 0x0000000086900000, 0x0000000086a00000|  0%| F|  |TAMS 0x0000000086900000| PB 0x0000000086900000| Untracked 
|  84|0x0000000086a00000, 0x0000000086a00000, 0x0000000086b00000|  0%| F|  |TAMS 0x0000000086a00000| PB 0x0000000086a00000| Untracked 
|  85|0x0000000086b00000, 0x0000000086b00000, 0x0000000086c00000|  0%| F|  |TAMS 0x0000000086b00000| PB 0x0000000086b00000| Untracked 
|  86|0x0000000086c00000, 0x0000000086c00000, 0x0000000086d00000|  0%| F|  |TAMS 0x0000000086c00000| PB 0x0000000086c00000| Untracked 
|  87|0x0000000086d00000, 0x0000000086d00000, 0x0000000086e00000|  0%| F|  |TAMS 0x0000000086d00000| PB 0x0000000086d00000| Untracked 
|  88|0x0000000086e00000, 0x0000000086e00000, 0x0000000086f00000|  0%| F|  |TAMS 0x0000000086e00000| PB 0x0000000086e00000| Untracked 
|  89|0x0000000086f00000, 0x0000000086f00000, 0x0000000087000000|  0%| F|  |TAMS 0x0000000086f00000| PB 0x0000000086f00000| Untracked 
|  90|0x0000000087000000, 0x0000000087000000, 0x0000000087100000|  0%| F|  |TAMS 0x0000000087000000| PB 0x0000000087000000| Untracked 
|  91|0x0000000087100000, 0x0000000087100000, 0x0000000087200000|  0%| F|  |TAMS 0x0000000087100000| PB 0x0000000087100000| Untracked 
|  92|0x0000000087200000, 0x0000000087200000, 0x0000000087300000|  0%| F|  |TAMS 0x0000000087200000| PB 0x0000000087200000| Untracked 
|  93|0x0000000087300000, 0x0000000087300000, 0x0000000087400000|  0%| F|  |TAMS 0x0000000087300000| PB 0x0000000087300000| Untracked 
|  94|0x0000000087400000, 0x0000000087400000, 0x0000000087500000|  0%| F|  |TAMS 0x0000000087400000| PB 0x0000000087400000| Untracked 
|  95|0x0000000087500000, 0x0000000087500000, 0x0000000087600000|  0%| F|  |TAMS 0x0000000087500000| PB 0x0000000087500000| Untracked 
|  96|0x0000000087600000, 0x0000000087600000, 0x0000000087700000|  0%| F|  |TAMS 0x0000000087600000| PB 0x0000000087600000| Untracked 
|  97|0x0000000087700000, 0x0000000087700000, 0x0000000087800000|  0%| F|  |TAMS 0x0000000087700000| PB 0x0000000087700000| Untracked 
|  98|0x0000000087800000, 0x0000000087800000, 0x0000000087900000|  0%| F|  |TAMS 0x0000000087800000| PB 0x0000000087800000| Untracked 
|  99|0x0000000087900000, 0x0000000087900000, 0x0000000087a00000|  0%| F|  |TAMS 0x0000000087900000| PB 0x0000000087900000| Untracked 
| 100|0x0000000087a00000, 0x0000000087a00000, 0x0000000087b00000|  0%| F|  |TAMS 0x0000000087a00000| PB 0x0000000087a00000| Untracked 
| 101|0x0000000087b00000, 0x0000000087b00000, 0x0000000087c00000|  0%| F|  |TAMS 0x0000000087b00000| PB 0x0000000087b00000| Untracked 
| 102|0x0000000087c00000, 0x0000000087c00000, 0x0000000087d00000|  0%| F|  |TAMS 0x0000000087c00000| PB 0x0000000087c00000| Untracked 
| 103|0x0000000087d00000, 0x0000000087d00000, 0x0000000087e00000|  0%| F|  |TAMS 0x0000000087d00000| PB 0x0000000087d00000| Untracked 
| 104|0x0000000087e00000, 0x0000000087e00000, 0x0000000087f00000|  0%| F|  |TAMS 0x0000000087e00000| PB 0x0000000087e00000| Untracked 
| 105|0x0000000087f00000, 0x0000000087f00000, 0x0000000088000000|  0%| F|  |TAMS 0x0000000087f00000| PB 0x0000000087f00000| Untracked 
| 106|0x0000000088000000, 0x0000000088000000, 0x0000000088100000|  0%| F|  |TAMS 0x0000000088000000| PB 0x0000000088000000| Untracked 
| 107|0x0000000088100000, 0x0000000088100000, 0x0000000088200000|  0%| F|  |TAMS 0x0000000088100000| PB 0x0000000088100000| Untracked 
| 108|0x0000000088200000, 0x0000000088200000, 0x0000000088300000|  0%| F|  |TAMS 0x0000000088200000| PB 0x0000000088200000| Untracked 
| 109|0x0000000088300000, 0x0000000088300000, 0x0000000088400000|  0%| F|  |TAMS 0x0000000088300000| PB 0x0000000088300000| Untracked 
| 110|0x0000000088400000, 0x0000000088400000, 0x0000000088500000|  0%| F|  |TAMS 0x0000000088400000| PB 0x0000000088400000| Untracked 
| 111|0x0000000088500000, 0x0000000088500000, 0x0000000088600000|  0%| F|  |TAMS 0x0000000088500000| PB 0x0000000088500000| Untracked 
| 112|0x0000000088600000, 0x0000000088600000, 0x0000000088700000|  0%| F|  |TAMS 0x0000000088600000| PB 0x0000000088600000| Untracked 
| 113|0x0000000088700000, 0x0000000088700000, 0x0000000088800000|  0%| F|  |TAMS 0x0000000088700000| PB 0x0000000088700000| Untracked 
| 114|0x0000000088800000, 0x0000000088800000, 0x0000000088900000|  0%| F|  |TAMS 0x0000000088800000| PB 0x0000000088800000| Untracked 
| 115|0x0000000088900000, 0x0000000088900000, 0x0000000088a00000|  0%| F|  |TAMS 0x0000000088900000| PB 0x0000000088900000| Untracked 
| 116|0x0000000088a00000, 0x0000000088a00000, 0x0000000088b00000|  0%| F|  |TAMS 0x0000000088a00000| PB 0x0000000088a00000| Untracked 
| 117|0x0000000088b00000, 0x0000000088b00000, 0x0000000088c00000|  0%| F|  |TAMS 0x0000000088b00000| PB 0x0000000088b00000| Untracked 
| 118|0x0000000088c00000, 0x0000000088c00000, 0x0000000088d00000|  0%| F|  |TAMS 0x0000000088c00000| PB 0x0000000088c00000| Untracked 
| 119|0x0000000088d00000, 0x0000000088d00000, 0x0000000088e00000|  0%| F|  |TAMS 0x0000000088d00000| PB 0x0000000088d00000| Untracked 
| 120|0x0000000088e00000, 0x0000000088e00000, 0x0000000088f00000|  0%| F|  |TAMS 0x0000000088e00000| PB 0x0000000088e00000| Untracked 
| 121|0x0000000088f00000, 0x0000000088f00000, 0x0000000089000000|  0%| F|  |TAMS 0x0000000088f00000| PB 0x0000000088f00000| Untracked 
| 122|0x0000000089000000, 0x0000000089000000, 0x0000000089100000|  0%| F|  |TAMS 0x0000000089000000| PB 0x0000000089000000| Untracked 
| 123|0x0000000089100000, 0x0000000089100000, 0x0000000089200000|  0%| F|  |TAMS 0x0000000089100000| PB 0x0000000089100000| Untracked 
| 124|0x0000000089200000, 0x0000000089200000, 0x0000000089300000|  0%| F|  |TAMS 0x0000000089200000| PB 0x0000000089200000| Untracked 
| 125|0x0000000089300000, 0x0000000089300000, 0x0000000089400000|  0%| F|  |TAMS 0x0000000089300000| PB 0x0000000089300000| Untracked 
| 126|0x0000000089400000, 0x0000000089500000, 0x0000000089500000|100%| E|  |TAMS 0x0000000089400000| PB 0x0000000089400000| Complete 
| 127|0x0000000089500000, 0x0000000089600000, 0x0000000089600000|100%| E|CS|TAMS 0x0000000089500000| PB 0x0000000089500000| Complete 

Card table byte_map: [0x0000025a9bba0000,0x0000025a9bfa0000] _byte_map_base: 0x0000025a9b795000

Marking Bits: (CMBitMap*) 0x0000025a887a2260
 Bits: [0x0000025a9bfa0000, 0x0000025a9df48000)

Polling page: 0x0000025a86560000

Metaspace:

Usage:
  Non-class:      6.58 MB used.
      Class:    610.16 KB used.
       Both:      7.17 MB used.

Virtual space:
  Non-class space:       64.00 MB reserved,       6.62 MB ( 10%) committed,  1 nodes.
      Class space:        1.00 GB reserved,     704.00 KB ( <1%) committed,  1 nodes.
             Both:        1.06 GB reserved,       7.31 MB ( <1%) committed. 

Chunk freelists:
   Non-Class:  8.97 MB
       Class:  15.25 MB
        Both:  24.22 MB

MaxMetaspaceSize: unlimited
CompressedClassSpaceSize: 1.00 GB
Initial GC threshold: 21.00 MB
Current GC threshold: 21.00 MB
CDS: off
 - commit_granule_bytes: 65536.
 - commit_granule_words: 8192.
 - virtual_space_node_default_size: 8388608.
 - enlarge_chunks_in_place: 1.
 - use_allocation_guard: 0.


Internal statistics:

num_allocs_failed_limit: 0.
num_arena_births: 6.
num_arena_deaths: 0.
num_vsnodes_births: 2.
num_vsnodes_deaths: 0.
num_space_committed: 117.
num_space_uncommitted: 0.
num_chunks_returned_to_freelist: 0.
num_chunks_taken_from_freelist: 19.
num_chunk_merges: 0.
num_chunk_splits: 9.
num_chunks_enlarged: 5.
num_inconsistent_stats: 0.

CodeHeap 'non-profiled nmethods': size=120000Kb used=43Kb max_used=43Kb free=119956Kb
 bounds [0x0000025a94270000, 0x0000025a944e0000, 0x0000025a9b7a0000]
CodeHeap 'profiled nmethods': size=120000Kb used=178Kb max_used=178Kb free=119821Kb
 bounds [0x0000025a8c7a0000, 0x0000025a8ca10000, 0x0000025a93cd0000]
CodeHeap 'non-nmethods': size=5760Kb used=1287Kb max_used=1301Kb free=4472Kb
 bounds [0x0000025a93cd0000, 0x0000025a93f40000, 0x0000025a94270000]
CodeCache: size=245760Kb, used=1508Kb, max_used=1522Kb, free=244249Kb
 total_blobs=551, nmethods=147, adapters=309, full_count=0
Compilation: enabled, stopped_count=0, restarted_count=0

Compilation events (20 events):
Event: 0.445 Thread 0x0000025aa061bfa0 nmethod 136 0x0000025a8c7ca890 code [0x0000025a8c7caa40, 0x0000025a8c7cab88]
Event: 0.446 Thread 0x0000025aa0616920  137       4       java.util.concurrent.ConcurrentHashMap::casTabAt (21 bytes)
Event: 0.448 Thread 0x0000025aa0616920 nmethod 137 0x0000025a94279790 code [0x0000025a94279920, 0x0000025a94279a70]
Event: 0.450 Thread 0x0000025aa061bfa0  139       3       java.util.concurrent.ConcurrentHashMap::put (8 bytes)
Event: 0.450 Thread 0x0000025aa061bfa0 nmethod 139 0x0000025a8c7cac90 code [0x0000025a8c7cae40, 0x0000025a8c7caf80]
Event: 0.450 Thread 0x0000025aa061bfa0  140       1       sun.util.locale.BaseLocale::getLanguage (5 bytes)
Event: 0.450 Thread 0x0000025aa061bfa0 nmethod 140 0x0000025a94279b10 code [0x0000025a94279ca0, 0x0000025a94279d68]
Event: 0.455 Thread 0x0000025aa061bfa0  141       1       sun.security.util.KnownOIDs::registerNames (2 bytes)
Event: 0.455 Thread 0x0000025aa061bfa0 nmethod 141 0x0000025a94279e10 code [0x0000025a94279fa0, 0x0000025a9427a068]
Event: 0.456 Thread 0x0000025aa061bfa0  142       3       java.lang.StringLatin1::toUpperCase (186 bytes)
Event: 0.458 Thread 0x0000025aa061bfa0 nmethod 142 0x0000025a8c7cb010 code [0x0000025a8c7cb2a0, 0x0000025a8c7cbd78]
Event: 0.460 Thread 0x0000025aa0616920  143       4       jdk.internal.misc.Unsafe::putReferenceRelease (9 bytes)
Event: 0.462 Thread 0x0000025aa0616920 nmethod 143 0x0000025a9427a110 code [0x0000025a9427a2a0, 0x0000025a9427a3f8]
Event: 0.463 Thread 0x0000025aa0616920  144       4       java.util.concurrent.ConcurrentHashMap::tabAt (22 bytes)
Event: 0.463 Thread 0x0000025aa0616920 nmethod 144 0x0000025a9427a490 code [0x0000025a9427a600, 0x0000025a9427a670]
Event: 0.467 Thread 0x0000025aa061bfa0  145       3       java.lang.String::toUpperCase (29 bytes)
Event: 0.467 Thread 0x0000025aa061bfa0 nmethod 145 0x0000025a8c7cc190 code [0x0000025a8c7cc360, 0x0000025a8c7cc618]
Event: 0.467 Thread 0x0000025aa061bfa0  146       3       java.util.Objects::nonNull (10 bytes)
Event: 0.467 Thread 0x0000025aa061bfa0 nmethod 146 0x0000025a8c7cc710 code [0x0000025a8c7cc8a0, 0x0000025a8c7cc9e0]
Event: 0.470 Thread 0x0000025aa061bfa0  147       3       sun.security.util.KnownOIDs::register (349 bytes)

GC Heap History (0 events):
No events

Dll operation events (2 events):
Event: 0.012 Loaded shared library C:\Program Files\JetBrains\IntelliJ IDEA Community Edition 2025.2.4\jbr\bin\java.dll
Event: 0.034 Loaded shared library C:\Program Files\JetBrains\IntelliJ IDEA Community Edition 2025.2.4\jbr\bin\zip.dll

Deoptimization events (0 events):
No events

Classes loaded (20 events):
Event: 0.436 Loading class sun/security/util/KnownOIDs$1
Event: 0.436 Loading class sun/security/util/KnownOIDs$1 done
Event: 0.436 Loading class sun/security/util/KnownOIDs$2
Event: 0.436 Loading class sun/security/util/KnownOIDs$2 done
Event: 0.437 Loading class sun/security/util/KnownOIDs$3
Event: 0.437 Loading class sun/security/util/KnownOIDs$3 done
Event: 0.438 Loading class sun/security/util/KnownOIDs$4
Event: 0.439 Loading class sun/security/util/KnownOIDs$4 done
Event: 0.439 Loading class sun/security/util/KnownOIDs$5
Event: 0.439 Loading class sun/security/util/KnownOIDs$5 done
Event: 0.439 Loading class sun/security/util/KnownOIDs$6
Event: 0.439 Loading class sun/security/util/KnownOIDs$6 done
Event: 0.439 Loading class sun/security/util/KnownOIDs$7
Event: 0.440 Loading class sun/security/util/KnownOIDs$7 done
Event: 0.440 Loading class sun/security/util/KnownOIDs$8
Event: 0.440 Loading class sun/security/util/KnownOIDs$8 done
Event: 0.440 Loading class sun/security/util/KnownOIDs$9
Event: 0.440 Loading class sun/security/util/KnownOIDs$9 done
Event: 0.440 Loading class sun/security/util/KnownOIDs$10
Event: 0.440 Loading class sun/security/util/KnownOIDs$10 done

Classes unloaded (0 events):
No events

Classes redefined (0 events):
No events

Internal exceptions (0 events):
No events

ZGC Phase Switch (0 events):
No events

VM Operations (4 events):
Event: 0.344 Executing VM operation: HandshakeAllThreads (Deoptimize)
Event: 0.344 Executing VM operation: HandshakeAllThreads (Deoptimize) done
Event: 0.372 Executing VM operation: HandshakeAllThreads (Deoptimize)
Event: 0.372 Executing VM operation: HandshakeAllThreads (Deoptimize) done

Memory protections (0 events):
No events

Nmethod flushes (0 events):
No events

Events (14 events):
Event: 0.031 Thread 0x0000025a865a0b20 Thread added: 0x0000025a865a0b20
Event: 0.175 Thread 0x0000025a865a0b20 Thread added: 0x0000025aa05e5880
Event: 0.188 Thread 0x0000025a865a0b20 Thread added: 0x0000025aa05e67f0
Event: 0.189 Thread 0x0000025a865a0b20 Thread added: 0x0000025aa05e9b60
Event: 0.192 Thread 0x0000025a865a0b20 Thread added: 0x0000025aa06115e0
Event: 0.192 Thread 0x0000025a865a0b20 Thread added: 0x0000025aa0612040
Event: 0.192 Thread 0x0000025a865a0b20 Thread added: 0x0000025aa0613240
Event: 0.192 Thread 0x0000025a865a0b20 Thread added: 0x0000025aa0604690
Event: 0.192 Thread 0x0000025a865a0b20 Thread added: 0x0000025aa0616920
Event: 0.192 Thread 0x0000025a865a0b20 Thread added: 0x0000025aa061bfa0
Event: 0.267 Thread 0x0000025a865a0b20 Thread added: 0x0000025aa07b4980
Event: 0.308 Loaded shared library C:\Program Files\JetBrains\IntelliJ IDEA Community Edition 2025.2.4\jbr\bin\net.dll
Event: 0.313 Loaded shared library C:\Program Files\JetBrains\IntelliJ IDEA Community Edition 2025.2.4\jbr\bin\nio.dll
Event: 0.334 Loaded shared library C:\Program Files\JetBrains\IntelliJ IDEA Community Edition 2025.2.4\jbr\bin\zip.dll


Dynamic libraries:
0x00007ff7a3ad0000 - 0x00007ff7a3ada000 	C:\Program Files\JetBrains\IntelliJ IDEA Community Edition 2025.2.4\jbr\bin\java.exe
0x00007ffb97670000 - 0x00007ffb97868000 	C:\Windows\SYSTEM32\ntdll.dll
0x00007ffb957b0000 - 0x00007ffb95872000 	C:\Windows\System32\KERNEL32.DLL
0x00007ffb95160000 - 0x00007ffb95456000 	C:\Windows\System32\KERNELBASE.dll
0x00007ffb94d00000 - 0x00007ffb94e00000 	C:\Windows\System32\ucrtbase.dll
0x00007ffb8f5a0000 - 0x00007ffb8f5bb000 	C:\Program Files\JetBrains\IntelliJ IDEA Community Edition 2025.2.4\jbr\bin\VCRUNTIME140.dll
0x00007ffb84510000 - 0x00007ffb84528000 	C:\Program Files\JetBrains\IntelliJ IDEA Community Edition 2025.2.4\jbr\bin\jli.dll
0x00007ffb96290000 - 0x00007ffb96431000 	C:\Windows\System32\USER32.dll
0x00007ffb955d0000 - 0x00007ffb955f2000 	C:\Windows\System32\win32u.dll
0x00007ffb85110000 - 0x00007ffb853ab000 	C:\Windows\WinSxS\amd64_microsoft.windows.common-controls_6595b64144ccf1df_6.0.19041.6456_none_60b8a6cb71f64256\COMCTL32.dll
0x00007ffb97530000 - 0x00007ffb975ce000 	C:\Windows\System32\msvcrt.dll
0x00007ffb96c40000 - 0x00007ffb96c6b000 	C:\Windows\System32\GDI32.dll
0x00007ffb95460000 - 0x00007ffb95579000 	C:\Windows\System32\gdi32full.dll
0x00007ffb950c0000 - 0x00007ffb9515d000 	C:\Windows\System32\msvcp_win.dll
0x00007ffb97500000 - 0x00007ffb9752f000 	C:\Windows\System32\IMM32.DLL
0x00007ffb8f590000 - 0x00007ffb8f59c000 	C:\Program Files\JetBrains\IntelliJ IDEA Community Edition 2025.2.4\jbr\bin\vcruntime140_1.dll
0x00007ffb729e0000 - 0x00007ffb72a6d000 	C:\Program Files\JetBrains\IntelliJ IDEA Community Edition 2025.2.4\jbr\bin\msvcp140.dll
0x00007ffb5ecc0000 - 0x00007ffb5fa8b000 	C:\Program Files\JetBrains\IntelliJ IDEA Community Edition 2025.2.4\jbr\bin\server\jvm.dll
0x00007ffb95690000 - 0x00007ffb95741000 	C:\Windows\System32\ADVAPI32.dll
0x00007ffb96e80000 - 0x00007ffb96f1f000 	C:\Windows\System32\sechost.dll
0x00007ffb97290000 - 0x00007ffb973b0000 	C:\Windows\System32\RPCRT4.dll
0x00007ffb94e00000 - 0x00007ffb94e27000 	C:\Windows\System32\bcrypt.dll
0x00007ffb97220000 - 0x00007ffb9728b000 	C:\Windows\System32\WS2_32.dll
0x00007ffb94b60000 - 0x00007ffb94bab000 	C:\Windows\SYSTEM32\POWRPROF.dll
0x00007ffb83350000 - 0x00007ffb83377000 	C:\Windows\SYSTEM32\WINMM.dll
0x00007ffb88ae0000 - 0x00007ffb88aea000 	C:\Windows\SYSTEM32\VERSION.dll
0x00007ffb94b40000 - 0x00007ffb94b52000 	C:\Windows\SYSTEM32\UMPDC.dll
0x00007ffb92b70000 - 0x00007ffb92b82000 	C:\Windows\SYSTEM32\kernel.appcore.dll
0x00007ffb8f580000 - 0x00007ffb8f58a000 	C:\Program Files\JetBrains\IntelliJ IDEA Community Edition 2025.2.4\jbr\bin\jimage.dll
0x00007ffb80cc0000 - 0x00007ffb80ec1000 	C:\Windows\SYSTEM32\DBGHELP.DLL
0x00007ffb7c9a0000 - 0x00007ffb7c9d4000 	C:\Windows\SYSTEM32\dbgcore.DLL
0x00007ffb95600000 - 0x00007ffb95682000 	C:\Windows\System32\bcryptPrimitives.dll
0x00007ffb8f560000 - 0x00007ffb8f580000 	C:\Program Files\JetBrains\IntelliJ IDEA Community Edition 2025.2.4\jbr\bin\java.dll
0x00007ffb8f540000 - 0x00007ffb8f558000 	C:\Program Files\JetBrains\IntelliJ IDEA Community Edition 2025.2.4\jbr\bin\zip.dll
0x00007ffb96440000 - 0x00007ffb96bb0000 	C:\Windows\System32\SHELL32.dll
0x00007ffb92d70000 - 0x00007ffb93515000 	C:\Windows\SYSTEM32\windows.storage.dll
0x00007ffb95a30000 - 0x00007ffb95d84000 	C:\Windows\System32\combase.dll
0x00007ffb94650000 - 0x00007ffb9467b000 	C:\Windows\SYSTEM32\Wldp.dll
0x00007ffb96db0000 - 0x00007ffb96e7d000 	C:\Windows\System32\OLEAUT32.dll
0x00007ffb97170000 - 0x00007ffb9721d000 	C:\Windows\System32\SHCORE.dll
0x00007ffb973c0000 - 0x00007ffb9741b000 	C:\Windows\System32\shlwapi.dll
0x00007ffb94c30000 - 0x00007ffb94c54000 	C:\Windows\SYSTEM32\profapi.dll
0x00007ffb8f530000 - 0x00007ffb8f540000 	C:\Program Files\JetBrains\IntelliJ IDEA Community Edition 2025.2.4\jbr\bin\net.dll
0x00007ffb891b0000 - 0x00007ffb892ba000 	C:\Windows\SYSTEM32\WINHTTP.dll
0x00007ffb943b0000 - 0x00007ffb9441a000 	C:\Windows\system32\mswsock.dll
0x00007ffb8f510000 - 0x00007ffb8f526000 	C:\Program Files\JetBrains\IntelliJ IDEA Community Edition 2025.2.4\jbr\bin\nio.dll

JVMTI agents: none

dbghelp: loaded successfully - version: 4.0.5 - missing functions: none
symbol engine: initialized successfully - sym options: 0x614 - pdb path: .;C:\Program Files\JetBrains\IntelliJ IDEA Community Edition 2025.2.4\jbr\bin;C:\Windows\SYSTEM32;C:\Windows\WinSxS\amd64_microsoft.windows.common-controls_6595b64144ccf1df_6.0.19041.6456_none_60b8a6cb71f64256;C:\Program Files\JetBrains\IntelliJ IDEA Community Edition 2025.2.4\jbr\bin\server

VM Arguments:
java_command: git4idea.http.GitAskPassApp Username for 'https://github.com': 
java_class_path (initial): C:/Program Files/JetBrains/IntelliJ IDEA Community Edition 2025.2.4/plugins/vcs-git/lib/git4idea-rt.jar;C:/Program Files/JetBrains/IntelliJ IDEA Community Edition 2025.2.4/lib/externalProcess-rt.jar
Launcher Type: SUN_STANDARD

[Global flags]
     intx CICompilerCount                          = 3                                         {product} {ergonomic}
     uint ConcGCThreads                            = 1                                         {product} {ergonomic}
     uint G1ConcRefinementThreads                  = 4                                         {product} {ergonomic}
   size_t G1HeapRegionSize                         = 1048576                                   {product} {ergonomic}
    uintx GCDrainStackTargetSize                   = 64                                        {product} {ergonomic}
   size_t InitialHeapSize                          = 134217728                                 {product} {ergonomic}
   size_t MarkStackSize                            = 4194304                                   {product} {ergonomic}
   size_t MaxHeapSize                              = 2124414976                                {product} {ergonomic}
   size_t MaxNewSize                               = 1274019840                                {product} {ergonomic}
   size_t MinHeapDeltaBytes                        = 1048576                                   {product} {ergonomic}
   size_t MinHeapSize                              = 8388608                                   {product} {ergonomic}
    uintx NonNMethodCodeHeapSize                   = 5832780                                {pd product} {ergonomic}
    uintx NonProfiledCodeHeapSize                  = 122912730                              {pd product} {ergonomic}
    uintx ProfiledCodeHeapSize                     = 122912730                              {pd product} {ergonomic}
    uintx ReservedCodeCacheSize                    = 251658240                              {pd product} {ergonomic}
     bool SegmentedCodeCache                       = true                                      {product} {ergonomic}
   size_t SoftMaxHeapSize                          = 2124414976                             {manageable} {ergonomic}
     bool UseCompressedOops                        = true                           {product lp64_product} {ergonomic}
     bool UseG1GC                                  = true                                      {product} {ergonomic}
     bool UseLargePagesIndividualAllocation        = false                                  {pd product} {ergonomic}

Logging:
Log output configuration:
 #0: stdout all=warning uptime,level,tags foldmultilines=false
 #1: stderr all=off uptime,level,tags foldmultilines=false

Environment Variables:
JAVA_HOME=C:\Program Files\Amazon Corretto\jdk21.0.9_10
PATH=C:/Program Files/Git/mingw64/libexec/git-core;C:/Program Files/Git/mingw64/libexec/git-core;C:\Program Files\Git\mingw64\bin;C:\Program Files\Git\usr\bin;C:\Users\User\bin;C:\Program Files\Amazon Corretto\jdk21.0.9_10\bin;C:\Windows\system32;C:\Windows;C:\Windows\System32\Wbem;C:\Windows\System32\WindowsPowerShell\v1.0\;C:\Windows\System32\OpenSSH\;C:\Program Files\Git\cmd;C:\Users\User\maven\apache-maven-3.9.11\bin;C:\Users\User\AppData\Local\Microsoft\WindowsApps;C:\Users\User\AppData\Local\GitHubDesktop\bin
USERNAME=User
DISPLAY=:0.0
LC_ALL=en_US.UTF-8
TERM=xterm-256color
TMPDIR=C:\Users\User\AppData\Local\Temp
OS=Windows_NT
PROCESSOR_IDENTIFIER=Intel64 Family 6 Model 61 Stepping 4, GenuineIntel
TMP=C:\Users\User\AppData\Local\Temp
TEMP=C:\Users\User\AppData\Local\Temp




Periodic native trim disabled

JNI global refs:
JNI global refs: 7, weak refs: 0

JNI global refs memory usage: 835, weak refs: 201

Process memory usage:
Resident Set Size: 37492K (0% of 8296828K total physical memory with 644268K free physical memory)

OOME stack traces (most recent first):
Classloader memory used:
Loader bootstrap                                                                       : 7320K
Loader jdk.internal.loader.ClassLoaders$AppClassLoader                                 : 25696B

---------------  S Y S T E M  ---------------

OS:
 Windows 10 , 64 bit Build 19041 (10.0.19041.5915)
OS uptime: 1 days 2:03 hours

CPU: total 4 (initial active 4) (2 cores per cpu, 2 threads per core) family 6 model 61 stepping 4 microcode 0x2d, cx8, cmov, fxsr, ht, mmx, 3dnowpref, sse, sse2, sse3, ssse3, sse4.1, sse4.2, popcnt, lzcnt, tsc, tscinvbit, avx, avx2, aes, erms, clmul, bmi1, bmi2, adx, fma, vzeroupper, clflush, rdtscp, f16c
Processor Information for the first 4 processors :
  Max Mhz: 2000, Current Mhz: 2000, Mhz Limit: 2000

Memory: 4k page, system-wide physical 8102M (629M free)
TotalPageFile size 8102M (AvailPageFile size 5M)
current process WorkingSet (physical memory assigned to process): 36M, peak: 36M
current process commit charge ("private bytes"): 196M, peak: 211M

vm_info: OpenJDK 64-Bit Server VM (21.0.8+1-b1038.73) for windows-amd64 JRE (21.0.8+1-b1038.73), built on 2025-09-24 by "builduser" with MS VC++ 16.10 / 16.11 (VS2019)

END.
